Warning: you requested the nanomsg event logger, but bmv2 was compiled without -DBMELOG, and the event logger cannot be activated
Calling target program-options parser
[17:35:31.960] [bmv2] [D] [thread 13722] Set default default entry for table 'tbl_repeater_without_table50': repeater_without_table50 - 
[17:35:32.000] [bmv2] [D] [thread 13722] Set default default entry for table 'tbl_repeater_without_table55': repeater_without_table55 - 
Adding interface s7-eth1 as port 1
[17:35:32.072] [bmv2] [D] [thread 13722] Adding interface s7-eth1 as port 1
Adding interface s7-eth2 as port 2
[17:35:32.154] [bmv2] [D] [thread 13722] Adding interface s7-eth2 as port 2
Adding interface s7-eth3 as port 3
[17:35:32.194] [bmv2] [D] [thread 13722] Adding interface s7-eth3 as port 3
Adding interface s7-eth4 as port 4
[17:35:32.223] [bmv2] [D] [thread 13722] Adding interface s7-eth4 as port 4
Adding interface s7-eth5 as port 5
[17:35:32.255] [bmv2] [D] [thread 13722] Adding interface s7-eth5 as port 5
Adding interface s7-eth6 as port 6
[17:35:32.290] [bmv2] [D] [thread 13722] Adding interface s7-eth6 as port 6
Adding interface s7-eth7 as port 7
[17:35:32.356] [bmv2] [D] [thread 13722] Adding interface s7-eth7 as port 7
Adding interface s7-eth8 as port 8
[17:35:32.424] [bmv2] [D] [thread 13722] Adding interface s7-eth8 as port 8
[17:35:32.471] [bmv2] [I] [thread 13722] Starting Thrift server on port 9097
[17:35:32.539] [bmv2] [I] [thread 13722] Thrift server was started
[17:35:33.948] [bmv2] [D] [thread 13736] [0.0] [cxt 0] Processing packet received on port 6
[17:35:33.958] [bmv2] [D] [thread 13736] [0.0] [cxt 0] Parser 'parser': start
[17:35:33.959] [bmv2] [D] [thread 13736] [0.0] [cxt 0] Parser 'parser' entering state 'start'
[17:35:33.960] [bmv2] [D] [thread 13736] [0.0] [cxt 0] Parser state 'start' has no switch, going to default next state
[17:35:33.961] [bmv2] [T] [thread 13736] [0.0] [cxt 0] Bytes parsed: 0
[17:35:33.970] [bmv2] [D] [thread 13736] [0.0] [cxt 0] Parser 'parser': end
[17:35:33.971] [bmv2] [D] [thread 13736] [0.0] [cxt 0] Pipeline 'ingress': start
[17:35:33.991] [bmv2] [T] [thread 13736] [0.0] [cxt 0] /home/p4/git/src/repeater_without_table.p4(49) Condition "standard_metadata.ingress_port == 1" (node_2) is false
[17:35:33.992] [bmv2] [T] [thread 13736] [0.0] [cxt 0] /home/p4/git/src/repeater_without_table.p4(54) Condition "standard_metadata.ingress_port == 2" (node_4) is false
[17:35:33.992] [bmv2] [D] [thread 13736] [0.0] [cxt 0] Pipeline 'ingress': end
[17:35:33.993] [bmv2] [D] [thread 13736] [0.0] [cxt 0] Egress port is 0
[17:35:34.012] [bmv2] [D] [thread 13737] [0.0] [cxt 0] Pipeline 'egress': start
[17:35:34.023] [bmv2] [D] [thread 13737] [0.0] [cxt 0] Pipeline 'egress': end
[17:35:34.023] [bmv2] [D] [thread 13737] [0.0] [cxt 0] Deparser 'deparser': start
[17:35:34.024] [bmv2] [D] [thread 13737] [0.0] [cxt 0] Deparser 'deparser': end
[17:35:34.031] [bmv2] [D] [thread 13741] [0.0] [cxt 0] Transmitting packet of size 70 out of port 0
[17:35:34.911] [bmv2] [D] [thread 13736] [1.0] [cxt 0] Processing packet received on port 6
[17:35:34.932] [bmv2] [D] [thread 13736] [1.0] [cxt 0] Parser 'parser': start
[17:35:34.933] [bmv2] [D] [thread 13736] [1.0] [cxt 0] Parser 'parser' entering state 'start'
[17:35:34.938] [bmv2] [D] [thread 13736] [1.0] [cxt 0] Parser state 'start' has no switch, going to default next state
[17:35:34.940] [bmv2] [T] [thread 13736] [1.0] [cxt 0] Bytes parsed: 0
[17:35:34.940] [bmv2] [D] [thread 13736] [1.0] [cxt 0] Parser 'parser': end
[17:35:34.950] [bmv2] [D] [thread 13736] [1.0] [cxt 0] Pipeline 'ingress': start
[17:35:34.951] [bmv2] [T] [thread 13736] [1.0] [cxt 0] /home/p4/git/src/repeater_without_table.p4(49) Condition "standard_metadata.ingress_port == 1" (node_2) is false
[17:35:34.951] [bmv2] [T] [thread 13736] [1.0] [cxt 0] /home/p4/git/src/repeater_without_table.p4(54) Condition "standard_metadata.ingress_port == 2" (node_4) is false
[17:35:34.951] [bmv2] [D] [thread 13736] [1.0] [cxt 0] Pipeline 'ingress': end
[17:35:34.952] [bmv2] [D] [thread 13736] [1.0] [cxt 0] Egress port is 0
[17:35:34.966] [bmv2] [D] [thread 13737] [1.0] [cxt 0] Pipeline 'egress': start
[17:35:34.966] [bmv2] [D] [thread 13737] [1.0] [cxt 0] Pipeline 'egress': end
[17:35:34.967] [bmv2] [D] [thread 13737] [1.0] [cxt 0] Deparser 'deparser': start
[17:35:34.967] [bmv2] [D] [thread 13737] [1.0] [cxt 0] Deparser 'deparser': end
[17:35:34.974] [bmv2] [D] [thread 13741] [1.0] [cxt 0] Transmitting packet of size 70 out of port 0
[17:35:37.227] [bmv2] [D] [thread 13736] [2.0] [cxt 0] Processing packet received on port 8
[17:35:37.228] [bmv2] [D] [thread 13736] [2.0] [cxt 0] Parser 'parser': start
[17:35:37.228] [bmv2] [D] [thread 13736] [2.0] [cxt 0] Parser 'parser' entering state 'start'
[17:35:37.228] [bmv2] [D] [thread 13736] [2.0] [cxt 0] Parser state 'start' has no switch, going to default next state
[17:35:37.228] [bmv2] [T] [thread 13736] [2.0] [cxt 0] Bytes parsed: 0
[17:35:37.228] [bmv2] [D] [thread 13736] [2.0] [cxt 0] Parser 'parser': end
[17:35:37.228] [bmv2] [D] [thread 13736] [2.0] [cxt 0] Pipeline 'ingress': start
[17:35:37.228] [bmv2] [T] [thread 13736] [2.0] [cxt 0] /home/p4/git/src/repeater_without_table.p4(49) Condition "standard_metadata.ingress_port == 1" (node_2) is false
[17:35:37.229] [bmv2] [T] [thread 13736] [2.0] [cxt 0] /home/p4/git/src/repeater_without_table.p4(54) Condition "standard_metadata.ingress_port == 2" (node_4) is false
[17:35:37.229] [bmv2] [D] [thread 13736] [2.0] [cxt 0] Pipeline 'ingress': end
[17:35:37.229] [bmv2] [D] [thread 13736] [2.0] [cxt 0] Egress port is 0
[17:35:37.234] [bmv2] [D] [thread 13737] [2.0] [cxt 0] Pipeline 'egress': start
[17:35:37.235] [bmv2] [D] [thread 13737] [2.0] [cxt 0] Pipeline 'egress': end
[17:35:37.235] [bmv2] [D] [thread 13737] [2.0] [cxt 0] Deparser 'deparser': start
[17:35:37.235] [bmv2] [D] [thread 13737] [2.0] [cxt 0] Deparser 'deparser': end
[17:35:37.244] [bmv2] [D] [thread 13741] [2.0] [cxt 0] Transmitting packet of size 70 out of port 0
[17:35:39.259] [bmv2] [D] [thread 13736] [3.0] [cxt 0] Processing packet received on port 7
[17:35:39.259] [bmv2] [D] [thread 13736] [3.0] [cxt 0] Parser 'parser': start
[17:35:39.259] [bmv2] [D] [thread 13736] [3.0] [cxt 0] Parser 'parser' entering state 'start'
[17:35:39.259] [bmv2] [D] [thread 13736] [3.0] [cxt 0] Parser state 'start' has no switch, going to default next state
[17:35:39.259] [bmv2] [T] [thread 13736] [3.0] [cxt 0] Bytes parsed: 0
[17:35:39.260] [bmv2] [D] [thread 13736] [3.0] [cxt 0] Parser 'parser': end
[17:35:39.260] [bmv2] [D] [thread 13736] [3.0] [cxt 0] Pipeline 'ingress': start
[17:35:39.260] [bmv2] [T] [thread 13736] [3.0] [cxt 0] /home/p4/git/src/repeater_without_table.p4(49) Condition "standard_metadata.ingress_port == 1" (node_2) is false
[17:35:39.260] [bmv2] [T] [thread 13736] [3.0] [cxt 0] /home/p4/git/src/repeater_without_table.p4(54) Condition "standard_metadata.ingress_port == 2" (node_4) is false
[17:35:39.260] [bmv2] [D] [thread 13736] [3.0] [cxt 0] Pipeline 'ingress': end
[17:35:39.261] [bmv2] [D] [thread 13736] [3.0] [cxt 0] Egress port is 0
[17:35:39.272] [bmv2] [D] [thread 13737] [3.0] [cxt 0] Pipeline 'egress': start
[17:35:39.283] [bmv2] [D] [thread 13737] [3.0] [cxt 0] Pipeline 'egress': end
[17:35:39.284] [bmv2] [D] [thread 13737] [3.0] [cxt 0] Deparser 'deparser': start
[17:35:39.284] [bmv2] [D] [thread 13737] [3.0] [cxt 0] Deparser 'deparser': end
[17:35:39.289] [bmv2] [D] [thread 13741] [3.0] [cxt 0] Transmitting packet of size 70 out of port 0
[17:35:41.314] [bmv2] [D] [thread 13736] [4.0] [cxt 0] Processing packet received on port 7
[17:35:41.315] [bmv2] [D] [thread 13736] [4.0] [cxt 0] Parser 'parser': start
[17:35:41.315] [bmv2] [D] [thread 13736] [4.0] [cxt 0] Parser 'parser' entering state 'start'
[17:35:41.315] [bmv2] [D] [thread 13736] [4.0] [cxt 0] Parser state 'start' has no switch, going to default next state
[17:35:41.315] [bmv2] [T] [thread 13736] [4.0] [cxt 0] Bytes parsed: 0
[17:35:41.315] [bmv2] [D] [thread 13736] [4.0] [cxt 0] Parser 'parser': end
[17:35:41.315] [bmv2] [D] [thread 13736] [4.0] [cxt 0] Pipeline 'ingress': start
[17:35:41.316] [bmv2] [T] [thread 13736] [4.0] [cxt 0] /home/p4/git/src/repeater_without_table.p4(49) Condition "standard_metadata.ingress_port == 1" (node_2) is false
[17:35:41.316] [bmv2] [T] [thread 13736] [4.0] [cxt 0] /home/p4/git/src/repeater_without_table.p4(54) Condition "standard_metadata.ingress_port == 2" (node_4) is false
[17:35:41.316] [bmv2] [D] [thread 13736] [4.0] [cxt 0] Pipeline 'ingress': end
[17:35:41.316] [bmv2] [D] [thread 13736] [4.0] [cxt 0] Egress port is 0
[17:35:41.329] [bmv2] [D] [thread 13737] [4.0] [cxt 0] Pipeline 'egress': start
[17:35:41.329] [bmv2] [D] [thread 13737] [4.0] [cxt 0] Pipeline 'egress': end
[17:35:41.329] [bmv2] [D] [thread 13737] [4.0] [cxt 0] Deparser 'deparser': start
[17:35:41.329] [bmv2] [D] [thread 13737] [4.0] [cxt 0] Deparser 'deparser': end
[17:35:41.334] [bmv2] [D] [thread 13741] [4.0] [cxt 0] Transmitting packet of size 70 out of port 0
[17:44:34.768] [bmv2] [D] [thread 13736] [5.0] [cxt 0] Processing packet received on port 8
[17:44:34.772] [bmv2] [D] [thread 13736] [5.0] [cxt 0] Parser 'parser': start
[17:44:34.774] [bmv2] [D] [thread 13736] [5.0] [cxt 0] Parser 'parser' entering state 'start'
[17:44:34.775] [bmv2] [D] [thread 13736] [5.0] [cxt 0] Parser state 'start' has no switch, going to default next state
[17:44:34.777] [bmv2] [T] [thread 13736] [5.0] [cxt 0] Bytes parsed: 0
[17:44:34.778] [bmv2] [D] [thread 13736] [5.0] [cxt 0] Parser 'parser': end
[17:44:34.779] [bmv2] [D] [thread 13736] [5.0] [cxt 0] Pipeline 'ingress': start
[17:44:34.782] [bmv2] [T] [thread 13736] [5.0] [cxt 0] /home/p4/git/src/repeater_without_table.p4(49) Condition "standard_metadata.ingress_port == 1" (node_2) is false
[17:44:34.785] [bmv2] [T] [thread 13736] [5.0] [cxt 0] /home/p4/git/src/repeater_without_table.p4(54) Condition "standard_metadata.ingress_port == 2" (node_4) is false
[17:44:34.786] [bmv2] [D] [thread 13736] [5.0] [cxt 0] Pipeline 'ingress': end
[17:44:34.787] [bmv2] [D] [thread 13736] [5.0] [cxt 0] Egress port is 0
[17:44:34.793] [bmv2] [D] [thread 13737] [5.0] [cxt 0] Pipeline 'egress': start
[17:44:34.795] [bmv2] [D] [thread 13737] [5.0] [cxt 0] Pipeline 'egress': end
[17:44:34.796] [bmv2] [D] [thread 13737] [5.0] [cxt 0] Deparser 'deparser': start
[17:44:34.797] [bmv2] [D] [thread 13737] [5.0] [cxt 0] Deparser 'deparser': end
[17:44:34.799] [bmv2] [D] [thread 13741] [5.0] [cxt 0] Transmitting packet of size 98 out of port 0
[17:44:44.850] [bmv2] [D] [thread 13736] [6.0] [cxt 0] Processing packet received on port 8
[17:44:44.850] [bmv2] [D] [thread 13736] [6.0] [cxt 0] Parser 'parser': start
[17:44:44.850] [bmv2] [D] [thread 13736] [6.0] [cxt 0] Parser 'parser' entering state 'start'
[17:44:44.850] [bmv2] [D] [thread 13736] [6.0] [cxt 0] Parser state 'start' has no switch, going to default next state
[17:44:44.851] [bmv2] [T] [thread 13736] [6.0] [cxt 0] Bytes parsed: 0
[17:44:44.851] [bmv2] [D] [thread 13736] [6.0] [cxt 0] Parser 'parser': end
[17:44:44.851] [bmv2] [D] [thread 13736] [6.0] [cxt 0] Pipeline 'ingress': start
[17:44:44.851] [bmv2] [T] [thread 13736] [6.0] [cxt 0] /home/p4/git/src/repeater_without_table.p4(49) Condition "standard_metadata.ingress_port == 1" (node_2) is false
[17:44:44.851] [bmv2] [T] [thread 13736] [6.0] [cxt 0] /home/p4/git/src/repeater_without_table.p4(54) Condition "standard_metadata.ingress_port == 2" (node_4) is false
[17:44:44.851] [bmv2] [D] [thread 13736] [6.0] [cxt 0] Pipeline 'ingress': end
[17:44:44.851] [bmv2] [D] [thread 13736] [6.0] [cxt 0] Egress port is 0
[17:44:44.852] [bmv2] [D] [thread 13737] [6.0] [cxt 0] Pipeline 'egress': start
[17:44:44.853] [bmv2] [D] [thread 13737] [6.0] [cxt 0] Pipeline 'egress': end
[17:44:44.853] [bmv2] [D] [thread 13737] [6.0] [cxt 0] Deparser 'deparser': start
[17:44:44.853] [bmv2] [D] [thread 13737] [6.0] [cxt 0] Deparser 'deparser': end
[17:44:44.855] [bmv2] [D] [thread 13741] [6.0] [cxt 0] Transmitting packet of size 98 out of port 0
[17:44:54.912] [bmv2] [D] [thread 13736] [7.0] [cxt 0] Processing packet received on port 8
[17:44:54.912] [bmv2] [D] [thread 13736] [7.0] [cxt 0] Parser 'parser': start
[17:44:54.913] [bmv2] [D] [thread 13736] [7.0] [cxt 0] Parser 'parser' entering state 'start'
[17:44:54.913] [bmv2] [D] [thread 13736] [7.0] [cxt 0] Parser state 'start' has no switch, going to default next state
[17:44:54.913] [bmv2] [T] [thread 13736] [7.0] [cxt 0] Bytes parsed: 0
[17:44:54.913] [bmv2] [D] [thread 13736] [7.0] [cxt 0] Parser 'parser': end
[17:44:54.913] [bmv2] [D] [thread 13736] [7.0] [cxt 0] Pipeline 'ingress': start
[17:44:54.916] [bmv2] [T] [thread 13736] [7.0] [cxt 0] /home/p4/git/src/repeater_without_table.p4(49) Condition "standard_metadata.ingress_port == 1" (node_2) is false
[17:44:54.916] [bmv2] [T] [thread 13736] [7.0] [cxt 0] /home/p4/git/src/repeater_without_table.p4(54) Condition "standard_metadata.ingress_port == 2" (node_4) is false
[17:44:54.916] [bmv2] [D] [thread 13736] [7.0] [cxt 0] Pipeline 'ingress': end
[17:44:54.916] [bmv2] [D] [thread 13736] [7.0] [cxt 0] Egress port is 0
[17:44:54.918] [bmv2] [D] [thread 13737] [7.0] [cxt 0] Pipeline 'egress': start
[17:44:54.919] [bmv2] [D] [thread 13737] [7.0] [cxt 0] Pipeline 'egress': end
[17:44:54.920] [bmv2] [D] [thread 13737] [7.0] [cxt 0] Deparser 'deparser': start
[17:44:54.920] [bmv2] [D] [thread 13737] [7.0] [cxt 0] Deparser 'deparser': end
[17:44:54.921] [bmv2] [D] [thread 13741] [7.0] [cxt 0] Transmitting packet of size 98 out of port 0
[17:45:04.973] [bmv2] [D] [thread 13736] [8.0] [cxt 0] Processing packet received on port 8
[17:45:04.976] [bmv2] [D] [thread 13736] [8.0] [cxt 0] Parser 'parser': start
[17:45:04.977] [bmv2] [D] [thread 13736] [8.0] [cxt 0] Parser 'parser' entering state 'start'
[17:45:04.977] [bmv2] [D] [thread 13736] [8.0] [cxt 0] Parser state 'start' has no switch, going to default next state
[17:45:04.977] [bmv2] [T] [thread 13736] [8.0] [cxt 0] Bytes parsed: 0
[17:45:04.977] [bmv2] [D] [thread 13736] [8.0] [cxt 0] Parser 'parser': end
[17:45:04.978] [bmv2] [D] [thread 13736] [8.0] [cxt 0] Pipeline 'ingress': start
[17:45:04.979] [bmv2] [T] [thread 13736] [8.0] [cxt 0] /home/p4/git/src/repeater_without_table.p4(49) Condition "standard_metadata.ingress_port == 1" (node_2) is false
[17:45:04.979] [bmv2] [T] [thread 13736] [8.0] [cxt 0] /home/p4/git/src/repeater_without_table.p4(54) Condition "standard_metadata.ingress_port == 2" (node_4) is false
[17:45:04.979] [bmv2] [D] [thread 13736] [8.0] [cxt 0] Pipeline 'ingress': end
[17:45:04.979] [bmv2] [D] [thread 13736] [8.0] [cxt 0] Egress port is 0
[17:45:04.980] [bmv2] [D] [thread 13737] [8.0] [cxt 0] Pipeline 'egress': start
[17:45:04.980] [bmv2] [D] [thread 13737] [8.0] [cxt 0] Pipeline 'egress': end
[17:45:04.980] [bmv2] [D] [thread 13737] [8.0] [cxt 0] Deparser 'deparser': start
[17:45:04.981] [bmv2] [D] [thread 13737] [8.0] [cxt 0] Deparser 'deparser': end
[17:45:04.982] [bmv2] [D] [thread 13741] [8.0] [cxt 0] Transmitting packet of size 98 out of port 0
[17:45:15.134] [bmv2] [D] [thread 13736] [9.0] [cxt 0] Processing packet received on port 8
[17:45:15.139] [bmv2] [D] [thread 13736] [9.0] [cxt 0] Parser 'parser': start
[17:45:15.141] [bmv2] [D] [thread 13736] [9.0] [cxt 0] Parser 'parser' entering state 'start'
[17:45:15.143] [bmv2] [D] [thread 13736] [9.0] [cxt 0] Parser state 'start' has no switch, going to default next state
[17:45:15.144] [bmv2] [T] [thread 13736] [9.0] [cxt 0] Bytes parsed: 0
[17:45:15.145] [bmv2] [D] [thread 13736] [9.0] [cxt 0] Parser 'parser': end
[17:45:15.147] [bmv2] [D] [thread 13736] [9.0] [cxt 0] Pipeline 'ingress': start
[17:45:15.152] [bmv2] [T] [thread 13736] [9.0] [cxt 0] /home/p4/git/src/repeater_without_table.p4(49) Condition "standard_metadata.ingress_port == 1" (node_2) is false
[17:45:15.155] [bmv2] [T] [thread 13736] [9.0] [cxt 0] /home/p4/git/src/repeater_without_table.p4(54) Condition "standard_metadata.ingress_port == 2" (node_4) is false
[17:45:15.156] [bmv2] [D] [thread 13736] [9.0] [cxt 0] Pipeline 'ingress': end
[17:45:15.158] [bmv2] [D] [thread 13736] [9.0] [cxt 0] Egress port is 0
[17:45:15.162] [bmv2] [D] [thread 13737] [9.0] [cxt 0] Pipeline 'egress': start
[17:45:15.163] [bmv2] [D] [thread 13737] [9.0] [cxt 0] Pipeline 'egress': end
[17:45:15.166] [bmv2] [D] [thread 13737] [9.0] [cxt 0] Deparser 'deparser': start
[17:45:15.167] [bmv2] [D] [thread 13737] [9.0] [cxt 0] Deparser 'deparser': end
[17:45:15.169] [bmv2] [D] [thread 13741] [9.0] [cxt 0] Transmitting packet of size 98 out of port 0
[17:45:25.172] [bmv2] [D] [thread 13736] [10.0] [cxt 0] Processing packet received on port 8
[17:45:25.172] [bmv2] [D] [thread 13736] [10.0] [cxt 0] Parser 'parser': start
[17:45:25.173] [bmv2] [D] [thread 13736] [10.0] [cxt 0] Parser 'parser' entering state 'start'
[17:45:25.173] [bmv2] [D] [thread 13736] [10.0] [cxt 0] Parser state 'start' has no switch, going to default next state
[17:45:25.173] [bmv2] [T] [thread 13736] [10.0] [cxt 0] Bytes parsed: 0
[17:45:25.173] [bmv2] [D] [thread 13736] [10.0] [cxt 0] Parser 'parser': end
[17:45:25.173] [bmv2] [D] [thread 13736] [10.0] [cxt 0] Pipeline 'ingress': start
[17:45:25.177] [bmv2] [T] [thread 13736] [10.0] [cxt 0] /home/p4/git/src/repeater_without_table.p4(49) Condition "standard_metadata.ingress_port == 1" (node_2) is false
[17:45:25.177] [bmv2] [T] [thread 13736] [10.0] [cxt 0] /home/p4/git/src/repeater_without_table.p4(54) Condition "standard_metadata.ingress_port == 2" (node_4) is false
[17:45:25.177] [bmv2] [D] [thread 13736] [10.0] [cxt 0] Pipeline 'ingress': end
[17:45:25.178] [bmv2] [D] [thread 13736] [10.0] [cxt 0] Egress port is 0
[17:45:25.180] [bmv2] [D] [thread 13737] [10.0] [cxt 0] Pipeline 'egress': start
[17:45:25.182] [bmv2] [D] [thread 13737] [10.0] [cxt 0] Pipeline 'egress': end
[17:45:25.183] [bmv2] [D] [thread 13737] [10.0] [cxt 0] Deparser 'deparser': start
[17:45:25.185] [bmv2] [D] [thread 13737] [10.0] [cxt 0] Deparser 'deparser': end
[17:45:25.186] [bmv2] [D] [thread 13741] [10.0] [cxt 0] Transmitting packet of size 98 out of port 0
