Warning: you requested the nanomsg event logger, but bmv2 was compiled without -DBMELOG, and the event logger cannot be activated
Calling target program-options parser
[17:52:07.559] [bmv2] [D] [thread 2712] Set default default entry for table 'MyIngress.ipv4_lpm': MyIngress.drop - 
[17:52:07.581] [bmv2] [D] [thread 2712] Set default default entry for table 'MyIngress.ecmp_group_to_nhop': NoAction - 
Adding interface s5-eth1 as port 1
[17:52:07.697] [bmv2] [D] [thread 2712] Adding interface s5-eth1 as port 1
Adding interface s5-eth2 as port 2
[17:52:07.765] [bmv2] [D] [thread 2712] Adding interface s5-eth2 as port 2
Adding interface s5-eth3 as port 3
[17:52:07.837] [bmv2] [D] [thread 2712] Adding interface s5-eth3 as port 3
Adding interface s5-eth4 as port 4
[17:52:07.864] [bmv2] [D] [thread 2712] Adding interface s5-eth4 as port 4
Adding interface s5-eth5 as port 5
[17:52:07.893] [bmv2] [D] [thread 2712] Adding interface s5-eth5 as port 5
Adding interface s5-eth6 as port 6
[17:52:07.923] [bmv2] [D] [thread 2712] Adding interface s5-eth6 as port 6
Adding interface s5-eth7 as port 7
[17:52:07.953] [bmv2] [D] [thread 2712] Adding interface s5-eth7 as port 7
Adding interface s5-eth8 as port 8
[17:52:07.992] [bmv2] [D] [thread 2712] Adding interface s5-eth8 as port 8
[17:52:08.032] [bmv2] [I] [thread 2712] Starting Thrift server on port 9095
[17:52:08.115] [bmv2] [I] [thread 2712] Thrift server was started
[17:52:09.349] [bmv2] [D] [thread 2726] [0.0] [cxt 0] Processing packet received on port 7
[17:52:09.395] [bmv2] [D] [thread 2726] [0.0] [cxt 0] Parser 'parser': start
[17:52:09.402] [bmv2] [D] [thread 2726] [0.0] [cxt 0] Parser 'parser' entering state 'start'
[17:52:09.404] [bmv2] [D] [thread 2726] [0.0] [cxt 0] Extracting header 'ethernet'
[17:52:09.430] [bmv2] [D] [thread 2726] [0.0] [cxt 0] Parser state 'start': key is 86dd
[17:52:09.432] [bmv2] [T] [thread 2726] [0.0] [cxt 0] Bytes parsed: 14
[17:52:09.432] [bmv2] [D] [thread 2726] [0.0] [cxt 0] Parser 'parser': end
[17:52:09.433] [bmv2] [D] [thread 2726] [0.0] [cxt 0] Pipeline 'ingress': start
[17:52:09.465] [bmv2] [T] [thread 2726] [0.0] [cxt 0] /home/p4/git/src/p4src/main.p4(83) Condition "hdr.ipv4.isValid()" (node_2) is false
[17:52:09.465] [bmv2] [D] [thread 2726] [0.0] [cxt 0] Pipeline 'ingress': end
[17:52:09.474] [bmv2] [D] [thread 2726] [0.0] [cxt 0] Egress port is 0
[17:52:09.492] [bmv2] [D] [thread 2727] [0.0] [cxt 0] Pipeline 'egress': start
[17:52:09.492] [bmv2] [D] [thread 2727] [0.0] [cxt 0] Pipeline 'egress': end
[17:52:09.493] [bmv2] [D] [thread 2727] [0.0] [cxt 0] Deparser 'deparser': start
[17:52:09.493] [bmv2] [T] [thread 2727] [0.0] [cxt 0] Skipping checksum 'cksum' update because condition not met
[17:52:09.494] [bmv2] [D] [thread 2727] [0.0] [cxt 0] Deparsing header 'ethernet'
[17:52:09.508] [bmv2] [D] [thread 2726] [1.0] [cxt 0] Processing packet received on port 1
[17:52:09.509] [bmv2] [D] [thread 2726] [1.0] [cxt 0] Parser 'parser': start
[17:52:09.509] [bmv2] [D] [thread 2726] [1.0] [cxt 0] Parser 'parser' entering state 'start'
[17:52:09.509] [bmv2] [D] [thread 2726] [1.0] [cxt 0] Extracting header 'ethernet'
[17:52:09.509] [bmv2] [D] [thread 2726] [1.0] [cxt 0] Parser state 'start': key is 86dd
[17:52:09.510] [bmv2] [D] [thread 2727] [0.0] [cxt 0] Deparser 'deparser': end
[17:52:09.511] [bmv2] [D] [thread 2731] [0.0] [cxt 0] Transmitting packet of size 70 out of port 0
[17:52:09.526] [bmv2] [T] [thread 2726] [1.0] [cxt 0] Bytes parsed: 14
[17:52:09.527] [bmv2] [D] [thread 2726] [1.0] [cxt 0] Parser 'parser': end
[17:52:09.527] [bmv2] [D] [thread 2726] [1.0] [cxt 0] Pipeline 'ingress': start
[17:52:09.527] [bmv2] [T] [thread 2726] [1.0] [cxt 0] /home/p4/git/src/p4src/main.p4(83) Condition "hdr.ipv4.isValid()" (node_2) is false
[17:52:09.527] [bmv2] [D] [thread 2726] [1.0] [cxt 0] Pipeline 'ingress': end
[17:52:09.527] [bmv2] [D] [thread 2726] [1.0] [cxt 0] Egress port is 0
[17:52:09.530] [bmv2] [D] [thread 2727] [1.0] [cxt 0] Pipeline 'egress': start
[17:52:09.531] [bmv2] [D] [thread 2727] [1.0] [cxt 0] Pipeline 'egress': end
[17:52:09.531] [bmv2] [D] [thread 2727] [1.0] [cxt 0] Deparser 'deparser': start
[17:52:09.531] [bmv2] [T] [thread 2727] [1.0] [cxt 0] Skipping checksum 'cksum' update because condition not met
[17:52:09.531] [bmv2] [D] [thread 2727] [1.0] [cxt 0] Deparsing header 'ethernet'
[17:52:09.531] [bmv2] [D] [thread 2727] [1.0] [cxt 0] Deparser 'deparser': end
[17:52:09.542] [bmv2] [D] [thread 2731] [1.0] [cxt 0] Transmitting packet of size 70 out of port 0
[17:52:15.429] [bmv2] [D] [thread 2726] [2.0] [cxt 0] Processing packet received on port 2
[17:52:15.430] [bmv2] [D] [thread 2726] [2.0] [cxt 0] Parser 'parser': start
[17:52:15.434] [bmv2] [D] [thread 2726] [2.0] [cxt 0] Parser 'parser' entering state 'start'
[17:52:15.434] [bmv2] [D] [thread 2726] [2.0] [cxt 0] Extracting header 'ethernet'
[17:52:15.434] [bmv2] [D] [thread 2726] [2.0] [cxt 0] Parser state 'start': key is 86dd
[17:52:15.435] [bmv2] [T] [thread 2726] [2.0] [cxt 0] Bytes parsed: 14
[17:52:15.435] [bmv2] [D] [thread 2726] [2.0] [cxt 0] Parser 'parser': end
[17:52:15.435] [bmv2] [D] [thread 2726] [2.0] [cxt 0] Pipeline 'ingress': start
[17:52:15.435] [bmv2] [T] [thread 2726] [2.0] [cxt 0] /home/p4/git/src/p4src/main.p4(83) Condition "hdr.ipv4.isValid()" (node_2) is false
[17:52:15.435] [bmv2] [D] [thread 2726] [2.0] [cxt 0] Pipeline 'ingress': end
[17:52:15.436] [bmv2] [D] [thread 2726] [2.0] [cxt 0] Egress port is 0
[17:52:15.449] [bmv2] [D] [thread 2727] [2.0] [cxt 0] Pipeline 'egress': start
[17:52:15.449] [bmv2] [D] [thread 2727] [2.0] [cxt 0] Pipeline 'egress': end
[17:52:15.450] [bmv2] [D] [thread 2727] [2.0] [cxt 0] Deparser 'deparser': start
[17:52:15.469] [bmv2] [T] [thread 2727] [2.0] [cxt 0] Skipping checksum 'cksum' update because condition not met
[17:52:15.469] [bmv2] [D] [thread 2727] [2.0] [cxt 0] Deparsing header 'ethernet'
[17:52:15.470] [bmv2] [D] [thread 2727] [2.0] [cxt 0] Deparser 'deparser': end
[17:52:15.470] [bmv2] [D] [thread 2731] [2.0] [cxt 0] Transmitting packet of size 70 out of port 0
[17:52:19.532] [bmv2] [D] [thread 2726] [3.0] [cxt 0] Processing packet received on port 3
[17:52:19.532] [bmv2] [D] [thread 2726] [3.0] [cxt 0] Parser 'parser': start
[17:52:19.532] [bmv2] [D] [thread 2726] [3.0] [cxt 0] Parser 'parser' entering state 'start'
[17:52:19.532] [bmv2] [D] [thread 2726] [3.0] [cxt 0] Extracting header 'ethernet'
[17:52:19.533] [bmv2] [D] [thread 2726] [3.0] [cxt 0] Parser state 'start': key is 86dd
[17:52:19.533] [bmv2] [T] [thread 2726] [3.0] [cxt 0] Bytes parsed: 14
[17:52:19.533] [bmv2] [D] [thread 2726] [3.0] [cxt 0] Parser 'parser': end
[17:52:19.533] [bmv2] [D] [thread 2726] [3.0] [cxt 0] Pipeline 'ingress': start
[17:52:19.533] [bmv2] [T] [thread 2726] [3.0] [cxt 0] /home/p4/git/src/p4src/main.p4(83) Condition "hdr.ipv4.isValid()" (node_2) is false
[17:52:19.534] [bmv2] [D] [thread 2726] [3.0] [cxt 0] Pipeline 'ingress': end
[17:52:19.563] [bmv2] [D] [thread 2726] [3.0] [cxt 0] Egress port is 0
[17:52:19.575] [bmv2] [D] [thread 2727] [3.0] [cxt 0] Pipeline 'egress': start
[17:52:19.575] [bmv2] [D] [thread 2727] [3.0] [cxt 0] Pipeline 'egress': end
[17:52:19.575] [bmv2] [D] [thread 2727] [3.0] [cxt 0] Deparser 'deparser': start
[17:52:19.575] [bmv2] [T] [thread 2727] [3.0] [cxt 0] Skipping checksum 'cksum' update because condition not met
[17:52:19.576] [bmv2] [D] [thread 2727] [3.0] [cxt 0] Deparsing header 'ethernet'
[17:52:19.576] [bmv2] [D] [thread 2727] [3.0] [cxt 0] Deparser 'deparser': end
[17:52:19.600] [bmv2] [D] [thread 2731] [3.0] [cxt 0] Transmitting packet of size 70 out of port 0
[17:52:21.558] [bmv2] [D] [thread 2726] [4.0] [cxt 0] Processing packet received on port 3
[17:52:21.563] [bmv2] [D] [thread 2726] [4.0] [cxt 0] Parser 'parser': start
[17:52:21.564] [bmv2] [D] [thread 2726] [4.0] [cxt 0] Parser 'parser' entering state 'start'
[17:52:21.564] [bmv2] [D] [thread 2726] [4.0] [cxt 0] Extracting header 'ethernet'
[17:52:21.565] [bmv2] [D] [thread 2726] [4.0] [cxt 0] Parser state 'start': key is 86dd
[17:52:21.565] [bmv2] [T] [thread 2726] [4.0] [cxt 0] Bytes parsed: 14
[17:52:21.565] [bmv2] [D] [thread 2726] [4.0] [cxt 0] Parser 'parser': end
[17:52:21.565] [bmv2] [D] [thread 2726] [4.0] [cxt 0] Pipeline 'ingress': start
[17:52:21.566] [bmv2] [T] [thread 2726] [4.0] [cxt 0] /home/p4/git/src/p4src/main.p4(83) Condition "hdr.ipv4.isValid()" (node_2) is false
[17:52:21.589] [bmv2] [D] [thread 2726] [4.0] [cxt 0] Pipeline 'ingress': end
[17:52:21.589] [bmv2] [D] [thread 2726] [4.0] [cxt 0] Egress port is 0
[17:52:21.595] [bmv2] [D] [thread 2727] [4.0] [cxt 0] Pipeline 'egress': start
[17:52:21.595] [bmv2] [D] [thread 2727] [4.0] [cxt 0] Pipeline 'egress': end
[17:52:21.595] [bmv2] [D] [thread 2727] [4.0] [cxt 0] Deparser 'deparser': start
[17:52:21.596] [bmv2] [T] [thread 2727] [4.0] [cxt 0] Skipping checksum 'cksum' update because condition not met
[17:52:21.596] [bmv2] [D] [thread 2727] [4.0] [cxt 0] Deparsing header 'ethernet'
[17:52:21.596] [bmv2] [D] [thread 2727] [4.0] [cxt 0] Deparser 'deparser': end
[17:52:21.616] [bmv2] [D] [thread 2731] [4.0] [cxt 0] Transmitting packet of size 70 out of port 0
[17:52:21.619] [bmv2] [D] [thread 2726] [5.0] [cxt 0] Processing packet received on port 2
[17:52:21.620] [bmv2] [D] [thread 2726] [5.0] [cxt 0] Parser 'parser': start
[17:52:21.620] [bmv2] [D] [thread 2726] [5.0] [cxt 0] Parser 'parser' entering state 'start'
[17:52:21.620] [bmv2] [D] [thread 2726] [5.0] [cxt 0] Extracting header 'ethernet'
[17:52:21.633] [bmv2] [D] [thread 2726] [5.0] [cxt 0] Parser state 'start': key is 86dd
[17:52:21.644] [bmv2] [T] [thread 2726] [5.0] [cxt 0] Bytes parsed: 14
[17:52:21.645] [bmv2] [D] [thread 2726] [5.0] [cxt 0] Parser 'parser': end
[17:52:21.645] [bmv2] [D] [thread 2726] [5.0] [cxt 0] Pipeline 'ingress': start
[17:52:21.645] [bmv2] [T] [thread 2726] [5.0] [cxt 0] /home/p4/git/src/p4src/main.p4(83) Condition "hdr.ipv4.isValid()" (node_2) is false
[17:52:21.645] [bmv2] [D] [thread 2726] [5.0] [cxt 0] Pipeline 'ingress': end
[17:52:21.650] [bmv2] [D] [thread 2726] [5.0] [cxt 0] Egress port is 0
[17:52:21.654] [bmv2] [D] [thread 2727] [5.0] [cxt 0] Pipeline 'egress': start
[17:52:21.655] [bmv2] [D] [thread 2727] [5.0] [cxt 0] Pipeline 'egress': end
[17:52:21.655] [bmv2] [D] [thread 2727] [5.0] [cxt 0] Deparser 'deparser': start
[17:52:21.655] [bmv2] [T] [thread 2727] [5.0] [cxt 0] Skipping checksum 'cksum' update because condition not met
[17:52:21.655] [bmv2] [D] [thread 2727] [5.0] [cxt 0] Deparsing header 'ethernet'
[17:52:21.655] [bmv2] [D] [thread 2727] [5.0] [cxt 0] Deparser 'deparser': end
[17:52:21.664] [bmv2] [D] [thread 2731] [5.0] [cxt 0] Transmitting packet of size 70 out of port 0
[17:52:27.703] [bmv2] [D] [thread 2726] [6.0] [cxt 0] Processing packet received on port 4
[17:52:27.703] [bmv2] [D] [thread 2726] [6.0] [cxt 0] Parser 'parser': start
[17:52:27.704] [bmv2] [D] [thread 2726] [6.0] [cxt 0] Parser 'parser' entering state 'start'
[17:52:27.704] [bmv2] [D] [thread 2726] [6.0] [cxt 0] Extracting header 'ethernet'
[17:52:27.704] [bmv2] [D] [thread 2726] [6.0] [cxt 0] Parser state 'start': key is 86dd
[17:52:27.704] [bmv2] [T] [thread 2726] [6.0] [cxt 0] Bytes parsed: 14
[17:52:27.704] [bmv2] [D] [thread 2726] [6.0] [cxt 0] Parser 'parser': end
[17:52:27.704] [bmv2] [D] [thread 2726] [6.0] [cxt 0] Pipeline 'ingress': start
[17:52:27.714] [bmv2] [T] [thread 2726] [6.0] [cxt 0] /home/p4/git/src/p4src/main.p4(83) Condition "hdr.ipv4.isValid()" (node_2) is false
[17:52:27.715] [bmv2] [D] [thread 2726] [6.0] [cxt 0] Pipeline 'ingress': end
[17:52:27.715] [bmv2] [D] [thread 2726] [6.0] [cxt 0] Egress port is 0
[17:52:27.728] [bmv2] [D] [thread 2727] [6.0] [cxt 0] Pipeline 'egress': start
[17:52:27.728] [bmv2] [D] [thread 2727] [6.0] [cxt 0] Pipeline 'egress': end
[17:52:27.728] [bmv2] [D] [thread 2727] [6.0] [cxt 0] Deparser 'deparser': start
[17:52:27.729] [bmv2] [T] [thread 2727] [6.0] [cxt 0] Skipping checksum 'cksum' update because condition not met
[17:52:27.729] [bmv2] [D] [thread 2727] [6.0] [cxt 0] Deparsing header 'ethernet'
[17:52:27.729] [bmv2] [D] [thread 2727] [6.0] [cxt 0] Deparser 'deparser': end
[17:52:27.741] [bmv2] [D] [thread 2731] [6.0] [cxt 0] Transmitting packet of size 70 out of port 0
[17:52:29.751] [bmv2] [D] [thread 2726] [7.0] [cxt 0] Processing packet received on port 6
[17:52:29.751] [bmv2] [D] [thread 2726] [7.0] [cxt 0] Parser 'parser': start
[17:52:29.752] [bmv2] [D] [thread 2726] [7.0] [cxt 0] Parser 'parser' entering state 'start'
[17:52:29.752] [bmv2] [D] [thread 2726] [7.0] [cxt 0] Extracting header 'ethernet'
[17:52:29.753] [bmv2] [D] [thread 2726] [7.0] [cxt 0] Parser state 'start': key is 86dd
[17:52:29.753] [bmv2] [T] [thread 2726] [7.0] [cxt 0] Bytes parsed: 14
[17:52:29.753] [bmv2] [D] [thread 2726] [7.0] [cxt 0] Parser 'parser': end
[17:52:29.753] [bmv2] [D] [thread 2726] [7.0] [cxt 0] Pipeline 'ingress': start
[17:52:29.753] [bmv2] [T] [thread 2726] [7.0] [cxt 0] /home/p4/git/src/p4src/main.p4(83) Condition "hdr.ipv4.isValid()" (node_2) is false
[17:52:29.753] [bmv2] [D] [thread 2726] [7.0] [cxt 0] Pipeline 'ingress': end
[17:52:29.754] [bmv2] [D] [thread 2726] [7.0] [cxt 0] Egress port is 0
[17:52:29.769] [bmv2] [D] [thread 2727] [7.0] [cxt 0] Pipeline 'egress': start
[17:52:29.770] [bmv2] [D] [thread 2727] [7.0] [cxt 0] Pipeline 'egress': end
[17:52:29.780] [bmv2] [D] [thread 2727] [7.0] [cxt 0] Deparser 'deparser': start
[17:52:29.781] [bmv2] [T] [thread 2727] [7.0] [cxt 0] Skipping checksum 'cksum' update because condition not met
[17:52:29.781] [bmv2] [D] [thread 2727] [7.0] [cxt 0] Deparsing header 'ethernet'
[17:52:29.781] [bmv2] [D] [thread 2727] [7.0] [cxt 0] Deparser 'deparser': end
[17:52:29.794] [bmv2] [D] [thread 2731] [7.0] [cxt 0] Transmitting packet of size 70 out of port 0
[17:52:31.807] [bmv2] [D] [thread 2726] [8.0] [cxt 0] Processing packet received on port 7
[17:52:31.807] [bmv2] [D] [thread 2726] [8.0] [cxt 0] Parser 'parser': start
[17:52:31.807] [bmv2] [D] [thread 2726] [8.0] [cxt 0] Parser 'parser' entering state 'start'
[17:52:31.807] [bmv2] [D] [thread 2726] [8.0] [cxt 0] Extracting header 'ethernet'
[17:52:31.813] [bmv2] [D] [thread 2726] [8.0] [cxt 0] Parser state 'start': key is 86dd
[17:52:31.813] [bmv2] [T] [thread 2726] [8.0] [cxt 0] Bytes parsed: 14
[17:52:31.814] [bmv2] [D] [thread 2726] [8.0] [cxt 0] Parser 'parser': end
[17:52:31.818] [bmv2] [D] [thread 2726] [8.0] [cxt 0] Pipeline 'ingress': start
[17:52:31.819] [bmv2] [T] [thread 2726] [8.0] [cxt 0] /home/p4/git/src/p4src/main.p4(83) Condition "hdr.ipv4.isValid()" (node_2) is false
[17:52:31.819] [bmv2] [D] [thread 2726] [8.0] [cxt 0] Pipeline 'ingress': end
[17:52:31.819] [bmv2] [D] [thread 2726] [8.0] [cxt 0] Egress port is 0
[17:52:31.830] [bmv2] [D] [thread 2727] [8.0] [cxt 0] Pipeline 'egress': start
[17:52:31.832] [bmv2] [D] [thread 2727] [8.0] [cxt 0] Pipeline 'egress': end
[17:52:31.832] [bmv2] [D] [thread 2727] [8.0] [cxt 0] Deparser 'deparser': start
[17:52:31.832] [bmv2] [T] [thread 2727] [8.0] [cxt 0] Skipping checksum 'cksum' update because condition not met
[17:52:31.833] [bmv2] [D] [thread 2727] [8.0] [cxt 0] Deparsing header 'ethernet'
[17:52:31.833] [bmv2] [D] [thread 2727] [8.0] [cxt 0] Deparser 'deparser': end
[17:52:31.835] [bmv2] [D] [thread 2731] [8.0] [cxt 0] Transmitting packet of size 70 out of port 0
[17:56:07.652] [bmv2] [T] [thread 4694] bm_get_config
[17:56:07.672] [bmv2] [T] [thread 4694] bm_mt_get_entries
[17:56:07.681] [bmv2] [T] [thread 4694] bm_mt_get_entries
[17:56:07.949] [bmv2] [T] [thread 4694] bm_reset_state
[17:56:07.965] [bmv2] [D] [thread 4694] Resetting simple_switch target-specific state
[17:56:07.968] [bmv2] [D] [thread 4694] resetting PRE state
[17:56:08.157] [bmv2] [T] [thread 4694] bm_set_default_action
[17:56:08.167] [bmv2] [D] [thread 4694] Set default entry for table 'MyIngress.ipv4_lpm': MyIngress.drop - 
[17:56:08.176] [bmv2] [T] [thread 4694] bm_set_default_action
[17:56:08.177] [bmv2] [D] [thread 4694] Set default entry for table 'MyIngress.ecmp_group_to_nhop': MyIngress.drop - 
[17:56:09.987] [bmv2] [T] [thread 4694] bm_table_add_entry
[17:56:10.006] [bmv2] [D] [thread 4694] Entry 0 added to table 'MyIngress.ipv4_lpm'
[17:56:10.016] [bmv2] [D] [thread 4694] Dumping entry 0
Match key:
* hdr.ipv4.dstAddr    : LPM       0a000000/24
Action entry: MyIngress.set_nhop - a21154e5460,1,

[17:56:10.042] [bmv2] [T] [thread 4694] bm_table_add_entry
[17:56:10.044] [bmv2] [E] [thread 4694] Error when trying to add entry to table 'MyIngress.ipv4_lpm': DUPLICATE_ENTRY
[17:56:10.081] [bmv2] [T] [thread 4694] bm_table_add_entry
[17:56:10.082] [bmv2] [E] [thread 4694] Error when trying to add entry to table 'MyIngress.ipv4_lpm': DUPLICATE_ENTRY
[17:56:10.101] [bmv2] [T] [thread 4694] bm_table_add_entry
[17:56:10.102] [bmv2] [E] [thread 4694] Error when trying to add entry to table 'MyIngress.ipv4_lpm': DUPLICATE_ENTRY
[17:56:10.122] [bmv2] [T] [thread 4694] bm_table_add_entry
[17:56:10.123] [bmv2] [E] [thread 4694] Error when trying to add entry to table 'MyIngress.ipv4_lpm': DUPLICATE_ENTRY
[17:56:10.147] [bmv2] [T] [thread 4694] bm_table_add_entry
[17:56:10.148] [bmv2] [D] [thread 4694] Entry 1 added to table 'MyIngress.ipv4_lpm'
[17:56:10.148] [bmv2] [D] [thread 4694] Dumping entry 1
Match key:
* hdr.ipv4.dstAddr    : LPM       0a000005/32
Action entry: MyIngress.set_nhop - a000005,6,

[17:56:10.174] [bmv2] [T] [thread 4694] bm_table_add_entry
[17:56:10.175] [bmv2] [E] [thread 4694] Error when trying to add entry to table 'MyIngress.ipv4_lpm': DUPLICATE_ENTRY
[17:56:10.198] [bmv2] [T] [thread 4694] bm_table_add_entry
[17:56:10.199] [bmv2] [E] [thread 4694] Error when trying to add entry to table 'MyIngress.ipv4_lpm': DUPLICATE_ENTRY
open: No such file or directory
open: No such file or directory
open: No such file or directory
open: No such file or directory
open: No such file or directory
open: No such file or directory
open: No such file or directory
open: No such file or directory
open: No such file or directory
open: No such file or directory
open: No such file or directory
open: No such file or directory
open: No such file or directory
open: No such file or directory
open: No such file or directory
open: No such file or directory
open: No such file or directory
open: No such file or directory
open: No such file or directory
open: No such file or directory
open: No such file or directory
open: No such file or directory
open: No such file or directory
open: No such file or directory
open: No such file or directory
open: No such file or directory
open: No such file or directory
open: No such file or directory
open: No such file or directory
open: No such file or directory
open: No such file or directory
open: No such file or directory
open: No such file or directory
open: No such file or directory
open: No such file or directory
open: No such file or directory
open: No such file or directory
open: No such file or directory
open: No such file or directory
open: No such file or directory
open: No such file or directory
open: No such file or directory
open: No such file or directory
open: No such file or directory
open: No such file or directory
open: No such file or directory
open: No such file or directory
open: No such file or directory
open: No such file or directory
open: No such file or directory
open: No such file or directory
open: No such file or directory
open: No such file or directory
open: No such file or directory
open: No such file or directory
open: No such file or directory
open: No such file or directory
open: No such file or directory
open: No such file or directory
open: No such file or directory
open: No such file or directory
open: No such file or directory
open: No such file or directory
open: No such file or directory
open: No such file or directory
open: No such file or directory
open: No such file or directory
open: No such file or directory
open: No such file or directory
open: No such file or directory
open: No such file or directory
open: No such file or directory
open: No such file or directory
open: No such file or directory
open: No such file or directory
open: No such file or directory
open: No such file or directory
open: No such file or directory
open: No such file or directory
open: No such file or directory
open: No such file or directory
open: No such file or directory
open: No such file or directory
open: No such file or directory
open: No such file or directory
open: No such file or directory
open: No such file or directory
open: No such file or directory
open: No such file or directory
open: No such file or directory
open: No such file or directory
open: No such file or directory
open: No such file or directory
open: No such file or directory
open: No such file or directory
open: No such file or directory
open: No such file or directory
open: No such file or directory
open: No such file or directory
open: No such file or directory
open: No such file or directory
open: No such file or directory
open: No such file or directory
open: No such file or directory
open: No such file or directory
open: No such file or directory
open: No such file or directory
open: No such file or directory
open: No such file or directory
open: No such file or directory
open: No such file or directory
open: No such file or directory
open: No such file or directory
open: No such file or directory
open: No such file or directory
open: No such file or directory
open: No such file or directory
open: No such file or directory
open: No such file or directory
open: No such file or directory
open: No such file or directory
open: No such file or directory
open: No such file or directory
open: No such file or directory
open: No such file or directory
open: No such file or directory
open: No such file or directory
open: No such file or directory
open: No such file or directory
open: No such file or directory
open: No such file or directory
open: No such file or directory
open: No such file or directory
open: No such file or directory
open: No such file or directory
open: No such file or directory
open: No such file or directory
open: No such file or directory
open: No such file or directory
open: No such file or directory
open: No such file or directory
open: No such file or directory
open: No such file or directory
open: No such file or directory
open: No such file or directory
open: No such file or directory
open: No such file or directory
open: No such file or directory
open: No such file or directory
open: No such file or directory
open: No such file or directory
open: No such file or directory
open: No such file or directory
open: No such file or directory
open: No such file or directory
open: No such file or directory
open: No such file or directory
open: No such file or directory
open: No such file or directory
open: No such file or directory
open: No such file or directory
open: No such file or directory
open: No such file or directory
open: No such file or directory
open: No such file or directory
open: No such file or directory
open: No such file or directory
open: No such file or directory
open: No such file or directory
open: No such file or directory
open: No such file or directory
open: No such file or directory
open: No such file or directory
open: No such file or directory
open: No such file or directory
open: No such file or directory
open: No such file or directory
open: No such file or directory
open: No such file or directory
open: No such file or directory
open: No such file or directory
open: No such file or directory
open: No such file or directory
open: No such file or directory
open: No such file or directory
open: No such file or directory
open: No such file or directory
open: No such file or directory
open: No such file or directory
open: No such file or directory
open: No such file or directory
open: No such file or directory
open: No such file or directory
open: No such file or directory
open: No such file or directory
open: No such file or directory
open: No such file or directory
open: No such file or directory
open: No such file or directory
open: No such file or directory
open: No such file or directory
open: No such file or directory
open: No such file or directory
open: No such file or directory
open: No such file or directory
open: No such file or directory
open: No such file or directory
open: No such file or directory
open: No such file or directory
open: No such file or directory
open: No such file or directory
open: No such file or directory
open: No such file or directory
open: No such file or directory
open: No such file or directory
open: No such file or directory
open: No such file or directory
open: No such file or directory
open: No such file or directory
open: No such file or directory
open: No such file or directory
open: No such file or directory
open: No such file or directory
open: No such file or directory
open: No such file or directory
open: No such file or directory
open: No such file or directory
open: No such file or directory
open: No such file or directory
open: No such file or directory
open: No such file or directory
open: No such file or directory
open: No such file or directory
open: No such file or directory
open: No such file or directory
open: No such file or directory
open: No such file or directory
open: No such file or directory
open: No such file or directory
open: No such file or directory
open: No such file or directory
open: No such file or directory
open: No such file or directory
open: No such file or directory
open: No such file or directory
open: No such file or directory
open: No such file or directory
open: No such file or directory
open: No such file or directory
open: No such file or directory
open: No such file or directory
open: No such file or directory
open: No such file or directory
open: No such file or directory
open: No such file or directory
open: No such file or directory
open: No such file or directory
open: No such file or directory
open: No such file or directory
open: No such file or directory
open: No such file or directory
open: No such file or directory
open: No such file or directory
open: No such file or directory
open: No such file or directory
open: No such file or directory
open: No such file or directory
open: No such file or directory
open: No such file or directory
open: No such file or directory
open: No such file or directory
open: No such file or directory
open: No such file or directory
open: No such file or directory
open: No such file or directory
open: No such file or directory
open: No such file or directory
open: No such file or directory
open: No such file or directory
open: No such file or directory
open: No such file or directory
open: No such file or directory
open: No such file or directory
open: No such file or directory
open: No such file or directory
open: No such file or directory
open: No such file or directory
open: No such file or directory
open: No such file or directory
open: No such file or directory
open: No such file or directory
open: No such file or directory
open: No such file or directory
open: No such file or directory
open: No such file or directory
open: No such file or directory
open: No such file or directory
open: No such file or directory
open: No such file or directory
open: No such file or directory
open: No such file or directory
open: No such file or directory
open: No such file or directory
open: No such file or directory
open: No such file or directory
open: No such file or directory
open: No such file or directory
open: No such file or directory
open: No such file or directory
open: No such file or directory
open: No such file or directory
open: No such file or directory
open: No such file or directory
open: No such file or directory
open: No such file or directory
open: No such file or directory
open: No such file or directory
open: No such file or directory
open: No such file or directory
open: No such file or directory
open: No such file or directory
open: No such file or directory
open: No such file or directory
open: No such file or directory
open: No such file or directory
open: No such file or directory
open: No such file or directory
open: No such file or directory
open: No such file or directory
open: No such file or directory
open: No such file or directory
open: No such file or directory
open: No such file or directory
open: No such file or directory
open: No such file or directory
open: No such file or directory
open: No such file or directory
open: No such file or directory
open: No such file or directory
open: No such file or directory
open: No such file or directory
open: No such file or directory
open: No such file or directory
open: No such file or directory
open: No such file or directory
open: No such file or directory
open: No such file or directory
open: No such file or directory
open: No such file or directory
open: No such file or directory
open: No such file or directory
open: No such file or directory
open: No such file or directory
open: No such file or directory
open: No such file or directory
open: No such file or directory
open: No such file or directory
open: No such file or directory
open: No such file or directory
open: No such file or directory
open: No such file or directory
open: No such file or directory
open: No such file or directory
open: No such file or directory
open: No such file or directory
open: No such file or directory
open: No such file or directory
open: No such file or directory
open: No such file or directory
open: No such file or directory
open: No such file or directory
open: No such file or directory
open: No such file or directory
open: No such file or directory
open: No such file or directory
open: No such file or directory
open: No such file or directory
open: No such file or directory
open: No such file or directory
open: No such file or directory
open: No such file or directory
open: No such file or directory
open: No such file or directory
open: No such file or directory
open: No such file or directory
open: No such file or directory
open: No such file or directory
open: No such file or directory
open: No such file or directory
open: No such file or directory
open: No such file or directory
open: No such file or directory
open: No such file or directory
open: No such file or directory
open: No such file or directory
open: No such file or directory
open: No such file or directory
open: No such file or directory
open: No such file or directory
open: No such file or directory
open: No such file or directory
open: No such file or directory
open: No such file or directory
open: No such file or directory
open: No such file or directory
open: No such file or directory
open: No such file or directory
open: No such file or directory
open: No such file or directory
open: No such file or directory
open: No such file or directory
open: No such file or directory
open: No such file or directory
open: No such file or directory
open: No such file or directory
open: No such file or directory
open: No such file or directory
open: No such file or directory
open: No such file or directory
open: No such file or directory
open: No such file or directory
open: No such file or directory
open: No such file or directory
open: No such file or directory
open: No such file or directory
open: No such file or directory
open: No such file or directory
