Warning: you requested the nanomsg event logger, but bmv2 was compiled without -DBMELOG, and the event logger cannot be activated
Calling target program-options parser
[17:52:05.141] [bmv2] [D] [thread 2684] Set default default entry for table 'MyIngress.ipv4_lpm': MyIngress.drop - 
[17:52:05.179] [bmv2] [D] [thread 2684] Set default default entry for table 'MyIngress.ecmp_group_to_nhop': NoAction - 
Adding interface s4-eth1 as port 1
[17:52:05.285] [bmv2] [D] [thread 2684] Adding interface s4-eth1 as port 1
Adding interface s4-eth2 as port 2
[17:52:05.362] [bmv2] [D] [thread 2684] Adding interface s4-eth2 as port 2
Adding interface s4-eth3 as port 3
[17:52:05.428] [bmv2] [D] [thread 2684] Adding interface s4-eth3 as port 3
Adding interface s4-eth4 as port 4
[17:52:05.459] [bmv2] [D] [thread 2684] Adding interface s4-eth4 as port 4
Adding interface s4-eth5 as port 5
[17:52:05.485] [bmv2] [D] [thread 2684] Adding interface s4-eth5 as port 5
Adding interface s4-eth6 as port 6
[17:52:05.516] [bmv2] [D] [thread 2684] Adding interface s4-eth6 as port 6
Adding interface s4-eth7 as port 7
[17:52:05.548] [bmv2] [D] [thread 2684] Adding interface s4-eth7 as port 7
Adding interface s4-eth8 as port 8
[17:52:05.595] [bmv2] [D] [thread 2684] Adding interface s4-eth8 as port 8
[17:52:05.645] [bmv2] [I] [thread 2684] Starting Thrift server on port 9094
[17:52:05.710] [bmv2] [I] [thread 2684] Thrift server was started
[17:52:15.664] [bmv2] [D] [thread 2702] [0.0] [cxt 0] Processing packet received on port 1
[17:52:15.665] [bmv2] [D] [thread 2702] [0.0] [cxt 0] Parser 'parser': start
[17:52:15.665] [bmv2] [D] [thread 2702] [0.0] [cxt 0] Parser 'parser' entering state 'start'
[17:52:15.703] [bmv2] [D] [thread 2702] [0.0] [cxt 0] Extracting header 'ethernet'
[17:52:15.725] [bmv2] [D] [thread 2702] [0.0] [cxt 0] Parser state 'start': key is 86dd
[17:52:15.727] [bmv2] [T] [thread 2702] [0.0] [cxt 0] Bytes parsed: 14
[17:52:15.728] [bmv2] [D] [thread 2702] [0.0] [cxt 0] Parser 'parser': end
[17:52:15.729] [bmv2] [D] [thread 2702] [0.0] [cxt 0] Pipeline 'ingress': start
[17:52:15.773] [bmv2] [T] [thread 2702] [0.0] [cxt 0] /home/p4/git/src/p4src/main.p4(83) Condition "hdr.ipv4.isValid()" (node_2) is false
[17:52:15.790] [bmv2] [D] [thread 2702] [0.0] [cxt 0] Pipeline 'ingress': end
[17:52:15.797] [bmv2] [D] [thread 2702] [0.0] [cxt 0] Egress port is 0
[17:52:15.874] [bmv2] [D] [thread 2703] [0.0] [cxt 0] Pipeline 'egress': start
[17:52:15.875] [bmv2] [D] [thread 2703] [0.0] [cxt 0] Pipeline 'egress': end
[17:52:15.875] [bmv2] [D] [thread 2703] [0.0] [cxt 0] Deparser 'deparser': start
[17:52:15.876] [bmv2] [T] [thread 2703] [0.0] [cxt 0] Skipping checksum 'cksum' update because condition not met
[17:52:15.877] [bmv2] [D] [thread 2703] [0.0] [cxt 0] Deparsing header 'ethernet'
[17:52:15.878] [bmv2] [D] [thread 2703] [0.0] [cxt 0] Deparser 'deparser': end
[17:52:15.920] [bmv2] [D] [thread 2707] [0.0] [cxt 0] Transmitting packet of size 70 out of port 0
[17:52:17.481] [bmv2] [D] [thread 2702] [1.0] [cxt 0] Processing packet received on port 2
[17:52:17.482] [bmv2] [D] [thread 2702] [1.0] [cxt 0] Parser 'parser': start
[17:52:17.482] [bmv2] [D] [thread 2702] [1.0] [cxt 0] Parser 'parser' entering state 'start'
[17:52:17.482] [bmv2] [D] [thread 2702] [1.0] [cxt 0] Extracting header 'ethernet'
[17:52:17.496] [bmv2] [D] [thread 2702] [1.0] [cxt 0] Parser state 'start': key is 86dd
[17:52:17.497] [bmv2] [T] [thread 2702] [1.0] [cxt 0] Bytes parsed: 14
[17:52:17.497] [bmv2] [D] [thread 2702] [1.0] [cxt 0] Parser 'parser': end
[17:52:17.497] [bmv2] [D] [thread 2702] [1.0] [cxt 0] Pipeline 'ingress': start
[17:52:17.497] [bmv2] [T] [thread 2702] [1.0] [cxt 0] /home/p4/git/src/p4src/main.p4(83) Condition "hdr.ipv4.isValid()" (node_2) is false
[17:52:17.497] [bmv2] [D] [thread 2702] [1.0] [cxt 0] Pipeline 'ingress': end
[17:52:17.498] [bmv2] [D] [thread 2702] [1.0] [cxt 0] Egress port is 0
[17:52:17.513] [bmv2] [D] [thread 2703] [1.0] [cxt 0] Pipeline 'egress': start
[17:52:17.513] [bmv2] [D] [thread 2703] [1.0] [cxt 0] Pipeline 'egress': end
[17:52:17.513] [bmv2] [D] [thread 2703] [1.0] [cxt 0] Deparser 'deparser': start
[17:52:17.513] [bmv2] [T] [thread 2703] [1.0] [cxt 0] Skipping checksum 'cksum' update because condition not met
[17:52:17.523] [bmv2] [D] [thread 2703] [1.0] [cxt 0] Deparsing header 'ethernet'
[17:52:17.524] [bmv2] [D] [thread 2703] [1.0] [cxt 0] Deparser 'deparser': end
[17:52:17.526] [bmv2] [D] [thread 2707] [1.0] [cxt 0] Transmitting packet of size 70 out of port 0
[17:52:19.522] [bmv2] [D] [thread 2702] [2.0] [cxt 0] Processing packet received on port 3
[17:52:19.523] [bmv2] [D] [thread 2702] [2.0] [cxt 0] Parser 'parser': start
[17:52:19.523] [bmv2] [D] [thread 2702] [2.0] [cxt 0] Parser 'parser' entering state 'start'
[17:52:19.523] [bmv2] [D] [thread 2702] [2.0] [cxt 0] Extracting header 'ethernet'
[17:52:19.523] [bmv2] [D] [thread 2702] [2.0] [cxt 0] Parser state 'start': key is 86dd
[17:52:19.524] [bmv2] [T] [thread 2702] [2.0] [cxt 0] Bytes parsed: 14
[17:52:19.524] [bmv2] [D] [thread 2702] [2.0] [cxt 0] Parser 'parser': end
[17:52:19.524] [bmv2] [D] [thread 2702] [2.0] [cxt 0] Pipeline 'ingress': start
[17:52:19.524] [bmv2] [T] [thread 2702] [2.0] [cxt 0] /home/p4/git/src/p4src/main.p4(83) Condition "hdr.ipv4.isValid()" (node_2) is false
[17:52:19.524] [bmv2] [D] [thread 2702] [2.0] [cxt 0] Pipeline 'ingress': end
[17:52:19.525] [bmv2] [D] [thread 2702] [2.0] [cxt 0] Egress port is 0
[17:52:19.547] [bmv2] [D] [thread 2703] [2.0] [cxt 0] Pipeline 'egress': start
[17:52:19.548] [bmv2] [D] [thread 2703] [2.0] [cxt 0] Pipeline 'egress': end
[17:52:19.548] [bmv2] [D] [thread 2703] [2.0] [cxt 0] Deparser 'deparser': start
[17:52:19.548] [bmv2] [T] [thread 2703] [2.0] [cxt 0] Skipping checksum 'cksum' update because condition not met
[17:52:19.548] [bmv2] [D] [thread 2703] [2.0] [cxt 0] Deparsing header 'ethernet'
[17:52:19.548] [bmv2] [D] [thread 2703] [2.0] [cxt 0] Deparser 'deparser': end
[17:52:19.573] [bmv2] [D] [thread 2707] [2.0] [cxt 0] Transmitting packet of size 70 out of port 0
[17:52:25.658] [bmv2] [D] [thread 2702] [3.0] [cxt 0] Processing packet received on port 4
[17:52:25.659] [bmv2] [D] [thread 2702] [3.0] [cxt 0] Parser 'parser': start
[17:52:25.659] [bmv2] [D] [thread 2702] [3.0] [cxt 0] Parser 'parser' entering state 'start'
[17:52:25.659] [bmv2] [D] [thread 2702] [3.0] [cxt 0] Extracting header 'ethernet'
[17:52:25.660] [bmv2] [D] [thread 2702] [3.0] [cxt 0] Parser state 'start': key is 86dd
[17:52:25.672] [bmv2] [T] [thread 2702] [3.0] [cxt 0] Bytes parsed: 14
[17:52:25.672] [bmv2] [D] [thread 2702] [3.0] [cxt 0] Parser 'parser': end
[17:52:25.672] [bmv2] [D] [thread 2702] [3.0] [cxt 0] Pipeline 'ingress': start
[17:52:25.673] [bmv2] [T] [thread 2702] [3.0] [cxt 0] /home/p4/git/src/p4src/main.p4(83) Condition "hdr.ipv4.isValid()" (node_2) is false
[17:52:25.673] [bmv2] [D] [thread 2702] [3.0] [cxt 0] Pipeline 'ingress': end
[17:52:25.673] [bmv2] [D] [thread 2702] [3.0] [cxt 0] Egress port is 0
[17:52:25.680] [bmv2] [D] [thread 2703] [3.0] [cxt 0] Pipeline 'egress': start
[17:52:25.681] [bmv2] [D] [thread 2703] [3.0] [cxt 0] Pipeline 'egress': end
[17:52:25.681] [bmv2] [D] [thread 2703] [3.0] [cxt 0] Deparser 'deparser': start
[17:52:25.682] [bmv2] [T] [thread 2703] [3.0] [cxt 0] Skipping checksum 'cksum' update because condition not met
[17:52:25.687] [bmv2] [D] [thread 2703] [3.0] [cxt 0] Deparsing header 'ethernet'
[17:52:25.687] [bmv2] [D] [thread 2703] [3.0] [cxt 0] Deparser 'deparser': end
[17:52:25.687] [bmv2] [D] [thread 2707] [3.0] [cxt 0] Transmitting packet of size 70 out of port 0
[17:52:27.709] [bmv2] [D] [thread 2702] [4.0] [cxt 0] Processing packet received on port 7
[17:52:27.709] [bmv2] [D] [thread 2702] [4.0] [cxt 0] Parser 'parser': start
[17:52:27.709] [bmv2] [D] [thread 2702] [4.0] [cxt 0] Parser 'parser' entering state 'start'
[17:52:27.709] [bmv2] [D] [thread 2702] [4.0] [cxt 0] Extracting header 'ethernet'
[17:52:27.709] [bmv2] [D] [thread 2702] [4.0] [cxt 0] Parser state 'start': key is 86dd
[17:52:27.710] [bmv2] [T] [thread 2702] [4.0] [cxt 0] Bytes parsed: 14
[17:52:27.717] [bmv2] [D] [thread 2702] [4.0] [cxt 0] Parser 'parser': end
[17:52:27.724] [bmv2] [D] [thread 2702] [4.0] [cxt 0] Pipeline 'ingress': start
[17:52:27.724] [bmv2] [T] [thread 2702] [4.0] [cxt 0] /home/p4/git/src/p4src/main.p4(83) Condition "hdr.ipv4.isValid()" (node_2) is false
[17:52:27.724] [bmv2] [D] [thread 2702] [4.0] [cxt 0] Pipeline 'ingress': end
[17:52:27.725] [bmv2] [D] [thread 2702] [4.0] [cxt 0] Egress port is 0
[17:52:27.739] [bmv2] [D] [thread 2703] [4.0] [cxt 0] Pipeline 'egress': start
[17:52:27.740] [bmv2] [D] [thread 2703] [4.0] [cxt 0] Pipeline 'egress': end
[17:52:27.740] [bmv2] [D] [thread 2703] [4.0] [cxt 0] Deparser 'deparser': start
[17:52:27.740] [bmv2] [T] [thread 2703] [4.0] [cxt 0] Skipping checksum 'cksum' update because condition not met
[17:52:27.740] [bmv2] [D] [thread 2703] [4.0] [cxt 0] Deparsing header 'ethernet'
[17:52:27.740] [bmv2] [D] [thread 2703] [4.0] [cxt 0] Deparser 'deparser': end
[17:52:27.750] [bmv2] [D] [thread 2707] [4.0] [cxt 0] Transmitting packet of size 70 out of port 0
[17:56:07.578] [bmv2] [T] [thread 4693] bm_get_config
[17:56:07.595] [bmv2] [T] [thread 4693] bm_mt_get_entries
[17:56:07.609] [bmv2] [T] [thread 4693] bm_mt_get_entries
[17:56:07.925] [bmv2] [T] [thread 4693] bm_reset_state
[17:56:07.941] [bmv2] [D] [thread 4693] Resetting simple_switch target-specific state
[17:56:07.944] [bmv2] [D] [thread 4693] resetting PRE state
[17:56:08.131] [bmv2] [T] [thread 4693] bm_set_default_action
[17:56:08.144] [bmv2] [D] [thread 4693] Set default entry for table 'MyIngress.ipv4_lpm': MyIngress.drop - 
[17:56:08.148] [bmv2] [T] [thread 4693] bm_set_default_action
[17:56:08.149] [bmv2] [D] [thread 4693] Set default entry for table 'MyIngress.ecmp_group_to_nhop': MyIngress.drop - 
[17:56:09.666] [bmv2] [T] [thread 4693] bm_table_add_entry
[17:56:09.685] [bmv2] [D] [thread 4693] Entry 0 added to table 'MyIngress.ipv4_lpm'
[17:56:09.703] [bmv2] [D] [thread 4693] Dumping entry 0
Match key:
* hdr.ipv4.dstAddr    : LPM       0a000000/24
Action entry: MyIngress.set_nhop - 7e2bb0830ce0,1,

[17:56:09.747] [bmv2] [T] [thread 4693] bm_table_add_entry
[17:56:09.754] [bmv2] [E] [thread 4693] Error when trying to add entry to table 'MyIngress.ipv4_lpm': DUPLICATE_ENTRY
[17:56:09.782] [bmv2] [T] [thread 4693] bm_table_add_entry
[17:56:09.783] [bmv2] [E] [thread 4693] Error when trying to add entry to table 'MyIngress.ipv4_lpm': DUPLICATE_ENTRY
[17:56:09.841] [bmv2] [T] [thread 4693] bm_table_add_entry
[17:56:09.842] [bmv2] [E] [thread 4693] Error when trying to add entry to table 'MyIngress.ipv4_lpm': DUPLICATE_ENTRY
[17:56:09.873] [bmv2] [T] [thread 4693] bm_table_add_entry
[17:56:09.875] [bmv2] [D] [thread 4693] Entry 1 added to table 'MyIngress.ipv4_lpm'
[17:56:09.875] [bmv2] [D] [thread 4693] Dumping entry 1
Match key:
* hdr.ipv4.dstAddr    : LPM       0a000004/32
Action entry: MyIngress.set_nhop - a000004,5,

[17:56:09.901] [bmv2] [T] [thread 4693] bm_table_add_entry
[17:56:09.901] [bmv2] [E] [thread 4693] Error when trying to add entry to table 'MyIngress.ipv4_lpm': DUPLICATE_ENTRY
[17:56:09.919] [bmv2] [T] [thread 4693] bm_table_add_entry
[17:56:09.920] [bmv2] [E] [thread 4693] Error when trying to add entry to table 'MyIngress.ipv4_lpm': DUPLICATE_ENTRY
[17:56:09.945] [bmv2] [T] [thread 4693] bm_table_add_entry
[17:56:09.945] [bmv2] [E] [thread 4693] Error when trying to add entry to table 'MyIngress.ipv4_lpm': DUPLICATE_ENTRY
open: No such file or directory
open: No such file or directory
open: No such file or directory
open: No such file or directory
open: No such file or directory
open: No such file or directory
open: No such file or directory
open: No such file or directory
open: No such file or directory
open: No such file or directory
open: No such file or directory
open: No such file or directory
open: No such file or directory
open: No such file or directory
open: No such file or directory
open: No such file or directory
open: No such file or directory
open: No such file or directory
open: No such file or directory
open: No such file or directory
open: No such file or directory
open: No such file or directory
open: No such file or directory
open: No such file or directory
open: No such file or directory
open: No such file or directory
open: No such file or directory
open: No such file or directory
open: No such file or directory
open: No such file or directory
open: No such file or directory
open: No such file or directory
open: No such file or directory
open: No such file or directory
open: No such file or directory
open: No such file or directory
open: No such file or directory
open: No such file or directory
open: No such file or directory
open: No such file or directory
open: No such file or directory
open: No such file or directory
open: No such file or directory
open: No such file or directory
open: No such file or directory
open: No such file or directory
open: No such file or directory
open: No such file or directory
open: No such file or directory
open: No such file or directory
open: No such file or directory
open: No such file or directory
open: No such file or directory
open: No such file or directory
open: No such file or directory
open: No such file or directory
open: No such file or directory
open: No such file or directory
open: No such file or directory
open: No such file or directory
open: No such file or directory
open: No such file or directory
open: No such file or directory
open: No such file or directory
open: No such file or directory
open: No such file or directory
open: No such file or directory
open: No such file or directory
open: No such file or directory
open: No such file or directory
open: No such file or directory
open: No such file or directory
open: No such file or directory
open: No such file or directory
open: No such file or directory
open: No such file or directory
open: No such file or directory
open: No such file or directory
open: No such file or directory
open: No such file or directory
open: No such file or directory
open: No such file or directory
open: No such file or directory
open: No such file or directory
open: No such file or directory
open: No such file or directory
open: No such file or directory
open: No such file or directory
open: No such file or directory
open: No such file or directory
open: No such file or directory
open: No such file or directory
open: No such file or directory
open: No such file or directory
open: No such file or directory
open: No such file or directory
open: No such file or directory
open: No such file or directory
open: No such file or directory
open: No such file or directory
open: No such file or directory
open: No such file or directory
open: No such file or directory
open: No such file or directory
open: No such file or directory
open: No such file or directory
open: No such file or directory
open: No such file or directory
open: No such file or directory
open: No such file or directory
open: No such file or directory
open: No such file or directory
open: No such file or directory
open: No such file or directory
open: No such file or directory
open: No such file or directory
open: No such file or directory
open: No such file or directory
open: No such file or directory
open: No such file or directory
open: No such file or directory
open: No such file or directory
open: No such file or directory
open: No such file or directory
open: No such file or directory
open: No such file or directory
open: No such file or directory
open: No such file or directory
open: No such file or directory
open: No such file or directory
open: No such file or directory
open: No such file or directory
open: No such file or directory
open: No such file or directory
open: No such file or directory
open: No such file or directory
open: No such file or directory
open: No such file or directory
open: No such file or directory
open: No such file or directory
open: No such file or directory
open: No such file or directory
open: No such file or directory
open: No such file or directory
open: No such file or directory
open: No such file or directory
open: No such file or directory
open: No such file or directory
open: No such file or directory
open: No such file or directory
open: No such file or directory
open: No such file or directory
open: No such file or directory
open: No such file or directory
open: No such file or directory
open: No such file or directory
open: No such file or directory
open: No such file or directory
open: No such file or directory
open: No such file or directory
open: No such file or directory
open: No such file or directory
open: No such file or directory
open: No such file or directory
open: No such file or directory
open: No such file or directory
open: No such file or directory
open: No such file or directory
open: No such file or directory
open: No such file or directory
open: No such file or directory
open: No such file or directory
open: No such file or directory
open: No such file or directory
open: No such file or directory
open: No such file or directory
open: No such file or directory
open: No such file or directory
open: No such file or directory
open: No such file or directory
open: No such file or directory
open: No such file or directory
open: No such file or directory
open: No such file or directory
open: No such file or directory
open: No such file or directory
open: No such file or directory
open: No such file or directory
open: No such file or directory
open: No such file or directory
open: No such file or directory
open: No such file or directory
open: No such file or directory
open: No such file or directory
open: No such file or directory
open: No such file or directory
open: No such file or directory
open: No such file or directory
open: No such file or directory
open: No such file or directory
open: No such file or directory
open: No such file or directory
open: No such file or directory
open: No such file or directory
open: No such file or directory
open: No such file or directory
open: No such file or directory
open: No such file or directory
open: No such file or directory
open: No such file or directory
open: No such file or directory
open: No such file or directory
open: No such file or directory
open: No such file or directory
open: No such file or directory
open: No such file or directory
open: No such file or directory
open: No such file or directory
open: No such file or directory
open: No such file or directory
open: No such file or directory
open: No such file or directory
open: No such file or directory
open: No such file or directory
open: No such file or directory
open: No such file or directory
open: No such file or directory
open: No such file or directory
open: No such file or directory
open: No such file or directory
open: No such file or directory
open: No such file or directory
open: No such file or directory
open: No such file or directory
open: No such file or directory
open: No such file or directory
open: No such file or directory
open: No such file or directory
open: No such file or directory
open: No such file or directory
open: No such file or directory
open: No such file or directory
open: No such file or directory
open: No such file or directory
open: No such file or directory
open: No such file or directory
open: No such file or directory
open: No such file or directory
open: No such file or directory
open: No such file or directory
open: No such file or directory
open: No such file or directory
open: No such file or directory
open: No such file or directory
open: No such file or directory
open: No such file or directory
open: No such file or directory
open: No such file or directory
open: No such file or directory
open: No such file or directory
open: No such file or directory
open: No such file or directory
open: No such file or directory
open: No such file or directory
open: No such file or directory
open: No such file or directory
open: No such file or directory
open: No such file or directory
open: No such file or directory
open: No such file or directory
open: No such file or directory
open: No such file or directory
open: No such file or directory
open: No such file or directory
open: No such file or directory
open: No such file or directory
open: No such file or directory
open: No such file or directory
open: No such file or directory
open: No such file or directory
open: No such file or directory
open: No such file or directory
open: No such file or directory
open: No such file or directory
open: No such file or directory
open: No such file or directory
open: No such file or directory
open: No such file or directory
open: No such file or directory
open: No such file or directory
open: No such file or directory
open: No such file or directory
open: No such file or directory
open: No such file or directory
open: No such file or directory
open: No such file or directory
open: No such file or directory
open: No such file or directory
open: No such file or directory
open: No such file or directory
open: No such file or directory
open: No such file or directory
open: No such file or directory
open: No such file or directory
open: No such file or directory
open: No such file or directory
open: No such file or directory
open: No such file or directory
open: No such file or directory
open: No such file or directory
open: No such file or directory
open: No such file or directory
open: No such file or directory
open: No such file or directory
open: No such file or directory
open: No such file or directory
open: No such file or directory
open: No such file or directory
open: No such file or directory
open: No such file or directory
open: No such file or directory
open: No such file or directory
open: No such file or directory
open: No such file or directory
open: No such file or directory
open: No such file or directory
open: No such file or directory
open: No such file or directory
open: No such file or directory
open: No such file or directory
open: No such file or directory
open: No such file or directory
open: No such file or directory
open: No such file or directory
open: No such file or directory
open: No such file or directory
open: No such file or directory
open: No such file or directory
open: No such file or directory
open: No such file or directory
open: No such file or directory
open: No such file or directory
open: No such file or directory
open: No such file or directory
open: No such file or directory
open: No such file or directory
open: No such file or directory
open: No such file or directory
open: No such file or directory
open: No such file or directory
open: No such file or directory
open: No such file or directory
open: No such file or directory
open: No such file or directory
open: No such file or directory
open: No such file or directory
open: No such file or directory
open: No such file or directory
open: No such file or directory
open: No such file or directory
open: No such file or directory
open: No such file or directory
open: No such file or directory
open: No such file or directory
open: No such file or directory
open: No such file or directory
open: No such file or directory
open: No such file or directory
open: No such file or directory
open: No such file or directory
open: No such file or directory
open: No such file or directory
open: No such file or directory
open: No such file or directory
open: No such file or directory
open: No such file or directory
open: No such file or directory
open: No such file or directory
open: No such file or directory
open: No such file or directory
open: No such file or directory
open: No such file or directory
open: No such file or directory
open: No such file or directory
open: No such file or directory
open: No such file or directory
open: No such file or directory
open: No such file or directory
open: No such file or directory
open: No such file or directory
open: No such file or directory
open: No such file or directory
open: No such file or directory
open: No such file or directory
open: No such file or directory
open: No such file or directory
open: No such file or directory
open: No such file or directory
open: No such file or directory
open: No such file or directory
open: No such file or directory
open: No such file or directory
open: No such file or directory
open: No such file or directory
open: No such file or directory
open: No such file or directory
open: No such file or directory
open: No such file or directory
open: No such file or directory
open: No such file or directory
open: No such file or directory
open: No such file or directory
open: No such file or directory
open: No such file or directory
open: No such file or directory
open: No such file or directory
open: No such file or directory
open: No such file or directory
open: No such file or directory
open: No such file or directory
open: No such file or directory
open: No such file or directory
open: No such file or directory
open: No such file or directory
open: No such file or directory
open: No such file or directory
open: No such file or directory
open: No such file or directory
open: No such file or directory
open: No such file or directory
open: No such file or directory
open: No such file or directory
open: No such file or directory
open: No such file or directory
open: No such file or directory
open: No such file or directory
open: No such file or directory
open: No such file or directory
open: No such file or directory
open: No such file or directory
open: No such file or directory
open: No such file or directory
open: No such file or directory
open: No such file or directory
open: No such file or directory
open: No such file or directory
open: No such file or directory
open: No such file or directory
open: No such file or directory
open: No such file or directory
open: No such file or directory
open: No such file or directory
open: No such file or directory
open: No such file or directory
open: No such file or directory
open: No such file or directory
open: No such file or directory
open: No such file or directory
open: No such file or directory
open: No such file or directory
open: No such file or directory
open: No such file or directory
open: No such file or directory
open: No such file or directory
open: No such file or directory
open: No such file or directory
open: No such file or directory
open: No such file or directory
open: No such file or directory
open: No such file or directory
open: No such file or directory
open: No such file or directory
open: No such file or directory
open: No such file or directory
open: No such file or directory
open: No such file or directory
open: No such file or directory
open: No such file or directory
open: No such file or directory
open: No such file or directory
open: No such file or directory
open: No such file or directory
open: No such file or directory
open: No such file or directory
open: No such file or directory
open: No such file or directory
open: No such file or directory
