Warning: you requested the nanomsg event logger, but bmv2 was compiled without -DBMELOG, and the event logger cannot be activated
Calling target program-options parser
[17:52:00.468] [bmv2] [D] [thread 2629] Set default default entry for table 'MyIngress.ipv4_lpm': MyIngress.drop - 
[17:52:00.500] [bmv2] [D] [thread 2629] Set default default entry for table 'MyIngress.ecmp_group_to_nhop': NoAction - 
Adding interface s2-eth1 as port 1
[17:52:00.616] [bmv2] [D] [thread 2629] Adding interface s2-eth1 as port 1
Adding interface s2-eth2 as port 2
[17:52:00.717] [bmv2] [D] [thread 2629] Adding interface s2-eth2 as port 2
Adding interface s2-eth3 as port 3
[17:52:00.757] [bmv2] [D] [thread 2629] Adding interface s2-eth3 as port 3
Adding interface s2-eth4 as port 4
[17:52:00.808] [bmv2] [D] [thread 2629] Adding interface s2-eth4 as port 4
Adding interface s2-eth5 as port 5
[17:52:00.865] [bmv2] [D] [thread 2629] Adding interface s2-eth5 as port 5
Adding interface s2-eth6 as port 6
[17:52:00.939] [bmv2] [D] [thread 2629] Adding interface s2-eth6 as port 6
Adding interface s2-eth7 as port 7
[17:52:00.973] [bmv2] [D] [thread 2629] Adding interface s2-eth7 as port 7
Adding interface s2-eth8 as port 8
[17:52:01.032] [bmv2] [D] [thread 2629] Adding interface s2-eth8 as port 8
[17:52:01.093] [bmv2] [I] [thread 2629] Starting Thrift server on port 9092
[17:52:01.194] [bmv2] [I] [thread 2629] Thrift server was started
[17:52:15.747] [bmv2] [D] [thread 2650] [0.0] [cxt 0] Processing packet received on port 2
[17:52:15.748] [bmv2] [D] [thread 2650] [0.0] [cxt 0] Parser 'parser': start
[17:52:15.748] [bmv2] [D] [thread 2650] [0.0] [cxt 0] Parser 'parser' entering state 'start'
[17:52:15.749] [bmv2] [D] [thread 2650] [0.0] [cxt 0] Extracting header 'ethernet'
[17:52:15.793] [bmv2] [D] [thread 2650] [0.0] [cxt 0] Parser state 'start': key is 86dd
[17:52:15.795] [bmv2] [T] [thread 2650] [0.0] [cxt 0] Bytes parsed: 14
[17:52:15.795] [bmv2] [D] [thread 2650] [0.0] [cxt 0] Parser 'parser': end
[17:52:15.796] [bmv2] [D] [thread 2650] [0.0] [cxt 0] Pipeline 'ingress': start
[17:52:15.818] [bmv2] [T] [thread 2650] [0.0] [cxt 0] /home/p4/git/src/p4src/main.p4(83) Condition "hdr.ipv4.isValid()" (node_2) is false
[17:52:15.880] [bmv2] [D] [thread 2650] [0.0] [cxt 0] Pipeline 'ingress': end
[17:52:15.880] [bmv2] [D] [thread 2650] [0.0] [cxt 0] Egress port is 0
[17:52:15.939] [bmv2] [D] [thread 2651] [0.0] [cxt 0] Pipeline 'egress': start
[17:52:15.939] [bmv2] [D] [thread 2651] [0.0] [cxt 0] Pipeline 'egress': end
[17:52:15.939] [bmv2] [D] [thread 2651] [0.0] [cxt 0] Deparser 'deparser': start
[17:52:15.940] [bmv2] [T] [thread 2651] [0.0] [cxt 0] Skipping checksum 'cksum' update because condition not met
[17:52:15.941] [bmv2] [D] [thread 2651] [0.0] [cxt 0] Deparsing header 'ethernet'
[17:52:15.941] [bmv2] [D] [thread 2651] [0.0] [cxt 0] Deparser 'deparser': end
[17:52:15.943] [bmv2] [D] [thread 2655] [0.0] [cxt 0] Transmitting packet of size 70 out of port 0
[17:52:17.471] [bmv2] [D] [thread 2650] [1.0] [cxt 0] Processing packet received on port 3
[17:52:17.471] [bmv2] [D] [thread 2650] [1.0] [cxt 0] Parser 'parser': start
[17:52:17.472] [bmv2] [D] [thread 2650] [1.0] [cxt 0] Parser 'parser' entering state 'start'
[17:52:17.472] [bmv2] [D] [thread 2650] [1.0] [cxt 0] Extracting header 'ethernet'
[17:52:17.472] [bmv2] [D] [thread 2650] [1.0] [cxt 0] Parser state 'start': key is 86dd
[17:52:17.472] [bmv2] [T] [thread 2650] [1.0] [cxt 0] Bytes parsed: 14
[17:52:17.472] [bmv2] [D] [thread 2650] [1.0] [cxt 0] Parser 'parser': end
[17:52:17.473] [bmv2] [D] [thread 2650] [1.0] [cxt 0] Pipeline 'ingress': start
[17:52:17.488] [bmv2] [T] [thread 2650] [1.0] [cxt 0] /home/p4/git/src/p4src/main.p4(83) Condition "hdr.ipv4.isValid()" (node_2) is false
[17:52:17.489] [bmv2] [D] [thread 2650] [1.0] [cxt 0] Pipeline 'ingress': end
[17:52:17.489] [bmv2] [D] [thread 2650] [1.0] [cxt 0] Egress port is 0
[17:52:17.490] [bmv2] [D] [thread 2651] [1.0] [cxt 0] Pipeline 'egress': start
[17:52:17.499] [bmv2] [D] [thread 2651] [1.0] [cxt 0] Pipeline 'egress': end
[17:52:17.499] [bmv2] [D] [thread 2651] [1.0] [cxt 0] Deparser 'deparser': start
[17:52:17.499] [bmv2] [T] [thread 2651] [1.0] [cxt 0] Skipping checksum 'cksum' update because condition not met
[17:52:17.499] [bmv2] [D] [thread 2651] [1.0] [cxt 0] Deparsing header 'ethernet'
[17:52:17.500] [bmv2] [D] [thread 2651] [1.0] [cxt 0] Deparser 'deparser': end
[17:52:17.506] [bmv2] [D] [thread 2655] [1.0] [cxt 0] Transmitting packet of size 70 out of port 0
[17:52:19.518] [bmv2] [D] [thread 2650] [2.0] [cxt 0] Processing packet received on port 4
[17:52:19.519] [bmv2] [D] [thread 2650] [2.0] [cxt 0] Parser 'parser': start
[17:52:19.519] [bmv2] [D] [thread 2650] [2.0] [cxt 0] Parser 'parser' entering state 'start'
[17:52:19.519] [bmv2] [D] [thread 2650] [2.0] [cxt 0] Extracting header 'ethernet'
[17:52:19.519] [bmv2] [D] [thread 2650] [2.0] [cxt 0] Parser state 'start': key is 86dd
[17:52:19.520] [bmv2] [T] [thread 2650] [2.0] [cxt 0] Bytes parsed: 14
[17:52:19.520] [bmv2] [D] [thread 2650] [2.0] [cxt 0] Parser 'parser': end
[17:52:19.520] [bmv2] [D] [thread 2650] [2.0] [cxt 0] Pipeline 'ingress': start
[17:52:19.520] [bmv2] [T] [thread 2650] [2.0] [cxt 0] /home/p4/git/src/p4src/main.p4(83) Condition "hdr.ipv4.isValid()" (node_2) is false
[17:52:19.520] [bmv2] [D] [thread 2650] [2.0] [cxt 0] Pipeline 'ingress': end
[17:52:19.520] [bmv2] [D] [thread 2650] [2.0] [cxt 0] Egress port is 0
[17:52:19.585] [bmv2] [D] [thread 2651] [2.0] [cxt 0] Pipeline 'egress': start
[17:52:19.585] [bmv2] [D] [thread 2651] [2.0] [cxt 0] Pipeline 'egress': end
[17:52:19.601] [bmv2] [D] [thread 2651] [2.0] [cxt 0] Deparser 'deparser': start
[17:52:19.601] [bmv2] [T] [thread 2651] [2.0] [cxt 0] Skipping checksum 'cksum' update because condition not met
[17:52:19.601] [bmv2] [D] [thread 2651] [2.0] [cxt 0] Deparsing header 'ethernet'
[17:52:19.602] [bmv2] [D] [thread 2651] [2.0] [cxt 0] Deparser 'deparser': end
[17:52:19.614] [bmv2] [D] [thread 2655] [2.0] [cxt 0] Transmitting packet of size 70 out of port 0
[17:52:19.651] [bmv2] [D] [thread 2650] [3.0] [cxt 0] Processing packet received on port 5
[17:52:19.651] [bmv2] [D] [thread 2650] [3.0] [cxt 0] Parser 'parser': start
[17:52:19.651] [bmv2] [D] [thread 2650] [3.0] [cxt 0] Parser 'parser' entering state 'start'
[17:52:19.651] [bmv2] [D] [thread 2650] [3.0] [cxt 0] Extracting header 'ethernet'
[17:52:19.652] [bmv2] [D] [thread 2650] [3.0] [cxt 0] Parser state 'start': key is 86dd
[17:52:19.652] [bmv2] [T] [thread 2650] [3.0] [cxt 0] Bytes parsed: 14
[17:52:19.652] [bmv2] [D] [thread 2650] [3.0] [cxt 0] Parser 'parser': end
[17:52:19.652] [bmv2] [D] [thread 2650] [3.0] [cxt 0] Pipeline 'ingress': start
[17:52:19.652] [bmv2] [T] [thread 2650] [3.0] [cxt 0] /home/p4/git/src/p4src/main.p4(83) Condition "hdr.ipv4.isValid()" (node_2) is false
[17:52:19.662] [bmv2] [D] [thread 2650] [3.0] [cxt 0] Pipeline 'ingress': end
[17:52:19.663] [bmv2] [D] [thread 2650] [3.0] [cxt 0] Egress port is 0
[17:52:19.690] [bmv2] [D] [thread 2651] [3.0] [cxt 0] Pipeline 'egress': start
[17:52:19.699] [bmv2] [D] [thread 2651] [3.0] [cxt 0] Pipeline 'egress': end
[17:52:19.699] [bmv2] [D] [thread 2651] [3.0] [cxt 0] Deparser 'deparser': start
[17:52:19.699] [bmv2] [T] [thread 2651] [3.0] [cxt 0] Skipping checksum 'cksum' update because condition not met
[17:52:19.699] [bmv2] [D] [thread 2651] [3.0] [cxt 0] Deparsing header 'ethernet'
[17:52:19.700] [bmv2] [D] [thread 2651] [3.0] [cxt 0] Deparser 'deparser': end
[17:52:19.700] [bmv2] [D] [thread 2655] [3.0] [cxt 0] Transmitting packet of size 70 out of port 0
[17:52:19.700] [bmv2] [D] [thread 2650] [4.0] [cxt 0] Processing packet received on port 6
[17:52:19.700] [bmv2] [D] [thread 2650] [4.0] [cxt 0] Parser 'parser': start
[17:52:19.701] [bmv2] [D] [thread 2650] [4.0] [cxt 0] Parser 'parser' entering state 'start'
[17:52:19.701] [bmv2] [D] [thread 2650] [4.0] [cxt 0] Extracting header 'ethernet'
[17:52:19.701] [bmv2] [D] [thread 2650] [4.0] [cxt 0] Parser state 'start': key is 86dd
[17:52:19.701] [bmv2] [T] [thread 2650] [4.0] [cxt 0] Bytes parsed: 14
[17:52:19.701] [bmv2] [D] [thread 2650] [4.0] [cxt 0] Parser 'parser': end
[17:52:19.701] [bmv2] [D] [thread 2650] [4.0] [cxt 0] Pipeline 'ingress': start
[17:52:19.714] [bmv2] [T] [thread 2650] [4.0] [cxt 0] /home/p4/git/src/p4src/main.p4(83) Condition "hdr.ipv4.isValid()" (node_2) is false
[17:52:19.714] [bmv2] [D] [thread 2650] [4.0] [cxt 0] Pipeline 'ingress': end
[17:52:19.715] [bmv2] [D] [thread 2650] [4.0] [cxt 0] Egress port is 0
[17:52:19.715] [bmv2] [D] [thread 2651] [4.0] [cxt 0] Pipeline 'egress': start
[17:52:19.716] [bmv2] [D] [thread 2651] [4.0] [cxt 0] Pipeline 'egress': end
[17:52:19.716] [bmv2] [D] [thread 2651] [4.0] [cxt 0] Deparser 'deparser': start
[17:52:19.716] [bmv2] [T] [thread 2651] [4.0] [cxt 0] Skipping checksum 'cksum' update because condition not met
[17:52:19.716] [bmv2] [D] [thread 2651] [4.0] [cxt 0] Deparsing header 'ethernet'
[17:52:19.716] [bmv2] [D] [thread 2651] [4.0] [cxt 0] Deparser 'deparser': end
[17:52:19.716] [bmv2] [D] [thread 2655] [4.0] [cxt 0] Transmitting packet of size 70 out of port 0
[17:52:19.717] [bmv2] [D] [thread 2650] [5.0] [cxt 0] Processing packet received on port 2
[17:52:19.717] [bmv2] [D] [thread 2650] [5.0] [cxt 0] Parser 'parser': start
[17:52:19.717] [bmv2] [D] [thread 2650] [5.0] [cxt 0] Parser 'parser' entering state 'start'
[17:52:19.717] [bmv2] [D] [thread 2650] [5.0] [cxt 0] Extracting header 'ethernet'
[17:52:19.718] [bmv2] [D] [thread 2650] [5.0] [cxt 0] Parser state 'start': key is 86dd
[17:52:19.718] [bmv2] [T] [thread 2650] [5.0] [cxt 0] Bytes parsed: 14
[17:52:19.734] [bmv2] [D] [thread 2650] [5.0] [cxt 0] Parser 'parser': end
[17:52:19.734] [bmv2] [D] [thread 2650] [5.0] [cxt 0] Pipeline 'ingress': start
[17:52:19.735] [bmv2] [T] [thread 2650] [5.0] [cxt 0] /home/p4/git/src/p4src/main.p4(83) Condition "hdr.ipv4.isValid()" (node_2) is false
[17:52:19.735] [bmv2] [D] [thread 2650] [5.0] [cxt 0] Pipeline 'ingress': end
[17:52:19.735] [bmv2] [D] [thread 2650] [5.0] [cxt 0] Egress port is 0
[17:52:19.739] [bmv2] [D] [thread 2651] [5.0] [cxt 0] Pipeline 'egress': start
[17:52:19.739] [bmv2] [D] [thread 2651] [5.0] [cxt 0] Pipeline 'egress': end
[17:52:19.739] [bmv2] [D] [thread 2651] [5.0] [cxt 0] Deparser 'deparser': start
[17:52:19.740] [bmv2] [T] [thread 2651] [5.0] [cxt 0] Skipping checksum 'cksum' update because condition not met
[17:52:19.740] [bmv2] [D] [thread 2651] [5.0] [cxt 0] Deparsing header 'ethernet'
[17:52:19.740] [bmv2] [D] [thread 2651] [5.0] [cxt 0] Deparser 'deparser': end
[17:52:19.779] [bmv2] [D] [thread 2655] [5.0] [cxt 0] Transmitting packet of size 70 out of port 0
[17:52:19.801] [bmv2] [D] [thread 2650] [6.0] [cxt 0] Processing packet received on port 4
[17:52:19.801] [bmv2] [D] [thread 2650] [6.0] [cxt 0] Parser 'parser': start
[17:52:19.806] [bmv2] [D] [thread 2650] [6.0] [cxt 0] Parser 'parser' entering state 'start'
[17:52:19.806] [bmv2] [D] [thread 2650] [6.0] [cxt 0] Extracting header 'ethernet'
[17:52:19.807] [bmv2] [D] [thread 2650] [6.0] [cxt 0] Parser state 'start': key is 86dd
[17:52:19.807] [bmv2] [T] [thread 2650] [6.0] [cxt 0] Bytes parsed: 14
[17:52:19.807] [bmv2] [D] [thread 2650] [6.0] [cxt 0] Parser 'parser': end
[17:52:19.807] [bmv2] [D] [thread 2650] [6.0] [cxt 0] Pipeline 'ingress': start
[17:52:19.808] [bmv2] [T] [thread 2650] [6.0] [cxt 0] /home/p4/git/src/p4src/main.p4(83) Condition "hdr.ipv4.isValid()" (node_2) is false
[17:52:19.808] [bmv2] [D] [thread 2650] [6.0] [cxt 0] Pipeline 'ingress': end
[17:52:19.808] [bmv2] [D] [thread 2650] [6.0] [cxt 0] Egress port is 0
[17:52:19.828] [bmv2] [D] [thread 2651] [6.0] [cxt 0] Pipeline 'egress': start
[17:52:19.828] [bmv2] [D] [thread 2651] [6.0] [cxt 0] Pipeline 'egress': end
[17:52:19.828] [bmv2] [D] [thread 2651] [6.0] [cxt 0] Deparser 'deparser': start
[17:52:19.829] [bmv2] [T] [thread 2651] [6.0] [cxt 0] Skipping checksum 'cksum' update because condition not met
[17:52:19.829] [bmv2] [D] [thread 2651] [6.0] [cxt 0] Deparsing header 'ethernet'
[17:52:19.829] [bmv2] [D] [thread 2651] [6.0] [cxt 0] Deparser 'deparser': end
[17:52:19.842] [bmv2] [D] [thread 2655] [6.0] [cxt 0] Transmitting packet of size 70 out of port 0
[17:52:19.843] [bmv2] [D] [thread 2650] [7.0] [cxt 0] Processing packet received on port 7
[17:52:19.843] [bmv2] [D] [thread 2650] [7.0] [cxt 0] Parser 'parser': start
[17:52:19.843] [bmv2] [D] [thread 2650] [7.0] [cxt 0] Parser 'parser' entering state 'start'
[17:52:19.844] [bmv2] [D] [thread 2650] [7.0] [cxt 0] Extracting header 'ethernet'
[17:52:19.844] [bmv2] [D] [thread 2650] [7.0] [cxt 0] Parser state 'start': key is 86dd
[17:52:19.844] [bmv2] [T] [thread 2650] [7.0] [cxt 0] Bytes parsed: 14
[17:52:19.844] [bmv2] [D] [thread 2650] [7.0] [cxt 0] Parser 'parser': end
[17:52:19.845] [bmv2] [D] [thread 2650] [7.0] [cxt 0] Pipeline 'ingress': start
[17:52:19.845] [bmv2] [T] [thread 2650] [7.0] [cxt 0] /home/p4/git/src/p4src/main.p4(83) Condition "hdr.ipv4.isValid()" (node_2) is false
[17:52:19.845] [bmv2] [D] [thread 2650] [7.0] [cxt 0] Pipeline 'ingress': end
[17:52:19.845] [bmv2] [D] [thread 2650] [7.0] [cxt 0] Egress port is 0
[17:52:19.863] [bmv2] [D] [thread 2651] [7.0] [cxt 0] Pipeline 'egress': start
[17:52:19.863] [bmv2] [D] [thread 2651] [7.0] [cxt 0] Pipeline 'egress': end
[17:52:19.864] [bmv2] [D] [thread 2651] [7.0] [cxt 0] Deparser 'deparser': start
[17:52:19.864] [bmv2] [T] [thread 2651] [7.0] [cxt 0] Skipping checksum 'cksum' update because condition not met
[17:52:19.864] [bmv2] [D] [thread 2651] [7.0] [cxt 0] Deparsing header 'ethernet'
[17:52:19.864] [bmv2] [D] [thread 2651] [7.0] [cxt 0] Deparser 'deparser': end
[17:52:19.875] [bmv2] [D] [thread 2655] [7.0] [cxt 0] Transmitting packet of size 70 out of port 0
[17:52:21.558] [bmv2] [D] [thread 2650] [8.0] [cxt 0] Processing packet received on port 6
[17:52:21.558] [bmv2] [D] [thread 2650] [8.0] [cxt 0] Parser 'parser': start
[17:52:21.559] [bmv2] [D] [thread 2650] [8.0] [cxt 0] Parser 'parser' entering state 'start'
[17:52:21.559] [bmv2] [D] [thread 2650] [8.0] [cxt 0] Extracting header 'ethernet'
[17:52:21.559] [bmv2] [D] [thread 2650] [8.0] [cxt 0] Parser state 'start': key is 86dd
[17:52:21.559] [bmv2] [T] [thread 2650] [8.0] [cxt 0] Bytes parsed: 14
[17:52:21.559] [bmv2] [D] [thread 2650] [8.0] [cxt 0] Parser 'parser': end
[17:52:21.560] [bmv2] [D] [thread 2650] [8.0] [cxt 0] Pipeline 'ingress': start
[17:52:21.560] [bmv2] [T] [thread 2650] [8.0] [cxt 0] /home/p4/git/src/p4src/main.p4(83) Condition "hdr.ipv4.isValid()" (node_2) is false
[17:52:21.560] [bmv2] [D] [thread 2650] [8.0] [cxt 0] Pipeline 'ingress': end
[17:52:21.560] [bmv2] [D] [thread 2650] [8.0] [cxt 0] Egress port is 0
[17:52:21.579] [bmv2] [D] [thread 2651] [8.0] [cxt 0] Pipeline 'egress': start
[17:52:21.580] [bmv2] [D] [thread 2651] [8.0] [cxt 0] Pipeline 'egress': end
[17:52:21.580] [bmv2] [D] [thread 2651] [8.0] [cxt 0] Deparser 'deparser': start
[17:52:21.580] [bmv2] [T] [thread 2651] [8.0] [cxt 0] Skipping checksum 'cksum' update because condition not met
[17:52:21.580] [bmv2] [D] [thread 2651] [8.0] [cxt 0] Deparsing header 'ethernet'
[17:52:21.580] [bmv2] [D] [thread 2651] [8.0] [cxt 0] Deparser 'deparser': end
[17:52:21.586] [bmv2] [D] [thread 2655] [8.0] [cxt 0] Transmitting packet of size 70 out of port 0
[17:52:25.682] [bmv2] [D] [thread 2650] [9.0] [cxt 0] Processing packet received on port 7
[17:52:25.683] [bmv2] [D] [thread 2650] [9.0] [cxt 0] Parser 'parser': start
[17:52:25.683] [bmv2] [D] [thread 2650] [9.0] [cxt 0] Parser 'parser' entering state 'start'
[17:52:25.683] [bmv2] [D] [thread 2650] [9.0] [cxt 0] Extracting header 'ethernet'
[17:52:25.683] [bmv2] [D] [thread 2650] [9.0] [cxt 0] Parser state 'start': key is 86dd
[17:52:25.683] [bmv2] [T] [thread 2650] [9.0] [cxt 0] Bytes parsed: 14
[17:52:25.684] [bmv2] [D] [thread 2650] [9.0] [cxt 0] Parser 'parser': end
[17:52:25.684] [bmv2] [D] [thread 2650] [9.0] [cxt 0] Pipeline 'ingress': start
[17:52:25.684] [bmv2] [T] [thread 2650] [9.0] [cxt 0] /home/p4/git/src/p4src/main.p4(83) Condition "hdr.ipv4.isValid()" (node_2) is false
[17:52:25.684] [bmv2] [D] [thread 2650] [9.0] [cxt 0] Pipeline 'ingress': end
[17:52:25.684] [bmv2] [D] [thread 2650] [9.0] [cxt 0] Egress port is 0
[17:52:25.688] [bmv2] [D] [thread 2651] [9.0] [cxt 0] Pipeline 'egress': start
[17:52:25.688] [bmv2] [D] [thread 2651] [9.0] [cxt 0] Pipeline 'egress': end
[17:52:25.688] [bmv2] [D] [thread 2651] [9.0] [cxt 0] Deparser 'deparser': start
[17:52:25.689] [bmv2] [T] [thread 2651] [9.0] [cxt 0] Skipping checksum 'cksum' update because condition not met
[17:52:25.689] [bmv2] [D] [thread 2651] [9.0] [cxt 0] Deparsing header 'ethernet'
[17:52:25.689] [bmv2] [D] [thread 2651] [9.0] [cxt 0] Deparser 'deparser': end
[17:52:25.694] [bmv2] [D] [thread 2655] [9.0] [cxt 0] Transmitting packet of size 70 out of port 0
[17:52:27.705] [bmv2] [D] [thread 2650] [10.0] [cxt 0] Processing packet received on port 8
[17:52:27.710] [bmv2] [D] [thread 2650] [10.0] [cxt 0] Parser 'parser': start
[17:52:27.711] [bmv2] [D] [thread 2650] [10.0] [cxt 0] Parser 'parser' entering state 'start'
[17:52:27.711] [bmv2] [D] [thread 2650] [10.0] [cxt 0] Extracting header 'ethernet'
[17:52:27.711] [bmv2] [D] [thread 2650] [10.0] [cxt 0] Parser state 'start': key is 86dd
[17:52:27.712] [bmv2] [T] [thread 2650] [10.0] [cxt 0] Bytes parsed: 14
[17:52:27.712] [bmv2] [D] [thread 2650] [10.0] [cxt 0] Parser 'parser': end
[17:52:27.712] [bmv2] [D] [thread 2650] [10.0] [cxt 0] Pipeline 'ingress': start
[17:52:27.712] [bmv2] [T] [thread 2650] [10.0] [cxt 0] /home/p4/git/src/p4src/main.p4(83) Condition "hdr.ipv4.isValid()" (node_2) is false
[17:52:27.712] [bmv2] [D] [thread 2650] [10.0] [cxt 0] Pipeline 'ingress': end
[17:52:27.713] [bmv2] [D] [thread 2650] [10.0] [cxt 0] Egress port is 0
[17:52:27.726] [bmv2] [D] [thread 2651] [10.0] [cxt 0] Pipeline 'egress': start
[17:52:27.727] [bmv2] [D] [thread 2651] [10.0] [cxt 0] Pipeline 'egress': end
[17:52:27.727] [bmv2] [D] [thread 2651] [10.0] [cxt 0] Deparser 'deparser': start
[17:52:27.727] [bmv2] [T] [thread 2651] [10.0] [cxt 0] Skipping checksum 'cksum' update because condition not met
[17:52:27.727] [bmv2] [D] [thread 2651] [10.0] [cxt 0] Deparsing header 'ethernet'
[17:52:27.727] [bmv2] [D] [thread 2651] [10.0] [cxt 0] Deparser 'deparser': end
[17:52:27.738] [bmv2] [D] [thread 2655] [10.0] [cxt 0] Transmitting packet of size 70 out of port 0
[17:56:07.435] [bmv2] [T] [thread 4690] bm_get_config
[17:56:07.464] [bmv2] [T] [thread 4690] bm_mt_get_entries
[17:56:07.476] [bmv2] [T] [thread 4690] bm_mt_get_entries
[17:56:07.851] [bmv2] [T] [thread 4690] bm_reset_state
[17:56:07.869] [bmv2] [D] [thread 4690] Resetting simple_switch target-specific state
[17:56:07.871] [bmv2] [D] [thread 4690] resetting PRE state
[17:56:08.078] [bmv2] [T] [thread 4690] bm_set_default_action
[17:56:08.088] [bmv2] [D] [thread 4690] Set default entry for table 'MyIngress.ipv4_lpm': MyIngress.drop - 
[17:56:08.099] [bmv2] [T] [thread 4690] bm_set_default_action
[17:56:08.103] [bmv2] [D] [thread 4690] Set default entry for table 'MyIngress.ecmp_group_to_nhop': MyIngress.drop - 
[17:56:09.097] [bmv2] [T] [thread 4690] bm_table_add_entry
[17:56:09.121] [bmv2] [D] [thread 4690] Entry 0 added to table 'MyIngress.ipv4_lpm'
[17:56:09.139] [bmv2] [D] [thread 4690] Dumping entry 0
Match key:
* hdr.ipv4.dstAddr    : LPM       0a000000/24
Action entry: MyIngress.set_nhop - ce8b1ce336c0,1,

[17:56:09.178] [bmv2] [T] [thread 4690] bm_table_add_entry
[17:56:09.180] [bmv2] [E] [thread 4690] Error when trying to add entry to table 'MyIngress.ipv4_lpm': DUPLICATE_ENTRY
[17:56:09.205] [bmv2] [T] [thread 4690] bm_table_add_entry
[17:56:09.207] [bmv2] [D] [thread 4690] Entry 1 added to table 'MyIngress.ipv4_lpm'
[17:56:09.207] [bmv2] [D] [thread 4690] Dumping entry 1
Match key:
* hdr.ipv4.dstAddr    : LPM       0a000002/32
Action entry: MyIngress.set_nhop - a000002,3,

[17:56:09.246] [bmv2] [T] [thread 4690] bm_table_add_entry
[17:56:09.247] [bmv2] [E] [thread 4690] Error when trying to add entry to table 'MyIngress.ipv4_lpm': DUPLICATE_ENTRY
[17:56:09.274] [bmv2] [T] [thread 4690] bm_table_add_entry
[17:56:09.275] [bmv2] [E] [thread 4690] Error when trying to add entry to table 'MyIngress.ipv4_lpm': DUPLICATE_ENTRY
[17:56:09.306] [bmv2] [T] [thread 4690] bm_table_add_entry
[17:56:09.307] [bmv2] [E] [thread 4690] Error when trying to add entry to table 'MyIngress.ipv4_lpm': DUPLICATE_ENTRY
[17:56:09.334] [bmv2] [T] [thread 4690] bm_table_add_entry
[17:56:09.335] [bmv2] [E] [thread 4690] Error when trying to add entry to table 'MyIngress.ipv4_lpm': DUPLICATE_ENTRY
[17:56:09.361] [bmv2] [T] [thread 4690] bm_table_add_entry
[17:56:09.362] [bmv2] [E] [thread 4690] Error when trying to add entry to table 'MyIngress.ipv4_lpm': DUPLICATE_ENTRY
open: No such file or directory
open: No such file or directory
open: No such file or directory
open: No such file or directory
open: No such file or directory
open: No such file or directory
open: No such file or directory
open: No such file or directory
open: No such file or directory
open: No such file or directory
open: No such file or directory
open: No such file or directory
open: No such file or directory
open: No such file or directory
open: No such file or directory
open: No such file or directory
open: No such file or directory
open: No such file or directory
open: No such file or directory
open: No such file or directory
open: No such file or directory
open: No such file or directory
open: No such file or directory
open: No such file or directory
open: No such file or directory
open: No such file or directory
open: No such file or directory
open: No such file or directory
open: No such file or directory
open: No such file or directory
open: No such file or directory
open: No such file or directory
open: No such file or directory
open: No such file or directory
open: No such file or directory
open: No such file or directory
open: No such file or directory
open: No such file or directory
open: No such file or directory
open: No such file or directory
open: No such file or directory
open: No such file or directory
open: No such file or directory
open: No such file or directory
open: No such file or directory
open: No such file or directory
open: No such file or directory
open: No such file or directory
open: No such file or directory
open: No such file or directory
open: No such file or directory
open: No such file or directory
open: No such file or directory
open: No such file or directory
open: No such file or directory
open: No such file or directory
open: No such file or directory
open: No such file or directory
open: No such file or directory
open: No such file or directory
open: No such file or directory
open: No such file or directory
open: No such file or directory
open: No such file or directory
open: No such file or directory
open: No such file or directory
open: No such file or directory
open: No such file or directory
open: No such file or directory
open: No such file or directory
open: No such file or directory
open: No such file or directory
open: No such file or directory
open: No such file or directory
open: No such file or directory
open: No such file or directory
open: No such file or directory
open: No such file or directory
open: No such file or directory
open: No such file or directory
open: No such file or directory
open: No such file or directory
open: No such file or directory
open: No such file or directory
open: No such file or directory
open: No such file or directory
open: No such file or directory
open: No such file or directory
open: No such file or directory
open: No such file or directory
open: No such file or directory
open: No such file or directory
open: No such file or directory
open: No such file or directory
open: No such file or directory
open: No such file or directory
open: No such file or directory
open: No such file or directory
open: No such file or directory
open: No such file or directory
open: No such file or directory
open: No such file or directory
open: No such file or directory
open: No such file or directory
open: No such file or directory
open: No such file or directory
open: No such file or directory
open: No such file or directory
open: No such file or directory
open: No such file or directory
open: No such file or directory
open: No such file or directory
open: No such file or directory
open: No such file or directory
open: No such file or directory
open: No such file or directory
open: No such file or directory
open: No such file or directory
open: No such file or directory
open: No such file or directory
open: No such file or directory
open: No such file or directory
open: No such file or directory
open: No such file or directory
open: No such file or directory
open: No such file or directory
open: No such file or directory
open: No such file or directory
open: No such file or directory
open: No such file or directory
open: No such file or directory
open: No such file or directory
open: No such file or directory
open: No such file or directory
open: No such file or directory
open: No such file or directory
open: No such file or directory
open: No such file or directory
open: No such file or directory
open: No such file or directory
open: No such file or directory
open: No such file or directory
open: No such file or directory
open: No such file or directory
open: No such file or directory
open: No such file or directory
open: No such file or directory
open: No such file or directory
open: No such file or directory
open: No such file or directory
open: No such file or directory
open: No such file or directory
open: No such file or directory
open: No such file or directory
open: No such file or directory
open: No such file or directory
open: No such file or directory
open: No such file or directory
open: No such file or directory
open: No such file or directory
open: No such file or directory
open: No such file or directory
open: No such file or directory
open: No such file or directory
open: No such file or directory
open: No such file or directory
open: No such file or directory
open: No such file or directory
open: No such file or directory
open: No such file or directory
open: No such file or directory
open: No such file or directory
open: No such file or directory
open: No such file or directory
open: No such file or directory
open: No such file or directory
open: No such file or directory
open: No such file or directory
open: No such file or directory
open: No such file or directory
open: No such file or directory
open: No such file or directory
open: No such file or directory
open: No such file or directory
open: No such file or directory
open: No such file or directory
open: No such file or directory
open: No such file or directory
open: No such file or directory
open: No such file or directory
open: No such file or directory
open: No such file or directory
open: No such file or directory
open: No such file or directory
open: No such file or directory
open: No such file or directory
open: No such file or directory
open: No such file or directory
open: No such file or directory
open: No such file or directory
open: No such file or directory
open: No such file or directory
open: No such file or directory
open: No such file or directory
open: No such file or directory
open: No such file or directory
open: No such file or directory
open: No such file or directory
open: No such file or directory
open: No such file or directory
open: No such file or directory
open: No such file or directory
open: No such file or directory
open: No such file or directory
open: No such file or directory
open: No such file or directory
open: No such file or directory
open: No such file or directory
open: No such file or directory
open: No such file or directory
open: No such file or directory
open: No such file or directory
open: No such file or directory
open: No such file or directory
open: No such file or directory
open: No such file or directory
open: No such file or directory
open: No such file or directory
open: No such file or directory
open: No such file or directory
open: No such file or directory
open: No such file or directory
open: No such file or directory
open: No such file or directory
open: No such file or directory
open: No such file or directory
open: No such file or directory
open: No such file or directory
open: No such file or directory
open: No such file or directory
open: No such file or directory
open: No such file or directory
open: No such file or directory
open: No such file or directory
open: No such file or directory
open: No such file or directory
open: No such file or directory
open: No such file or directory
open: No such file or directory
open: No such file or directory
open: No such file or directory
open: No such file or directory
open: No such file or directory
open: No such file or directory
open: No such file or directory
open: No such file or directory
open: No such file or directory
open: No such file or directory
open: No such file or directory
open: No such file or directory
open: No such file or directory
open: No such file or directory
open: No such file or directory
open: No such file or directory
open: No such file or directory
open: No such file or directory
open: No such file or directory
open: No such file or directory
open: No such file or directory
open: No such file or directory
open: No such file or directory
open: No such file or directory
open: No such file or directory
open: No such file or directory
open: No such file or directory
open: No such file or directory
open: No such file or directory
open: No such file or directory
open: No such file or directory
open: No such file or directory
open: No such file or directory
open: No such file or directory
open: No such file or directory
open: No such file or directory
open: No such file or directory
open: No such file or directory
open: No such file or directory
open: No such file or directory
open: No such file or directory
open: No such file or directory
open: No such file or directory
open: No such file or directory
open: No such file or directory
open: No such file or directory
open: No such file or directory
open: No such file or directory
open: No such file or directory
open: No such file or directory
open: No such file or directory
open: No such file or directory
open: No such file or directory
open: No such file or directory
open: No such file or directory
open: No such file or directory
open: No such file or directory
open: No such file or directory
open: No such file or directory
open: No such file or directory
open: No such file or directory
open: No such file or directory
open: No such file or directory
open: No such file or directory
open: No such file or directory
open: No such file or directory
open: No such file or directory
open: No such file or directory
open: No such file or directory
open: No such file or directory
open: No such file or directory
open: No such file or directory
open: No such file or directory
open: No such file or directory
open: No such file or directory
open: No such file or directory
open: No such file or directory
open: No such file or directory
open: No such file or directory
open: No such file or directory
open: No such file or directory
open: No such file or directory
open: No such file or directory
open: No such file or directory
open: No such file or directory
open: No such file or directory
open: No such file or directory
open: No such file or directory
open: No such file or directory
open: No such file or directory
open: No such file or directory
open: No such file or directory
open: No such file or directory
open: No such file or directory
open: No such file or directory
open: No such file or directory
open: No such file or directory
open: No such file or directory
open: No such file or directory
open: No such file or directory
open: No such file or directory
open: No such file or directory
open: No such file or directory
open: No such file or directory
open: No such file or directory
open: No such file or directory
open: No such file or directory
open: No such file or directory
open: No such file or directory
open: No such file or directory
open: No such file or directory
open: No such file or directory
open: No such file or directory
open: No such file or directory
open: No such file or directory
open: No such file or directory
open: No such file or directory
open: No such file or directory
open: No such file or directory
open: No such file or directory
open: No such file or directory
open: No such file or directory
open: No such file or directory
open: No such file or directory
open: No such file or directory
open: No such file or directory
open: No such file or directory
open: No such file or directory
open: No such file or directory
open: No such file or directory
open: No such file or directory
open: No such file or directory
open: No such file or directory
open: No such file or directory
open: No such file or directory
open: No such file or directory
open: No such file or directory
open: No such file or directory
open: No such file or directory
open: No such file or directory
open: No such file or directory
open: No such file or directory
open: No such file or directory
open: No such file or directory
open: No such file or directory
open: No such file or directory
open: No such file or directory
open: No such file or directory
open: No such file or directory
open: No such file or directory
open: No such file or directory
open: No such file or directory
open: No such file or directory
open: No such file or directory
open: No such file or directory
open: No such file or directory
open: No such file or directory
open: No such file or directory
open: No such file or directory
open: No such file or directory
open: No such file or directory
open: No such file or directory
open: No such file or directory
open: No such file or directory
open: No such file or directory
open: No such file or directory
open: No such file or directory
open: No such file or directory
open: No such file or directory
open: No such file or directory
open: No such file or directory
open: No such file or directory
open: No such file or directory
open: No such file or directory
open: No such file or directory
open: No such file or directory
open: No such file or directory
open: No such file or directory
open: No such file or directory
open: No such file or directory
open: No such file or directory
open: No such file or directory
open: No such file or directory
open: No such file or directory
open: No such file or directory
open: No such file or directory
open: No such file or directory
open: No such file or directory
open: No such file or directory
open: No such file or directory
open: No such file or directory
open: No such file or directory
open: No such file or directory
open: No such file or directory
open: No such file or directory
open: No such file or directory
open: No such file or directory
open: No such file or directory
open: No such file or directory
open: No such file or directory
open: No such file or directory
open: No such file or directory
open: No such file or directory
open: No such file or directory
open: No such file or directory
open: No such file or directory
open: No such file or directory
open: No such file or directory
open: No such file or directory
open: No such file or directory
open: No such file or directory
open: No such file or directory
open: No such file or directory
open: No such file or directory
open: No such file or directory
open: No such file or directory
open: No such file or directory
open: No such file or directory
open: No such file or directory
open: No such file or directory
open: No such file or directory
open: No such file or directory
open: No such file or directory
open: No such file or directory
open: No such file or directory
open: No such file or directory
open: No such file or directory
open: No such file or directory
open: No such file or directory
open: No such file or directory
open: No such file or directory
open: No such file or directory
open: No such file or directory
open: No such file or directory
open: No such file or directory
open: No such file or directory
open: No such file or directory
open: No such file or directory
open: No such file or directory
open: No such file or directory
open: No such file or directory
open: No such file or directory
open: No such file or directory
open: No such file or directory
open: No such file or directory
open: No such file or directory
open: No such file or directory
open: No such file or directory
open: No such file or directory
open: No such file or directory
open: No such file or directory
open: No such file or directory
open: No such file or directory
open: No such file or directory
open: No such file or directory
open: No such file or directory
open: No such file or directory
open: No such file or directory
open: No such file or directory
open: No such file or directory
open: No such file or directory
open: No such file or directory
open: No such file or directory
open: No such file or directory
open: No such file or directory
open: No such file or directory
open: No such file or directory
open: No such file or directory
open: No such file or directory
open: No such file or directory
open: No such file or directory
open: No such file or directory
open: No such file or directory
open: No such file or directory
open: No such file or directory
open: No such file or directory
open: No such file or directory
open: No such file or directory
open: No such file or directory
open: No such file or directory
open: No such file or directory
open: No such file or directory
open: No such file or directory
open: No such file or directory
open: No such file or directory
open: No such file or directory
open: No such file or directory
open: No such file or directory
open: No such file or directory
open: No such file or directory
open: No such file or directory
open: No such file or directory
open: No such file or directory
open: No such file or directory
open: No such file or directory
open: No such file or directory
open: No such file or directory
open: No such file or directory
open: No such file or directory
open: No such file or directory
open: No such file or directory
open: No such file or directory
open: No such file or directory
open: No such file or directory
open: No such file or directory
open: No such file or directory
open: No such file or directory
open: No such file or directory
open: No such file or directory
open: No such file or directory
open: No such file or directory
open: No such file or directory
open: No such file or directory
open: No such file or directory
open: No such file or directory
open: No such file or directory
open: No such file or directory
open: No such file or directory
open: No such file or directory
open: No such file or directory
open: No such file or directory
open: No such file or directory
open: No such file or directory
open: No such file or directory
open: No such file or directory
open: No such file or directory
open: No such file or directory
open: No such file or directory
open: No such file or directory
open: No such file or directory
open: No such file or directory
open: No such file or directory
open: No such file or directory
open: No such file or directory
open: No such file or directory
open: No such file or directory
open: No such file or directory
open: No such file or directory
open: No such file or directory
open: No such file or directory
open: No such file or directory
open: No such file or directory
open: No such file or directory
open: No such file or directory
open: No such file or directory
open: No such file or directory
open: No such file or directory
open: No such file or directory
open: No such file or directory
open: No such file or directory
open: No such file or directory
open: No such file or directory
open: No such file or directory
open: No such file or directory
open: No such file or directory
open: No such file or directory
open: No such file or directory
open: No such file or directory
open: No such file or directory
open: No such file or directory
open: No such file or directory
open: No such file or directory
open: No such file or directory
open: No such file or directory
open: No such file or directory
open: No such file or directory
open: No such file or directory
open: No such file or directory
open: No such file or directory
open: No such file or directory
open: No such file or directory
open: No such file or directory
open: No such file or directory
open: No such file or directory
open: No such file or directory
open: No such file or directory
open: No such file or directory
open: No such file or directory
open: No such file or directory
open: No such file or directory
open: No such file or directory
open: No such file or directory
open: No such file or directory
open: No such file or directory
open: No such file or directory
open: No such file or directory
open: No such file or directory
open: No such file or directory
open: No such file or directory
open: No such file or directory
open: No such file or directory
open: No such file or directory
open: No such file or directory
open: No such file or directory
open: No such file or directory
open: No such file or directory
open: No such file or directory
open: No such file or directory
open: No such file or directory
open: No such file or directory
open: No such file or directory
open: No such file or directory
open: No such file or directory
open: No such file or directory
open: No such file or directory
open: No such file or directory
open: No such file or directory
open: No such file or directory
open: No such file or directory
open: No such file or directory
open: No such file or directory
open: No such file or directory
open: No such file or directory
open: No such file or directory
open: No such file or directory
