Warning: you requested the nanomsg event logger, but bmv2 was compiled without -DBMELOG, and the event logger cannot be activated
Calling target program-options parser
[17:35:29.926] [bmv2] [D] [thread 13697] Set default default entry for table 'tbl_repeater_without_table50': repeater_without_table50 - 
[17:35:29.956] [bmv2] [D] [thread 13697] Set default default entry for table 'tbl_repeater_without_table55': repeater_without_table55 - 
Adding interface s6-eth1 as port 1
[17:35:30.021] [bmv2] [D] [thread 13697] Adding interface s6-eth1 as port 1
Adding interface s6-eth2 as port 2
[17:35:30.115] [bmv2] [D] [thread 13697] Adding interface s6-eth2 as port 2
Adding interface s6-eth3 as port 3
[17:35:30.164] [bmv2] [D] [thread 13697] Adding interface s6-eth3 as port 3
Adding interface s6-eth4 as port 4
[17:35:30.196] [bmv2] [D] [thread 13697] Adding interface s6-eth4 as port 4
Adding interface s6-eth5 as port 5
[17:35:30.235] [bmv2] [D] [thread 13697] Adding interface s6-eth5 as port 5
Adding interface s6-eth6 as port 6
[17:35:30.264] [bmv2] [D] [thread 13697] Adding interface s6-eth6 as port 6
Adding interface s6-eth7 as port 7
[17:35:30.303] [bmv2] [D] [thread 13697] Adding interface s6-eth7 as port 7
Adding interface s6-eth8 as port 8
[17:35:30.343] [bmv2] [D] [thread 13697] Adding interface s6-eth8 as port 8
[17:35:30.384] [bmv2] [I] [thread 13697] Starting Thrift server on port 9096
[17:35:30.449] [bmv2] [I] [thread 13697] Thrift server was started
[17:35:30.669] [bmv2] [D] [thread 13713] [0.0] [cxt 0] Processing packet received on port 5
[17:35:30.686] [bmv2] [D] [thread 13713] [0.0] [cxt 0] Parser 'parser': start
[17:35:30.687] [bmv2] [D] [thread 13713] [0.0] [cxt 0] Parser 'parser' entering state 'start'
[17:35:30.688] [bmv2] [D] [thread 13713] [0.0] [cxt 0] Parser state 'start' has no switch, going to default next state
[17:35:30.689] [bmv2] [T] [thread 13713] [0.0] [cxt 0] Bytes parsed: 0
[17:35:30.689] [bmv2] [D] [thread 13713] [0.0] [cxt 0] Parser 'parser': end
[17:35:30.702] [bmv2] [D] [thread 13713] [0.0] [cxt 0] Pipeline 'ingress': start
[17:35:30.759] [bmv2] [T] [thread 13713] [0.0] [cxt 0] /home/p4/git/src/repeater_without_table.p4(49) Condition "standard_metadata.ingress_port == 1" (node_2) is false
[17:35:30.759] [bmv2] [T] [thread 13713] [0.0] [cxt 0] /home/p4/git/src/repeater_without_table.p4(54) Condition "standard_metadata.ingress_port == 2" (node_4) is false
[17:35:30.760] [bmv2] [D] [thread 13713] [0.0] [cxt 0] Pipeline 'ingress': end
[17:35:30.760] [bmv2] [D] [thread 13713] [0.0] [cxt 0] Egress port is 0
[17:35:30.802] [bmv2] [D] [thread 13715] [0.0] [cxt 0] Pipeline 'egress': start
[17:35:30.802] [bmv2] [D] [thread 13715] [0.0] [cxt 0] Pipeline 'egress': end
[17:35:30.803] [bmv2] [D] [thread 13715] [0.0] [cxt 0] Deparser 'deparser': start
[17:35:30.803] [bmv2] [D] [thread 13715] [0.0] [cxt 0] Deparser 'deparser': end
[17:35:30.804] [bmv2] [D] [thread 13719] [0.0] [cxt 0] Transmitting packet of size 70 out of port 0
[17:35:31.327] [bmv2] [D] [thread 13713] [1.0] [cxt 0] Processing packet received on port 6
[17:35:31.327] [bmv2] [D] [thread 13713] [1.0] [cxt 0] Parser 'parser': start
[17:35:31.327] [bmv2] [D] [thread 13713] [1.0] [cxt 0] Parser 'parser' entering state 'start'
[17:35:31.327] [bmv2] [D] [thread 13713] [1.0] [cxt 0] Parser state 'start' has no switch, going to default next state
[17:35:31.327] [bmv2] [T] [thread 13713] [1.0] [cxt 0] Bytes parsed: 0
[17:35:31.328] [bmv2] [D] [thread 13713] [1.0] [cxt 0] Parser 'parser': end
[17:35:31.328] [bmv2] [D] [thread 13713] [1.0] [cxt 0] Pipeline 'ingress': start
[17:35:31.328] [bmv2] [T] [thread 13713] [1.0] [cxt 0] /home/p4/git/src/repeater_without_table.p4(49) Condition "standard_metadata.ingress_port == 1" (node_2) is false
[17:35:31.328] [bmv2] [T] [thread 13713] [1.0] [cxt 0] /home/p4/git/src/repeater_without_table.p4(54) Condition "standard_metadata.ingress_port == 2" (node_4) is false
[17:35:31.328] [bmv2] [D] [thread 13713] [1.0] [cxt 0] Pipeline 'ingress': end
[17:35:31.328] [bmv2] [D] [thread 13713] [1.0] [cxt 0] Egress port is 0
[17:35:31.329] [bmv2] [D] [thread 13715] [1.0] [cxt 0] Pipeline 'egress': start
[17:35:31.329] [bmv2] [D] [thread 13715] [1.0] [cxt 0] Pipeline 'egress': end
[17:35:31.333] [bmv2] [D] [thread 13715] [1.0] [cxt 0] Deparser 'deparser': start
[17:35:31.334] [bmv2] [D] [thread 13715] [1.0] [cxt 0] Deparser 'deparser': end
[17:35:31.334] [bmv2] [D] [thread 13719] [1.0] [cxt 0] Transmitting packet of size 70 out of port 0
[17:35:33.118] [bmv2] [D] [thread 13713] [2.0] [cxt 0] Processing packet received on port 5
[17:35:33.119] [bmv2] [D] [thread 13713] [2.0] [cxt 0] Parser 'parser': start
[17:35:33.119] [bmv2] [D] [thread 13713] [2.0] [cxt 0] Parser 'parser' entering state 'start'
[17:35:33.119] [bmv2] [D] [thread 13713] [2.0] [cxt 0] Parser state 'start' has no switch, going to default next state
[17:35:33.119] [bmv2] [T] [thread 13713] [2.0] [cxt 0] Bytes parsed: 0
[17:35:33.119] [bmv2] [D] [thread 13713] [2.0] [cxt 0] Parser 'parser': end
[17:35:33.119] [bmv2] [D] [thread 13713] [2.0] [cxt 0] Pipeline 'ingress': start
[17:35:33.120] [bmv2] [T] [thread 13713] [2.0] [cxt 0] /home/p4/git/src/repeater_without_table.p4(49) Condition "standard_metadata.ingress_port == 1" (node_2) is false
[17:35:33.120] [bmv2] [T] [thread 13713] [2.0] [cxt 0] /home/p4/git/src/repeater_without_table.p4(54) Condition "standard_metadata.ingress_port == 2" (node_4) is false
[17:35:33.120] [bmv2] [D] [thread 13713] [2.0] [cxt 0] Pipeline 'ingress': end
[17:35:33.120] [bmv2] [D] [thread 13713] [2.0] [cxt 0] Egress port is 0
[17:35:33.121] [bmv2] [D] [thread 13715] [2.0] [cxt 0] Pipeline 'egress': start
[17:35:33.121] [bmv2] [D] [thread 13715] [2.0] [cxt 0] Pipeline 'egress': end
[17:35:33.121] [bmv2] [D] [thread 13715] [2.0] [cxt 0] Deparser 'deparser': start
[17:35:33.121] [bmv2] [D] [thread 13715] [2.0] [cxt 0] Deparser 'deparser': end
[17:35:33.126] [bmv2] [D] [thread 13719] [2.0] [cxt 0] Transmitting packet of size 70 out of port 0
[17:35:34.396] [bmv2] [D] [thread 13713] [3.0] [cxt 0] Processing packet received on port 7
[17:35:34.397] [bmv2] [D] [thread 13713] [3.0] [cxt 0] Parser 'parser': start
[17:35:34.397] [bmv2] [D] [thread 13713] [3.0] [cxt 0] Parser 'parser' entering state 'start'
[17:35:34.397] [bmv2] [D] [thread 13713] [3.0] [cxt 0] Parser state 'start' has no switch, going to default next state
[17:35:34.397] [bmv2] [T] [thread 13713] [3.0] [cxt 0] Bytes parsed: 0
[17:35:34.397] [bmv2] [D] [thread 13713] [3.0] [cxt 0] Parser 'parser': end
[17:35:34.406] [bmv2] [D] [thread 13713] [3.0] [cxt 0] Pipeline 'ingress': start
[17:35:34.406] [bmv2] [T] [thread 13713] [3.0] [cxt 0] /home/p4/git/src/repeater_without_table.p4(49) Condition "standard_metadata.ingress_port == 1" (node_2) is false
[17:35:34.407] [bmv2] [T] [thread 13713] [3.0] [cxt 0] /home/p4/git/src/repeater_without_table.p4(54) Condition "standard_metadata.ingress_port == 2" (node_4) is false
[17:35:34.407] [bmv2] [D] [thread 13713] [3.0] [cxt 0] Pipeline 'ingress': end
[17:35:34.407] [bmv2] [D] [thread 13713] [3.0] [cxt 0] Egress port is 0
[17:35:34.410] [bmv2] [D] [thread 13715] [3.0] [cxt 0] Pipeline 'egress': start
[17:35:34.411] [bmv2] [D] [thread 13715] [3.0] [cxt 0] Pipeline 'egress': end
[17:35:34.411] [bmv2] [D] [thread 13715] [3.0] [cxt 0] Deparser 'deparser': start
[17:35:34.411] [bmv2] [D] [thread 13715] [3.0] [cxt 0] Deparser 'deparser': end
[17:35:34.426] [bmv2] [D] [thread 13719] [3.0] [cxt 0] Transmitting packet of size 70 out of port 0
[17:35:37.211] [bmv2] [D] [thread 13713] [4.0] [cxt 0] Processing packet received on port 6
[17:35:37.211] [bmv2] [D] [thread 13713] [4.0] [cxt 0] Parser 'parser': start
[17:35:37.211] [bmv2] [D] [thread 13713] [4.0] [cxt 0] Parser 'parser' entering state 'start'
[17:35:37.211] [bmv2] [D] [thread 13713] [4.0] [cxt 0] Parser state 'start' has no switch, going to default next state
[17:35:37.211] [bmv2] [T] [thread 13713] [4.0] [cxt 0] Bytes parsed: 0
[17:35:37.212] [bmv2] [D] [thread 13713] [4.0] [cxt 0] Parser 'parser': end
[17:35:37.212] [bmv2] [D] [thread 13713] [4.0] [cxt 0] Pipeline 'ingress': start
[17:35:37.212] [bmv2] [T] [thread 13713] [4.0] [cxt 0] /home/p4/git/src/repeater_without_table.p4(49) Condition "standard_metadata.ingress_port == 1" (node_2) is false
[17:35:37.212] [bmv2] [T] [thread 13713] [4.0] [cxt 0] /home/p4/git/src/repeater_without_table.p4(54) Condition "standard_metadata.ingress_port == 2" (node_4) is false
[17:35:37.212] [bmv2] [D] [thread 13713] [4.0] [cxt 0] Pipeline 'ingress': end
[17:35:37.213] [bmv2] [D] [thread 13713] [4.0] [cxt 0] Egress port is 0
[17:35:37.235] [bmv2] [D] [thread 13715] [4.0] [cxt 0] Pipeline 'egress': start
[17:35:37.236] [bmv2] [D] [thread 13715] [4.0] [cxt 0] Pipeline 'egress': end
[17:35:37.236] [bmv2] [D] [thread 13715] [4.0] [cxt 0] Deparser 'deparser': start
[17:35:37.236] [bmv2] [D] [thread 13715] [4.0] [cxt 0] Deparser 'deparser': end
[17:35:37.236] [bmv2] [D] [thread 13719] [4.0] [cxt 0] Transmitting packet of size 70 out of port 0
[17:35:39.263] [bmv2] [D] [thread 13713] [5.0] [cxt 0] Processing packet received on port 8
[17:35:39.263] [bmv2] [D] [thread 13713] [5.0] [cxt 0] Parser 'parser': start
[17:35:39.264] [bmv2] [D] [thread 13713] [5.0] [cxt 0] Parser 'parser' entering state 'start'
[17:35:39.264] [bmv2] [D] [thread 13713] [5.0] [cxt 0] Parser state 'start' has no switch, going to default next state
[17:35:39.264] [bmv2] [T] [thread 13713] [5.0] [cxt 0] Bytes parsed: 0
[17:35:39.264] [bmv2] [D] [thread 13713] [5.0] [cxt 0] Parser 'parser': end
[17:35:39.265] [bmv2] [D] [thread 13713] [5.0] [cxt 0] Pipeline 'ingress': start
[17:35:39.265] [bmv2] [T] [thread 13713] [5.0] [cxt 0] /home/p4/git/src/repeater_without_table.p4(49) Condition "standard_metadata.ingress_port == 1" (node_2) is false
[17:35:39.265] [bmv2] [T] [thread 13713] [5.0] [cxt 0] /home/p4/git/src/repeater_without_table.p4(54) Condition "standard_metadata.ingress_port == 2" (node_4) is false
[17:35:39.265] [bmv2] [D] [thread 13713] [5.0] [cxt 0] Pipeline 'ingress': end
[17:35:39.282] [bmv2] [D] [thread 13713] [5.0] [cxt 0] Egress port is 0
[17:35:39.285] [bmv2] [D] [thread 13715] [5.0] [cxt 0] Pipeline 'egress': start
[17:35:39.285] [bmv2] [D] [thread 13715] [5.0] [cxt 0] Pipeline 'egress': end
[17:35:39.287] [bmv2] [D] [thread 13715] [5.0] [cxt 0] Deparser 'deparser': start
[17:35:39.288] [bmv2] [D] [thread 13715] [5.0] [cxt 0] Deparser 'deparser': end
[17:35:39.288] [bmv2] [D] [thread 13719] [5.0] [cxt 0] Transmitting packet of size 70 out of port 0
[17:35:41.307] [bmv2] [D] [thread 13713] [6.0] [cxt 0] Processing packet received on port 8
[17:35:41.307] [bmv2] [D] [thread 13713] [6.0] [cxt 0] Parser 'parser': start
[17:35:41.307] [bmv2] [D] [thread 13713] [6.0] [cxt 0] Parser 'parser' entering state 'start'
[17:35:41.307] [bmv2] [D] [thread 13713] [6.0] [cxt 0] Parser state 'start' has no switch, going to default next state
[17:35:41.307] [bmv2] [T] [thread 13713] [6.0] [cxt 0] Bytes parsed: 0
[17:35:41.307] [bmv2] [D] [thread 13713] [6.0] [cxt 0] Parser 'parser': end
[17:35:41.308] [bmv2] [D] [thread 13713] [6.0] [cxt 0] Pipeline 'ingress': start
[17:35:41.308] [bmv2] [T] [thread 13713] [6.0] [cxt 0] /home/p4/git/src/repeater_without_table.p4(49) Condition "standard_metadata.ingress_port == 1" (node_2) is false
[17:35:41.308] [bmv2] [T] [thread 13713] [6.0] [cxt 0] /home/p4/git/src/repeater_without_table.p4(54) Condition "standard_metadata.ingress_port == 2" (node_4) is false
[17:35:41.308] [bmv2] [D] [thread 13713] [6.0] [cxt 0] Pipeline 'ingress': end
[17:35:41.308] [bmv2] [D] [thread 13713] [6.0] [cxt 0] Egress port is 0
[17:35:41.322] [bmv2] [D] [thread 13715] [6.0] [cxt 0] Pipeline 'egress': start
[17:35:41.322] [bmv2] [D] [thread 13715] [6.0] [cxt 0] Pipeline 'egress': end
[17:35:41.323] [bmv2] [D] [thread 13715] [6.0] [cxt 0] Deparser 'deparser': start
[17:35:41.323] [bmv2] [D] [thread 13715] [6.0] [cxt 0] Deparser 'deparser': end
[17:35:41.330] [bmv2] [D] [thread 13719] [6.0] [cxt 0] Transmitting packet of size 70 out of port 0
[17:43:34.239] [bmv2] [D] [thread 13713] [7.0] [cxt 0] Processing packet received on port 7
[17:43:34.247] [bmv2] [D] [thread 13713] [7.0] [cxt 0] Parser 'parser': start
[17:43:34.248] [bmv2] [D] [thread 13713] [7.0] [cxt 0] Parser 'parser' entering state 'start'
[17:43:34.249] [bmv2] [D] [thread 13713] [7.0] [cxt 0] Parser state 'start' has no switch, going to default next state
[17:43:34.254] [bmv2] [T] [thread 13713] [7.0] [cxt 0] Bytes parsed: 0
[17:43:34.255] [bmv2] [D] [thread 13713] [7.0] [cxt 0] Parser 'parser': end
[17:43:34.256] [bmv2] [D] [thread 13713] [7.0] [cxt 0] Pipeline 'ingress': start
[17:43:34.266] [bmv2] [T] [thread 13713] [7.0] [cxt 0] /home/p4/git/src/repeater_without_table.p4(49) Condition "standard_metadata.ingress_port == 1" (node_2) is false
[17:43:34.270] [bmv2] [T] [thread 13713] [7.0] [cxt 0] /home/p4/git/src/repeater_without_table.p4(54) Condition "standard_metadata.ingress_port == 2" (node_4) is false
[17:43:34.270] [bmv2] [D] [thread 13713] [7.0] [cxt 0] Pipeline 'ingress': end
[17:43:34.271] [bmv2] [D] [thread 13713] [7.0] [cxt 0] Egress port is 0
[17:43:34.279] [bmv2] [D] [thread 13715] [7.0] [cxt 0] Pipeline 'egress': start
[17:43:34.282] [bmv2] [D] [thread 13715] [7.0] [cxt 0] Pipeline 'egress': end
[17:43:34.282] [bmv2] [D] [thread 13715] [7.0] [cxt 0] Deparser 'deparser': start
[17:43:34.283] [bmv2] [D] [thread 13715] [7.0] [cxt 0] Deparser 'deparser': end
[17:43:34.284] [bmv2] [D] [thread 13719] [7.0] [cxt 0] Transmitting packet of size 98 out of port 0
[17:43:44.275] [bmv2] [D] [thread 13713] [8.0] [cxt 0] Processing packet received on port 7
[17:43:44.276] [bmv2] [D] [thread 13713] [8.0] [cxt 0] Parser 'parser': start
[17:43:44.276] [bmv2] [D] [thread 13713] [8.0] [cxt 0] Parser 'parser' entering state 'start'
[17:43:44.276] [bmv2] [D] [thread 13713] [8.0] [cxt 0] Parser state 'start' has no switch, going to default next state
[17:43:44.276] [bmv2] [T] [thread 13713] [8.0] [cxt 0] Bytes parsed: 0
[17:43:44.276] [bmv2] [D] [thread 13713] [8.0] [cxt 0] Parser 'parser': end
[17:43:44.276] [bmv2] [D] [thread 13713] [8.0] [cxt 0] Pipeline 'ingress': start
[17:43:44.277] [bmv2] [T] [thread 13713] [8.0] [cxt 0] /home/p4/git/src/repeater_without_table.p4(49) Condition "standard_metadata.ingress_port == 1" (node_2) is false
[17:43:44.277] [bmv2] [T] [thread 13713] [8.0] [cxt 0] /home/p4/git/src/repeater_without_table.p4(54) Condition "standard_metadata.ingress_port == 2" (node_4) is false
[17:43:44.277] [bmv2] [D] [thread 13713] [8.0] [cxt 0] Pipeline 'ingress': end
[17:43:44.277] [bmv2] [D] [thread 13713] [8.0] [cxt 0] Egress port is 0
[17:43:44.279] [bmv2] [D] [thread 13715] [8.0] [cxt 0] Pipeline 'egress': start
[17:43:44.280] [bmv2] [D] [thread 13715] [8.0] [cxt 0] Pipeline 'egress': end
[17:43:44.281] [bmv2] [D] [thread 13715] [8.0] [cxt 0] Deparser 'deparser': start
[17:43:44.282] [bmv2] [D] [thread 13715] [8.0] [cxt 0] Deparser 'deparser': end
[17:43:44.283] [bmv2] [D] [thread 13719] [8.0] [cxt 0] Transmitting packet of size 98 out of port 0
[17:43:54.345] [bmv2] [D] [thread 13713] [9.0] [cxt 0] Processing packet received on port 7
[17:43:54.345] [bmv2] [D] [thread 13713] [9.0] [cxt 0] Parser 'parser': start
[17:43:54.346] [bmv2] [D] [thread 13713] [9.0] [cxt 0] Parser 'parser' entering state 'start'
[17:43:54.347] [bmv2] [D] [thread 13713] [9.0] [cxt 0] Parser state 'start' has no switch, going to default next state
[17:43:54.347] [bmv2] [T] [thread 13713] [9.0] [cxt 0] Bytes parsed: 0
[17:43:54.347] [bmv2] [D] [thread 13713] [9.0] [cxt 0] Parser 'parser': end
[17:43:54.347] [bmv2] [D] [thread 13713] [9.0] [cxt 0] Pipeline 'ingress': start
[17:43:54.347] [bmv2] [T] [thread 13713] [9.0] [cxt 0] /home/p4/git/src/repeater_without_table.p4(49) Condition "standard_metadata.ingress_port == 1" (node_2) is false
[17:43:54.347] [bmv2] [T] [thread 13713] [9.0] [cxt 0] /home/p4/git/src/repeater_without_table.p4(54) Condition "standard_metadata.ingress_port == 2" (node_4) is false
[17:43:54.347] [bmv2] [D] [thread 13713] [9.0] [cxt 0] Pipeline 'ingress': end
[17:43:54.348] [bmv2] [D] [thread 13713] [9.0] [cxt 0] Egress port is 0
[17:43:54.348] [bmv2] [D] [thread 13715] [9.0] [cxt 0] Pipeline 'egress': start
[17:43:54.348] [bmv2] [D] [thread 13715] [9.0] [cxt 0] Pipeline 'egress': end
[17:43:54.349] [bmv2] [D] [thread 13715] [9.0] [cxt 0] Deparser 'deparser': start
[17:43:54.349] [bmv2] [D] [thread 13715] [9.0] [cxt 0] Deparser 'deparser': end
[17:43:54.349] [bmv2] [D] [thread 13719] [9.0] [cxt 0] Transmitting packet of size 98 out of port 0
[17:44:04.425] [bmv2] [D] [thread 13713] [10.0] [cxt 0] Processing packet received on port 7
[17:44:04.432] [bmv2] [D] [thread 13713] [10.0] [cxt 0] Parser 'parser': start
[17:44:04.433] [bmv2] [D] [thread 13713] [10.0] [cxt 0] Parser 'parser' entering state 'start'
[17:44:04.433] [bmv2] [D] [thread 13713] [10.0] [cxt 0] Parser state 'start' has no switch, going to default next state
[17:44:04.433] [bmv2] [T] [thread 13713] [10.0] [cxt 0] Bytes parsed: 0
[17:44:04.433] [bmv2] [D] [thread 13713] [10.0] [cxt 0] Parser 'parser': end
[17:44:04.433] [bmv2] [D] [thread 13713] [10.0] [cxt 0] Pipeline 'ingress': start
[17:44:04.434] [bmv2] [T] [thread 13713] [10.0] [cxt 0] /home/p4/git/src/repeater_without_table.p4(49) Condition "standard_metadata.ingress_port == 1" (node_2) is false
[17:44:04.434] [bmv2] [T] [thread 13713] [10.0] [cxt 0] /home/p4/git/src/repeater_without_table.p4(54) Condition "standard_metadata.ingress_port == 2" (node_4) is false
[17:44:04.434] [bmv2] [D] [thread 13713] [10.0] [cxt 0] Pipeline 'ingress': end
[17:44:04.434] [bmv2] [D] [thread 13713] [10.0] [cxt 0] Egress port is 0
[17:44:04.435] [bmv2] [D] [thread 13715] [10.0] [cxt 0] Pipeline 'egress': start
[17:44:04.435] [bmv2] [D] [thread 13715] [10.0] [cxt 0] Pipeline 'egress': end
[17:44:04.435] [bmv2] [D] [thread 13715] [10.0] [cxt 0] Deparser 'deparser': start
[17:44:04.436] [bmv2] [D] [thread 13715] [10.0] [cxt 0] Deparser 'deparser': end
[17:44:04.442] [bmv2] [D] [thread 13719] [10.0] [cxt 0] Transmitting packet of size 98 out of port 0
[17:44:14.602] [bmv2] [D] [thread 13713] [11.0] [cxt 0] Processing packet received on port 7
[17:44:14.608] [bmv2] [D] [thread 13713] [11.0] [cxt 0] Parser 'parser': start
[17:44:14.610] [bmv2] [D] [thread 13713] [11.0] [cxt 0] Parser 'parser' entering state 'start'
[17:44:14.612] [bmv2] [D] [thread 13713] [11.0] [cxt 0] Parser state 'start' has no switch, going to default next state
[17:44:14.613] [bmv2] [T] [thread 13713] [11.0] [cxt 0] Bytes parsed: 0
[17:44:14.617] [bmv2] [D] [thread 13713] [11.0] [cxt 0] Parser 'parser': end
[17:44:14.620] [bmv2] [D] [thread 13713] [11.0] [cxt 0] Pipeline 'ingress': start
[17:44:14.624] [bmv2] [T] [thread 13713] [11.0] [cxt 0] /home/p4/git/src/repeater_without_table.p4(49) Condition "standard_metadata.ingress_port == 1" (node_2) is false
[17:44:14.625] [bmv2] [T] [thread 13713] [11.0] [cxt 0] /home/p4/git/src/repeater_without_table.p4(54) Condition "standard_metadata.ingress_port == 2" (node_4) is false
[17:44:14.626] [bmv2] [D] [thread 13713] [11.0] [cxt 0] Pipeline 'ingress': end
[17:44:14.628] [bmv2] [D] [thread 13713] [11.0] [cxt 0] Egress port is 0
[17:44:14.632] [bmv2] [D] [thread 13715] [11.0] [cxt 0] Pipeline 'egress': start
[17:44:14.633] [bmv2] [D] [thread 13715] [11.0] [cxt 0] Pipeline 'egress': end
[17:44:14.634] [bmv2] [D] [thread 13715] [11.0] [cxt 0] Deparser 'deparser': start
[17:44:14.635] [bmv2] [D] [thread 13715] [11.0] [cxt 0] Deparser 'deparser': end
[17:44:14.637] [bmv2] [D] [thread 13719] [11.0] [cxt 0] Transmitting packet of size 98 out of port 0
[17:44:24.646] [bmv2] [D] [thread 13713] [12.0] [cxt 0] Processing packet received on port 7
[17:44:24.646] [bmv2] [D] [thread 13713] [12.0] [cxt 0] Parser 'parser': start
[17:44:24.647] [bmv2] [D] [thread 13713] [12.0] [cxt 0] Parser 'parser' entering state 'start'
[17:44:24.647] [bmv2] [D] [thread 13713] [12.0] [cxt 0] Parser state 'start' has no switch, going to default next state
[17:44:24.647] [bmv2] [T] [thread 13713] [12.0] [cxt 0] Bytes parsed: 0
[17:44:24.647] [bmv2] [D] [thread 13713] [12.0] [cxt 0] Parser 'parser': end
[17:44:24.647] [bmv2] [D] [thread 13713] [12.0] [cxt 0] Pipeline 'ingress': start
[17:44:24.647] [bmv2] [T] [thread 13713] [12.0] [cxt 0] /home/p4/git/src/repeater_without_table.p4(49) Condition "standard_metadata.ingress_port == 1" (node_2) is false
[17:44:24.649] [bmv2] [T] [thread 13713] [12.0] [cxt 0] /home/p4/git/src/repeater_without_table.p4(54) Condition "standard_metadata.ingress_port == 2" (node_4) is false
[17:44:24.656] [bmv2] [D] [thread 13713] [12.0] [cxt 0] Pipeline 'ingress': end
[17:44:24.657] [bmv2] [D] [thread 13713] [12.0] [cxt 0] Egress port is 0
[17:44:24.658] [bmv2] [D] [thread 13715] [12.0] [cxt 0] Pipeline 'egress': start
[17:44:24.659] [bmv2] [D] [thread 13715] [12.0] [cxt 0] Pipeline 'egress': end
[17:44:24.660] [bmv2] [D] [thread 13715] [12.0] [cxt 0] Deparser 'deparser': start
[17:44:24.660] [bmv2] [D] [thread 13715] [12.0] [cxt 0] Deparser 'deparser': end
[17:44:24.661] [bmv2] [D] [thread 13719] [12.0] [cxt 0] Transmitting packet of size 98 out of port 0
