Warning: you requested the nanomsg event logger, but bmv2 was compiled without -DBMELOG, and the event logger cannot be activated
Calling target program-options parser
[17:35:20.047] [bmv2] [D] [thread 13545] Set default default entry for table 'tbl_repeater_without_table50': repeater_without_table50 - 
[17:35:20.071] [bmv2] [D] [thread 13545] Set default default entry for table 'tbl_repeater_without_table55': repeater_without_table55 - 
Adding interface s0-eth1 as port 1
[17:35:20.119] [bmv2] [D] [thread 13545] Adding interface s0-eth1 as port 1
Adding interface s0-eth2 as port 2
[17:35:20.181] [bmv2] [D] [thread 13545] Adding interface s0-eth2 as port 2
Adding interface s0-eth3 as port 3
[17:35:20.220] [bmv2] [D] [thread 13545] Adding interface s0-eth3 as port 3
Adding interface s0-eth4 as port 4
[17:35:20.247] [bmv2] [D] [thread 13545] Adding interface s0-eth4 as port 4
Adding interface s0-eth5 as port 5
[17:35:20.275] [bmv2] [D] [thread 13545] Adding interface s0-eth5 as port 5
Adding interface s0-eth6 as port 6
[17:35:20.302] [bmv2] [D] [thread 13545] Adding interface s0-eth6 as port 6
Adding interface s0-eth7 as port 7
[17:35:20.330] [bmv2] [D] [thread 13545] Adding interface s0-eth7 as port 7
Adding interface s0-eth8 as port 8
[17:35:20.362] [bmv2] [D] [thread 13545] Adding interface s0-eth8 as port 8
[17:35:20.386] [bmv2] [I] [thread 13545] Starting Thrift server on port 9090
[17:35:20.442] [bmv2] [I] [thread 13545] Thrift server was started
[17:35:41.432] [bmv2] [D] [thread 13559] [0.0] [cxt 0] Processing packet received on port 6
[17:35:41.432] [bmv2] [D] [thread 13559] [0.0] [cxt 0] Parser 'parser': start
[17:35:41.433] [bmv2] [D] [thread 13559] [0.0] [cxt 0] Parser 'parser' entering state 'start'
[17:35:41.446] [bmv2] [D] [thread 13559] [0.0] [cxt 0] Parser state 'start' has no switch, going to default next state
[17:35:41.447] [bmv2] [T] [thread 13559] [0.0] [cxt 0] Bytes parsed: 0
[17:35:41.448] [bmv2] [D] [thread 13559] [0.0] [cxt 0] Parser 'parser': end
[17:35:41.448] [bmv2] [D] [thread 13559] [0.0] [cxt 0] Pipeline 'ingress': start
[17:35:41.465] [bmv2] [T] [thread 13559] [0.0] [cxt 0] /home/p4/git/src/repeater_without_table.p4(49) Condition "standard_metadata.ingress_port == 1" (node_2) is false
[17:35:41.466] [bmv2] [T] [thread 13559] [0.0] [cxt 0] /home/p4/git/src/repeater_without_table.p4(54) Condition "standard_metadata.ingress_port == 2" (node_4) is false
[17:35:41.466] [bmv2] [D] [thread 13559] [0.0] [cxt 0] Pipeline 'ingress': end
[17:35:41.467] [bmv2] [D] [thread 13559] [0.0] [cxt 0] Egress port is 0
[17:35:41.484] [bmv2] [D] [thread 13560] [0.0] [cxt 0] Pipeline 'egress': start
[17:35:41.484] [bmv2] [D] [thread 13560] [0.0] [cxt 0] Pipeline 'egress': end
[17:35:41.484] [bmv2] [D] [thread 13560] [0.0] [cxt 0] Deparser 'deparser': start
[17:35:41.485] [bmv2] [D] [thread 13560] [0.0] [cxt 0] Deparser 'deparser': end
[17:35:41.492] [bmv2] [D] [thread 13564] [0.0] [cxt 0] Transmitting packet of size 70 out of port 0
[17:37:20.785] [bmv2] [D] [thread 13559] [1.0] [cxt 0] Processing packet received on port 1
[17:37:20.790] [bmv2] [D] [thread 13559] [1.0] [cxt 0] Parser 'parser': start
[17:37:20.792] [bmv2] [D] [thread 13559] [1.0] [cxt 0] Parser 'parser' entering state 'start'
[17:37:20.794] [bmv2] [D] [thread 13559] [1.0] [cxt 0] Parser state 'start' has no switch, going to default next state
[17:37:20.795] [bmv2] [T] [thread 13559] [1.0] [cxt 0] Bytes parsed: 0
[17:37:20.796] [bmv2] [D] [thread 13559] [1.0] [cxt 0] Parser 'parser': end
[17:37:20.798] [bmv2] [D] [thread 13559] [1.0] [cxt 0] Pipeline 'ingress': start
[17:37:20.801] [bmv2] [T] [thread 13559] [1.0] [cxt 0] /home/p4/git/src/repeater_without_table.p4(49) Condition "standard_metadata.ingress_port == 1" (node_2) is true
[17:37:20.802] [bmv2] [T] [thread 13559] [1.0] [cxt 0] Applying table 'tbl_repeater_without_table50'
[17:37:20.806] [bmv2] [D] [thread 13559] [1.0] [cxt 0] Looking up key:

[17:37:20.807] [bmv2] [D] [thread 13559] [1.0] [cxt 0] Table 'tbl_repeater_without_table50': miss
[17:37:20.809] [bmv2] [D] [thread 13559] [1.0] [cxt 0] Action entry is repeater_without_table50 - 
[17:37:20.810] [bmv2] [T] [thread 13559] [1.0] [cxt 0] Action repeater_without_table50
[17:37:20.811] [bmv2] [T] [thread 13559] [1.0] [cxt 0] /home/p4/git/src/repeater_without_table.p4(50) Primitive standard_metadata.egress_spec = 2
[17:37:20.813] [bmv2] [D] [thread 13559] [1.0] [cxt 0] Pipeline 'ingress': end
[17:37:20.814] [bmv2] [D] [thread 13559] [1.0] [cxt 0] Egress port is 2
[17:37:20.820] [bmv2] [D] [thread 13562] [1.0] [cxt 0] Pipeline 'egress': start
[17:37:20.821] [bmv2] [D] [thread 13562] [1.0] [cxt 0] Pipeline 'egress': end
[17:37:20.822] [bmv2] [D] [thread 13562] [1.0] [cxt 0] Deparser 'deparser': start
[17:37:20.823] [bmv2] [D] [thread 13562] [1.0] [cxt 0] Deparser 'deparser': end
[17:37:20.824] [bmv2] [D] [thread 13564] [1.0] [cxt 0] Transmitting packet of size 98 out of port 2
[17:37:30.843] [bmv2] [D] [thread 13559] [2.0] [cxt 0] Processing packet received on port 1
[17:37:30.843] [bmv2] [D] [thread 13559] [2.0] [cxt 0] Parser 'parser': start
[17:37:30.843] [bmv2] [D] [thread 13559] [2.0] [cxt 0] Parser 'parser' entering state 'start'
[17:37:30.843] [bmv2] [D] [thread 13559] [2.0] [cxt 0] Parser state 'start' has no switch, going to default next state
[17:37:30.843] [bmv2] [T] [thread 13559] [2.0] [cxt 0] Bytes parsed: 0
[17:37:30.843] [bmv2] [D] [thread 13559] [2.0] [cxt 0] Parser 'parser': end
[17:37:30.844] [bmv2] [D] [thread 13559] [2.0] [cxt 0] Pipeline 'ingress': start
[17:37:30.844] [bmv2] [T] [thread 13559] [2.0] [cxt 0] /home/p4/git/src/repeater_without_table.p4(49) Condition "standard_metadata.ingress_port == 1" (node_2) is true
[17:37:30.844] [bmv2] [T] [thread 13559] [2.0] [cxt 0] Applying table 'tbl_repeater_without_table50'
[17:37:30.844] [bmv2] [D] [thread 13559] [2.0] [cxt 0] Looking up key:

[17:37:30.844] [bmv2] [D] [thread 13559] [2.0] [cxt 0] Table 'tbl_repeater_without_table50': miss
[17:37:30.844] [bmv2] [D] [thread 13559] [2.0] [cxt 0] Action entry is repeater_without_table50 - 
[17:37:30.844] [bmv2] [T] [thread 13559] [2.0] [cxt 0] Action repeater_without_table50
[17:37:30.845] [bmv2] [T] [thread 13559] [2.0] [cxt 0] /home/p4/git/src/repeater_without_table.p4(50) Primitive standard_metadata.egress_spec = 2
[17:37:30.845] [bmv2] [D] [thread 13559] [2.0] [cxt 0] Pipeline 'ingress': end
[17:37:30.845] [bmv2] [D] [thread 13559] [2.0] [cxt 0] Egress port is 2
[17:37:30.848] [bmv2] [D] [thread 13562] [2.0] [cxt 0] Pipeline 'egress': start
[17:37:30.849] [bmv2] [D] [thread 13562] [2.0] [cxt 0] Pipeline 'egress': end
[17:37:30.850] [bmv2] [D] [thread 13562] [2.0] [cxt 0] Deparser 'deparser': start
[17:37:30.851] [bmv2] [D] [thread 13562] [2.0] [cxt 0] Deparser 'deparser': end
[17:37:30.852] [bmv2] [D] [thread 13564] [2.0] [cxt 0] Transmitting packet of size 98 out of port 2
[17:37:40.908] [bmv2] [D] [thread 13559] [3.0] [cxt 0] Processing packet received on port 1
[17:37:40.909] [bmv2] [D] [thread 13559] [3.0] [cxt 0] Parser 'parser': start
[17:37:40.909] [bmv2] [D] [thread 13559] [3.0] [cxt 0] Parser 'parser' entering state 'start'
[17:37:40.909] [bmv2] [D] [thread 13559] [3.0] [cxt 0] Parser state 'start' has no switch, going to default next state
[17:37:40.909] [bmv2] [T] [thread 13559] [3.0] [cxt 0] Bytes parsed: 0
[17:37:40.909] [bmv2] [D] [thread 13559] [3.0] [cxt 0] Parser 'parser': end
[17:37:40.912] [bmv2] [D] [thread 13559] [3.0] [cxt 0] Pipeline 'ingress': start
[17:37:40.912] [bmv2] [T] [thread 13559] [3.0] [cxt 0] /home/p4/git/src/repeater_without_table.p4(49) Condition "standard_metadata.ingress_port == 1" (node_2) is true
[17:37:40.912] [bmv2] [T] [thread 13559] [3.0] [cxt 0] Applying table 'tbl_repeater_without_table50'
[17:37:40.912] [bmv2] [D] [thread 13559] [3.0] [cxt 0] Looking up key:

[17:37:40.912] [bmv2] [D] [thread 13559] [3.0] [cxt 0] Table 'tbl_repeater_without_table50': miss
[17:37:40.913] [bmv2] [D] [thread 13559] [3.0] [cxt 0] Action entry is repeater_without_table50 - 
[17:37:40.913] [bmv2] [T] [thread 13559] [3.0] [cxt 0] Action repeater_without_table50
[17:37:40.913] [bmv2] [T] [thread 13559] [3.0] [cxt 0] /home/p4/git/src/repeater_without_table.p4(50) Primitive standard_metadata.egress_spec = 2
[17:37:40.913] [bmv2] [D] [thread 13559] [3.0] [cxt 0] Pipeline 'ingress': end
[17:37:40.913] [bmv2] [D] [thread 13559] [3.0] [cxt 0] Egress port is 2
[17:37:40.915] [bmv2] [D] [thread 13562] [3.0] [cxt 0] Pipeline 'egress': start
[17:37:40.916] [bmv2] [D] [thread 13562] [3.0] [cxt 0] Pipeline 'egress': end
[17:37:40.917] [bmv2] [D] [thread 13562] [3.0] [cxt 0] Deparser 'deparser': start
[17:37:40.917] [bmv2] [D] [thread 13562] [3.0] [cxt 0] Deparser 'deparser': end
[17:37:40.918] [bmv2] [D] [thread 13564] [3.0] [cxt 0] Transmitting packet of size 98 out of port 2
[17:37:50.972] [bmv2] [D] [thread 13559] [4.0] [cxt 0] Processing packet received on port 1
[17:37:50.972] [bmv2] [D] [thread 13559] [4.0] [cxt 0] Parser 'parser': start
[17:37:50.972] [bmv2] [D] [thread 13559] [4.0] [cxt 0] Parser 'parser' entering state 'start'
[17:37:50.972] [bmv2] [D] [thread 13559] [4.0] [cxt 0] Parser state 'start' has no switch, going to default next state
[17:37:50.972] [bmv2] [T] [thread 13559] [4.0] [cxt 0] Bytes parsed: 0
[17:37:50.972] [bmv2] [D] [thread 13559] [4.0] [cxt 0] Parser 'parser': end
[17:37:50.972] [bmv2] [D] [thread 13559] [4.0] [cxt 0] Pipeline 'ingress': start
[17:37:50.973] [bmv2] [T] [thread 13559] [4.0] [cxt 0] /home/p4/git/src/repeater_without_table.p4(49) Condition "standard_metadata.ingress_port == 1" (node_2) is true
[17:37:50.973] [bmv2] [T] [thread 13559] [4.0] [cxt 0] Applying table 'tbl_repeater_without_table50'
[17:37:50.973] [bmv2] [D] [thread 13559] [4.0] [cxt 0] Looking up key:

[17:37:50.973] [bmv2] [D] [thread 13559] [4.0] [cxt 0] Table 'tbl_repeater_without_table50': miss
[17:37:50.973] [bmv2] [D] [thread 13559] [4.0] [cxt 0] Action entry is repeater_without_table50 - 
[17:37:50.973] [bmv2] [T] [thread 13559] [4.0] [cxt 0] Action repeater_without_table50
[17:37:50.976] [bmv2] [T] [thread 13559] [4.0] [cxt 0] /home/p4/git/src/repeater_without_table.p4(50) Primitive standard_metadata.egress_spec = 2
[17:37:50.976] [bmv2] [D] [thread 13559] [4.0] [cxt 0] Pipeline 'ingress': end
[17:37:50.976] [bmv2] [D] [thread 13559] [4.0] [cxt 0] Egress port is 2
[17:37:50.978] [bmv2] [D] [thread 13562] [4.0] [cxt 0] Pipeline 'egress': start
[17:37:50.979] [bmv2] [D] [thread 13562] [4.0] [cxt 0] Pipeline 'egress': end
[17:37:50.980] [bmv2] [D] [thread 13562] [4.0] [cxt 0] Deparser 'deparser': start
[17:37:50.980] [bmv2] [D] [thread 13562] [4.0] [cxt 0] Deparser 'deparser': end
[17:37:50.981] [bmv2] [D] [thread 13564] [4.0] [cxt 0] Transmitting packet of size 98 out of port 2
[17:38:01.035] [bmv2] [D] [thread 13559] [5.0] [cxt 0] Processing packet received on port 1
[17:38:01.035] [bmv2] [D] [thread 13559] [5.0] [cxt 0] Parser 'parser': start
[17:38:01.035] [bmv2] [D] [thread 13559] [5.0] [cxt 0] Parser 'parser' entering state 'start'
[17:38:01.036] [bmv2] [D] [thread 13559] [5.0] [cxt 0] Parser state 'start' has no switch, going to default next state
[17:38:01.036] [bmv2] [T] [thread 13559] [5.0] [cxt 0] Bytes parsed: 0
[17:38:01.036] [bmv2] [D] [thread 13559] [5.0] [cxt 0] Parser 'parser': end
[17:38:01.036] [bmv2] [D] [thread 13559] [5.0] [cxt 0] Pipeline 'ingress': start
[17:38:01.036] [bmv2] [T] [thread 13559] [5.0] [cxt 0] /home/p4/git/src/repeater_without_table.p4(49) Condition "standard_metadata.ingress_port == 1" (node_2) is true
[17:38:01.036] [bmv2] [T] [thread 13559] [5.0] [cxt 0] Applying table 'tbl_repeater_without_table50'
[17:38:01.036] [bmv2] [D] [thread 13559] [5.0] [cxt 0] Looking up key:

[17:38:01.036] [bmv2] [D] [thread 13559] [5.0] [cxt 0] Table 'tbl_repeater_without_table50': miss
[17:38:01.037] [bmv2] [D] [thread 13559] [5.0] [cxt 0] Action entry is repeater_without_table50 - 
[17:38:01.037] [bmv2] [T] [thread 13559] [5.0] [cxt 0] Action repeater_without_table50
[17:38:01.037] [bmv2] [T] [thread 13559] [5.0] [cxt 0] /home/p4/git/src/repeater_without_table.p4(50) Primitive standard_metadata.egress_spec = 2
[17:38:01.037] [bmv2] [D] [thread 13559] [5.0] [cxt 0] Pipeline 'ingress': end
[17:38:01.037] [bmv2] [D] [thread 13559] [5.0] [cxt 0] Egress port is 2
[17:38:01.040] [bmv2] [D] [thread 13562] [5.0] [cxt 0] Pipeline 'egress': start
[17:38:01.041] [bmv2] [D] [thread 13562] [5.0] [cxt 0] Pipeline 'egress': end
[17:38:01.042] [bmv2] [D] [thread 13562] [5.0] [cxt 0] Deparser 'deparser': start
[17:38:01.043] [bmv2] [D] [thread 13562] [5.0] [cxt 0] Deparser 'deparser': end
[17:38:01.043] [bmv2] [D] [thread 13564] [5.0] [cxt 0] Transmitting packet of size 98 out of port 2
[17:38:11.270] [bmv2] [D] [thread 13559] [6.0] [cxt 0] Processing packet received on port 1
[17:38:11.279] [bmv2] [D] [thread 13559] [6.0] [cxt 0] Parser 'parser': start
[17:38:11.281] [bmv2] [D] [thread 13559] [6.0] [cxt 0] Parser 'parser' entering state 'start'
[17:38:11.284] [bmv2] [D] [thread 13559] [6.0] [cxt 0] Parser state 'start' has no switch, going to default next state
[17:38:11.284] [bmv2] [T] [thread 13559] [6.0] [cxt 0] Bytes parsed: 0
[17:38:11.285] [bmv2] [D] [thread 13559] [6.0] [cxt 0] Parser 'parser': end
[17:38:11.285] [bmv2] [D] [thread 13559] [6.0] [cxt 0] Pipeline 'ingress': start
[17:38:11.293] [bmv2] [T] [thread 13559] [6.0] [cxt 0] /home/p4/git/src/repeater_without_table.p4(49) Condition "standard_metadata.ingress_port == 1" (node_2) is true
[17:38:11.298] [bmv2] [T] [thread 13559] [6.0] [cxt 0] Applying table 'tbl_repeater_without_table50'
[17:38:11.300] [bmv2] [D] [thread 13559] [6.0] [cxt 0] Looking up key:

[17:38:11.306] [bmv2] [D] [thread 13559] [6.0] [cxt 0] Table 'tbl_repeater_without_table50': miss
[17:38:11.310] [bmv2] [D] [thread 13559] [6.0] [cxt 0] Action entry is repeater_without_table50 - 
[17:38:11.310] [bmv2] [T] [thread 13559] [6.0] [cxt 0] Action repeater_without_table50
[17:38:11.311] [bmv2] [T] [thread 13559] [6.0] [cxt 0] /home/p4/git/src/repeater_without_table.p4(50) Primitive standard_metadata.egress_spec = 2
[17:38:11.311] [bmv2] [D] [thread 13559] [6.0] [cxt 0] Pipeline 'ingress': end
[17:38:11.312] [bmv2] [D] [thread 13559] [6.0] [cxt 0] Egress port is 2
[17:38:11.325] [bmv2] [D] [thread 13562] [6.0] [cxt 0] Pipeline 'egress': start
[17:38:11.325] [bmv2] [D] [thread 13562] [6.0] [cxt 0] Pipeline 'egress': end
[17:38:11.325] [bmv2] [D] [thread 13562] [6.0] [cxt 0] Deparser 'deparser': start
[17:38:11.330] [bmv2] [D] [thread 13562] [6.0] [cxt 0] Deparser 'deparser': end
[17:38:11.331] [bmv2] [D] [thread 13564] [6.0] [cxt 0] Transmitting packet of size 98 out of port 2
[17:38:21.316] [bmv2] [D] [thread 13559] [7.0] [cxt 0] Processing packet received on port 1
[17:38:21.316] [bmv2] [D] [thread 13559] [7.0] [cxt 0] Parser 'parser': start
[17:38:21.316] [bmv2] [D] [thread 13559] [7.0] [cxt 0] Parser 'parser' entering state 'start'
[17:38:21.317] [bmv2] [D] [thread 13559] [7.0] [cxt 0] Parser state 'start' has no switch, going to default next state
[17:38:21.317] [bmv2] [T] [thread 13559] [7.0] [cxt 0] Bytes parsed: 0
[17:38:21.317] [bmv2] [D] [thread 13559] [7.0] [cxt 0] Parser 'parser': end
[17:38:21.317] [bmv2] [D] [thread 13559] [7.0] [cxt 0] Pipeline 'ingress': start
[17:38:21.317] [bmv2] [T] [thread 13559] [7.0] [cxt 0] /home/p4/git/src/repeater_without_table.p4(49) Condition "standard_metadata.ingress_port == 1" (node_2) is true
[17:38:21.317] [bmv2] [T] [thread 13559] [7.0] [cxt 0] Applying table 'tbl_repeater_without_table50'
[17:38:21.318] [bmv2] [D] [thread 13559] [7.0] [cxt 0] Looking up key:

[17:38:21.318] [bmv2] [D] [thread 13559] [7.0] [cxt 0] Table 'tbl_repeater_without_table50': miss
[17:38:21.318] [bmv2] [D] [thread 13559] [7.0] [cxt 0] Action entry is repeater_without_table50 - 
[17:38:21.318] [bmv2] [T] [thread 13559] [7.0] [cxt 0] Action repeater_without_table50
[17:38:21.318] [bmv2] [T] [thread 13559] [7.0] [cxt 0] /home/p4/git/src/repeater_without_table.p4(50) Primitive standard_metadata.egress_spec = 2
[17:38:21.318] [bmv2] [D] [thread 13559] [7.0] [cxt 0] Pipeline 'ingress': end
[17:38:21.318] [bmv2] [D] [thread 13559] [7.0] [cxt 0] Egress port is 2
[17:38:21.319] [bmv2] [D] [thread 13562] [7.0] [cxt 0] Pipeline 'egress': start
[17:38:21.319] [bmv2] [D] [thread 13562] [7.0] [cxt 0] Pipeline 'egress': end
[17:38:21.320] [bmv2] [D] [thread 13562] [7.0] [cxt 0] Deparser 'deparser': start
[17:38:21.320] [bmv2] [D] [thread 13562] [7.0] [cxt 0] Deparser 'deparser': end
[17:38:21.320] [bmv2] [D] [thread 13564] [7.0] [cxt 0] Transmitting packet of size 98 out of port 2
[17:38:31.470] [bmv2] [D] [thread 13559] [8.0] [cxt 0] Processing packet received on port 2
[17:38:31.470] [bmv2] [D] [thread 13559] [8.0] [cxt 0] Parser 'parser': start
[17:38:31.470] [bmv2] [D] [thread 13559] [8.0] [cxt 0] Parser 'parser' entering state 'start'
[17:38:31.471] [bmv2] [D] [thread 13559] [8.0] [cxt 0] Parser state 'start' has no switch, going to default next state
[17:38:31.471] [bmv2] [T] [thread 13559] [8.0] [cxt 0] Bytes parsed: 0
[17:38:31.471] [bmv2] [D] [thread 13559] [8.0] [cxt 0] Parser 'parser': end
[17:38:31.471] [bmv2] [D] [thread 13559] [8.0] [cxt 0] Pipeline 'ingress': start
[17:38:31.471] [bmv2] [T] [thread 13559] [8.0] [cxt 0] /home/p4/git/src/repeater_without_table.p4(49) Condition "standard_metadata.ingress_port == 1" (node_2) is false
[17:38:31.472] [bmv2] [T] [thread 13559] [8.0] [cxt 0] /home/p4/git/src/repeater_without_table.p4(54) Condition "standard_metadata.ingress_port == 2" (node_4) is true
[17:38:31.472] [bmv2] [T] [thread 13559] [8.0] [cxt 0] Applying table 'tbl_repeater_without_table55'
[17:38:31.472] [bmv2] [D] [thread 13559] [8.0] [cxt 0] Looking up key:

[17:38:31.472] [bmv2] [D] [thread 13559] [8.0] [cxt 0] Table 'tbl_repeater_without_table55': miss
[17:38:31.472] [bmv2] [D] [thread 13559] [8.0] [cxt 0] Action entry is repeater_without_table55 - 
[17:38:31.472] [bmv2] [T] [thread 13559] [8.0] [cxt 0] Action repeater_without_table55
[17:38:31.472] [bmv2] [T] [thread 13559] [8.0] [cxt 0] /home/p4/git/src/repeater_without_table.p4(55) Primitive standard_metadata.egress_spec = 1
[17:38:31.473] [bmv2] [D] [thread 13559] [8.0] [cxt 0] Pipeline 'ingress': end
[17:38:31.480] [bmv2] [D] [thread 13559] [8.0] [cxt 0] Egress port is 1
[17:38:31.487] [bmv2] [D] [thread 13561] [8.0] [cxt 0] Pipeline 'egress': start
[17:38:31.488] [bmv2] [D] [thread 13561] [8.0] [cxt 0] Pipeline 'egress': end
[17:38:31.488] [bmv2] [D] [thread 13561] [8.0] [cxt 0] Deparser 'deparser': start
[17:38:31.488] [bmv2] [D] [thread 13561] [8.0] [cxt 0] Deparser 'deparser': end
[17:38:31.488] [bmv2] [D] [thread 13564] [8.0] [cxt 0] Transmitting packet of size 98 out of port 1
[17:38:41.517] [bmv2] [D] [thread 13559] [9.0] [cxt 0] Processing packet received on port 2
[17:38:41.517] [bmv2] [D] [thread 13559] [9.0] [cxt 0] Parser 'parser': start
[17:38:41.517] [bmv2] [D] [thread 13559] [9.0] [cxt 0] Parser 'parser' entering state 'start'
[17:38:41.518] [bmv2] [D] [thread 13559] [9.0] [cxt 0] Parser state 'start' has no switch, going to default next state
[17:38:41.518] [bmv2] [T] [thread 13559] [9.0] [cxt 0] Bytes parsed: 0
[17:38:41.518] [bmv2] [D] [thread 13559] [9.0] [cxt 0] Parser 'parser': end
[17:38:41.518] [bmv2] [D] [thread 13559] [9.0] [cxt 0] Pipeline 'ingress': start
[17:38:41.518] [bmv2] [T] [thread 13559] [9.0] [cxt 0] /home/p4/git/src/repeater_without_table.p4(49) Condition "standard_metadata.ingress_port == 1" (node_2) is false
[17:38:41.518] [bmv2] [T] [thread 13559] [9.0] [cxt 0] /home/p4/git/src/repeater_without_table.p4(54) Condition "standard_metadata.ingress_port == 2" (node_4) is true
[17:38:41.519] [bmv2] [T] [thread 13559] [9.0] [cxt 0] Applying table 'tbl_repeater_without_table55'
[17:38:41.519] [bmv2] [D] [thread 13559] [9.0] [cxt 0] Looking up key:

[17:38:41.519] [bmv2] [D] [thread 13559] [9.0] [cxt 0] Table 'tbl_repeater_without_table55': miss
[17:38:41.519] [bmv2] [D] [thread 13559] [9.0] [cxt 0] Action entry is repeater_without_table55 - 
[17:38:41.519] [bmv2] [T] [thread 13559] [9.0] [cxt 0] Action repeater_without_table55
[17:38:41.519] [bmv2] [T] [thread 13559] [9.0] [cxt 0] /home/p4/git/src/repeater_without_table.p4(55) Primitive standard_metadata.egress_spec = 1
[17:38:41.519] [bmv2] [D] [thread 13559] [9.0] [cxt 0] Pipeline 'ingress': end
[17:38:41.520] [bmv2] [D] [thread 13559] [9.0] [cxt 0] Egress port is 1
[17:38:41.522] [bmv2] [D] [thread 13561] [9.0] [cxt 0] Pipeline 'egress': start
[17:38:41.523] [bmv2] [D] [thread 13561] [9.0] [cxt 0] Pipeline 'egress': end
[17:38:41.524] [bmv2] [D] [thread 13561] [9.0] [cxt 0] Deparser 'deparser': start
[17:38:41.524] [bmv2] [D] [thread 13561] [9.0] [cxt 0] Deparser 'deparser': end
[17:38:41.524] [bmv2] [D] [thread 13564] [9.0] [cxt 0] Transmitting packet of size 98 out of port 1
[17:38:51.575] [bmv2] [D] [thread 13559] [10.0] [cxt 0] Processing packet received on port 2
[17:38:51.575] [bmv2] [D] [thread 13559] [10.0] [cxt 0] Parser 'parser': start
[17:38:51.575] [bmv2] [D] [thread 13559] [10.0] [cxt 0] Parser 'parser' entering state 'start'
[17:38:51.576] [bmv2] [D] [thread 13559] [10.0] [cxt 0] Parser state 'start' has no switch, going to default next state
[17:38:51.576] [bmv2] [T] [thread 13559] [10.0] [cxt 0] Bytes parsed: 0
[17:38:51.576] [bmv2] [D] [thread 13559] [10.0] [cxt 0] Parser 'parser': end
[17:38:51.576] [bmv2] [D] [thread 13559] [10.0] [cxt 0] Pipeline 'ingress': start
[17:38:51.576] [bmv2] [T] [thread 13559] [10.0] [cxt 0] /home/p4/git/src/repeater_without_table.p4(49) Condition "standard_metadata.ingress_port == 1" (node_2) is false
[17:38:51.576] [bmv2] [T] [thread 13559] [10.0] [cxt 0] /home/p4/git/src/repeater_without_table.p4(54) Condition "standard_metadata.ingress_port == 2" (node_4) is true
[17:38:51.576] [bmv2] [T] [thread 13559] [10.0] [cxt 0] Applying table 'tbl_repeater_without_table55'
[17:38:51.577] [bmv2] [D] [thread 13559] [10.0] [cxt 0] Looking up key:

[17:38:51.577] [bmv2] [D] [thread 13559] [10.0] [cxt 0] Table 'tbl_repeater_without_table55': miss
[17:38:51.577] [bmv2] [D] [thread 13559] [10.0] [cxt 0] Action entry is repeater_without_table55 - 
[17:38:51.577] [bmv2] [T] [thread 13559] [10.0] [cxt 0] Action repeater_without_table55
[17:38:51.577] [bmv2] [T] [thread 13559] [10.0] [cxt 0] /home/p4/git/src/repeater_without_table.p4(55) Primitive standard_metadata.egress_spec = 1
[17:38:51.580] [bmv2] [D] [thread 13559] [10.0] [cxt 0] Pipeline 'ingress': end
[17:38:51.580] [bmv2] [D] [thread 13559] [10.0] [cxt 0] Egress port is 1
[17:38:51.581] [bmv2] [D] [thread 13561] [10.0] [cxt 0] Pipeline 'egress': start
[17:38:51.581] [bmv2] [D] [thread 13561] [10.0] [cxt 0] Pipeline 'egress': end
[17:38:51.581] [bmv2] [D] [thread 13561] [10.0] [cxt 0] Deparser 'deparser': start
[17:38:51.581] [bmv2] [D] [thread 13561] [10.0] [cxt 0] Deparser 'deparser': end
[17:38:51.582] [bmv2] [D] [thread 13564] [10.0] [cxt 0] Transmitting packet of size 98 out of port 1
[17:39:01.877] [bmv2] [D] [thread 13559] [11.0] [cxt 0] Processing packet received on port 2
[17:39:01.890] [bmv2] [D] [thread 13559] [11.0] [cxt 0] Parser 'parser': start
[17:39:01.891] [bmv2] [D] [thread 13559] [11.0] [cxt 0] Parser 'parser' entering state 'start'
[17:39:01.892] [bmv2] [D] [thread 13559] [11.0] [cxt 0] Parser state 'start' has no switch, going to default next state
[17:39:01.892] [bmv2] [T] [thread 13559] [11.0] [cxt 0] Bytes parsed: 0
[17:39:01.893] [bmv2] [D] [thread 13559] [11.0] [cxt 0] Parser 'parser': end
[17:39:01.898] [bmv2] [D] [thread 13559] [11.0] [cxt 0] Pipeline 'ingress': start
[17:39:01.901] [bmv2] [T] [thread 13559] [11.0] [cxt 0] /home/p4/git/src/repeater_without_table.p4(49) Condition "standard_metadata.ingress_port == 1" (node_2) is false
[17:39:01.901] [bmv2] [T] [thread 13559] [11.0] [cxt 0] /home/p4/git/src/repeater_without_table.p4(54) Condition "standard_metadata.ingress_port == 2" (node_4) is true
[17:39:01.906] [bmv2] [T] [thread 13559] [11.0] [cxt 0] Applying table 'tbl_repeater_without_table55'
[17:39:01.908] [bmv2] [D] [thread 13559] [11.0] [cxt 0] Looking up key:

[17:39:01.908] [bmv2] [D] [thread 13559] [11.0] [cxt 0] Table 'tbl_repeater_without_table55': miss
[17:39:01.914] [bmv2] [D] [thread 13559] [11.0] [cxt 0] Action entry is repeater_without_table55 - 
[17:39:01.914] [bmv2] [T] [thread 13559] [11.0] [cxt 0] Action repeater_without_table55
[17:39:01.915] [bmv2] [T] [thread 13559] [11.0] [cxt 0] /home/p4/git/src/repeater_without_table.p4(55) Primitive standard_metadata.egress_spec = 1
[17:39:01.916] [bmv2] [D] [thread 13559] [11.0] [cxt 0] Pipeline 'ingress': end
[17:39:01.916] [bmv2] [D] [thread 13559] [11.0] [cxt 0] Egress port is 1
[17:39:01.924] [bmv2] [D] [thread 13561] [11.0] [cxt 0] Pipeline 'egress': start
[17:39:01.928] [bmv2] [D] [thread 13561] [11.0] [cxt 0] Pipeline 'egress': end
[17:39:01.929] [bmv2] [D] [thread 13561] [11.0] [cxt 0] Deparser 'deparser': start
[17:39:01.932] [bmv2] [D] [thread 13561] [11.0] [cxt 0] Deparser 'deparser': end
[17:39:01.934] [bmv2] [D] [thread 13564] [11.0] [cxt 0] Transmitting packet of size 98 out of port 1
[17:39:11.911] [bmv2] [D] [thread 13559] [12.0] [cxt 0] Processing packet received on port 2
[17:39:11.912] [bmv2] [D] [thread 13559] [12.0] [cxt 0] Parser 'parser': start
[17:39:11.912] [bmv2] [D] [thread 13559] [12.0] [cxt 0] Parser 'parser' entering state 'start'
[17:39:11.912] [bmv2] [D] [thread 13559] [12.0] [cxt 0] Parser state 'start' has no switch, going to default next state
[17:39:11.912] [bmv2] [T] [thread 13559] [12.0] [cxt 0] Bytes parsed: 0
[17:39:11.912] [bmv2] [D] [thread 13559] [12.0] [cxt 0] Parser 'parser': end
[17:39:11.912] [bmv2] [D] [thread 13559] [12.0] [cxt 0] Pipeline 'ingress': start
[17:39:11.913] [bmv2] [T] [thread 13559] [12.0] [cxt 0] /home/p4/git/src/repeater_without_table.p4(49) Condition "standard_metadata.ingress_port == 1" (node_2) is false
[17:39:11.913] [bmv2] [T] [thread 13559] [12.0] [cxt 0] /home/p4/git/src/repeater_without_table.p4(54) Condition "standard_metadata.ingress_port == 2" (node_4) is true
[17:39:11.913] [bmv2] [T] [thread 13559] [12.0] [cxt 0] Applying table 'tbl_repeater_without_table55'
[17:39:11.913] [bmv2] [D] [thread 13559] [12.0] [cxt 0] Looking up key:

[17:39:11.913] [bmv2] [D] [thread 13559] [12.0] [cxt 0] Table 'tbl_repeater_without_table55': miss
[17:39:11.913] [bmv2] [D] [thread 13559] [12.0] [cxt 0] Action entry is repeater_without_table55 - 
[17:39:11.915] [bmv2] [T] [thread 13559] [12.0] [cxt 0] Action repeater_without_table55
[17:39:11.915] [bmv2] [T] [thread 13559] [12.0] [cxt 0] /home/p4/git/src/repeater_without_table.p4(55) Primitive standard_metadata.egress_spec = 1
[17:39:11.915] [bmv2] [D] [thread 13559] [12.0] [cxt 0] Pipeline 'ingress': end
[17:39:11.915] [bmv2] [D] [thread 13559] [12.0] [cxt 0] Egress port is 1
[17:39:11.916] [bmv2] [D] [thread 13561] [12.0] [cxt 0] Pipeline 'egress': start
[17:39:11.916] [bmv2] [D] [thread 13561] [12.0] [cxt 0] Pipeline 'egress': end
[17:39:11.916] [bmv2] [D] [thread 13561] [12.0] [cxt 0] Deparser 'deparser': start
[17:39:11.916] [bmv2] [D] [thread 13561] [12.0] [cxt 0] Deparser 'deparser': end
[17:39:11.916] [bmv2] [D] [thread 13564] [12.0] [cxt 0] Transmitting packet of size 98 out of port 1
[17:39:21.956] [bmv2] [D] [thread 13559] [13.0] [cxt 0] Processing packet received on port 2
[17:39:21.957] [bmv2] [D] [thread 13559] [13.0] [cxt 0] Parser 'parser': start
[17:39:21.957] [bmv2] [D] [thread 13559] [13.0] [cxt 0] Parser 'parser' entering state 'start'
[17:39:21.957] [bmv2] [D] [thread 13559] [13.0] [cxt 0] Parser state 'start' has no switch, going to default next state
[17:39:21.957] [bmv2] [T] [thread 13559] [13.0] [cxt 0] Bytes parsed: 0
[17:39:21.957] [bmv2] [D] [thread 13559] [13.0] [cxt 0] Parser 'parser': end
[17:39:21.957] [bmv2] [D] [thread 13559] [13.0] [cxt 0] Pipeline 'ingress': start
[17:39:21.958] [bmv2] [T] [thread 13559] [13.0] [cxt 0] /home/p4/git/src/repeater_without_table.p4(49) Condition "standard_metadata.ingress_port == 1" (node_2) is false
[17:39:21.958] [bmv2] [T] [thread 13559] [13.0] [cxt 0] /home/p4/git/src/repeater_without_table.p4(54) Condition "standard_metadata.ingress_port == 2" (node_4) is true
[17:39:21.958] [bmv2] [T] [thread 13559] [13.0] [cxt 0] Applying table 'tbl_repeater_without_table55'
[17:39:21.958] [bmv2] [D] [thread 13559] [13.0] [cxt 0] Looking up key:

[17:39:21.958] [bmv2] [D] [thread 13559] [13.0] [cxt 0] Table 'tbl_repeater_without_table55': miss
[17:39:21.959] [bmv2] [D] [thread 13559] [13.0] [cxt 0] Action entry is repeater_without_table55 - 
[17:39:21.959] [bmv2] [T] [thread 13559] [13.0] [cxt 0] Action repeater_without_table55
[17:39:21.959] [bmv2] [T] [thread 13559] [13.0] [cxt 0] /home/p4/git/src/repeater_without_table.p4(55) Primitive standard_metadata.egress_spec = 1
[17:39:21.959] [bmv2] [D] [thread 13559] [13.0] [cxt 0] Pipeline 'ingress': end
[17:39:21.959] [bmv2] [D] [thread 13559] [13.0] [cxt 0] Egress port is 1
[17:39:21.962] [bmv2] [D] [thread 13561] [13.0] [cxt 0] Pipeline 'egress': start
[17:39:21.963] [bmv2] [D] [thread 13561] [13.0] [cxt 0] Pipeline 'egress': end
[17:39:21.963] [bmv2] [D] [thread 13561] [13.0] [cxt 0] Deparser 'deparser': start
[17:39:21.964] [bmv2] [D] [thread 13561] [13.0] [cxt 0] Deparser 'deparser': end
[17:39:21.964] [bmv2] [D] [thread 13564] [13.0] [cxt 0] Transmitting packet of size 98 out of port 1
