Warning: you requested the nanomsg event logger, but bmv2 was compiled without -DBMELOG, and the event logger cannot be activated
Calling target program-options parser
[17:35:24.652] [bmv2] [D] [thread 13620] Set default default entry for table 'tbl_repeater_without_table50': repeater_without_table50 - 
[17:35:24.676] [bmv2] [D] [thread 13620] Set default default entry for table 'tbl_repeater_without_table55': repeater_without_table55 - 
Adding interface s3-eth1 as port 1
[17:35:24.729] [bmv2] [D] [thread 13620] Adding interface s3-eth1 as port 1
Adding interface s3-eth2 as port 2
[17:35:24.796] [bmv2] [D] [thread 13620] Adding interface s3-eth2 as port 2
Adding interface s3-eth3 as port 3
[17:35:24.836] [bmv2] [D] [thread 13620] Adding interface s3-eth3 as port 3
Adding interface s3-eth4 as port 4
[17:35:24.864] [bmv2] [D] [thread 13620] Adding interface s3-eth4 as port 4
Adding interface s3-eth5 as port 5
[17:35:24.895] [bmv2] [D] [thread 13620] Adding interface s3-eth5 as port 5
Adding interface s3-eth6 as port 6
[17:35:24.920] [bmv2] [D] [thread 13620] Adding interface s3-eth6 as port 6
Adding interface s3-eth7 as port 7
[17:35:24.968] [bmv2] [D] [thread 13620] Adding interface s3-eth7 as port 7
Adding interface s3-eth8 as port 8
[17:35:25.001] [bmv2] [D] [thread 13620] Adding interface s3-eth8 as port 8
[17:35:25.066] [bmv2] [I] [thread 13620] Starting Thrift server on port 9093
[17:35:25.122] [bmv2] [I] [thread 13620] Thrift server was started
[17:35:25.475] [bmv2] [D] [thread 13637] [0.0] [cxt 0] Processing packet received on port 7
[17:35:25.486] [bmv2] [D] [thread 13637] [0.0] [cxt 0] Parser 'parser': start
[17:35:25.487] [bmv2] [D] [thread 13637] [0.0] [cxt 0] Parser 'parser' entering state 'start'
[17:35:25.488] [bmv2] [D] [thread 13637] [0.0] [cxt 0] Parser state 'start' has no switch, going to default next state
[17:35:25.489] [bmv2] [T] [thread 13637] [0.0] [cxt 0] Bytes parsed: 0
[17:35:25.498] [bmv2] [D] [thread 13637] [0.0] [cxt 0] Parser 'parser': end
[17:35:25.499] [bmv2] [D] [thread 13637] [0.0] [cxt 0] Pipeline 'ingress': start
[17:35:25.520] [bmv2] [T] [thread 13637] [0.0] [cxt 0] /home/p4/git/src/repeater_without_table.p4(49) Condition "standard_metadata.ingress_port == 1" (node_2) is false
[17:35:25.521] [bmv2] [T] [thread 13637] [0.0] [cxt 0] /home/p4/git/src/repeater_without_table.p4(54) Condition "standard_metadata.ingress_port == 2" (node_4) is false
[17:35:25.530] [bmv2] [D] [thread 13637] [0.0] [cxt 0] Pipeline 'ingress': end
[17:35:25.534] [bmv2] [D] [thread 13637] [0.0] [cxt 0] Egress port is 0
[17:35:25.551] [bmv2] [D] [thread 13638] [0.0] [cxt 0] Pipeline 'egress': start
[17:35:25.562] [bmv2] [D] [thread 13638] [0.0] [cxt 0] Pipeline 'egress': end
[17:35:25.562] [bmv2] [D] [thread 13638] [0.0] [cxt 0] Deparser 'deparser': start
[17:35:25.563] [bmv2] [D] [thread 13638] [0.0] [cxt 0] Deparser 'deparser': end
[17:35:25.566] [bmv2] [D] [thread 13642] [0.0] [cxt 0] Transmitting packet of size 70 out of port 0
[17:35:25.948] [bmv2] [D] [thread 13637] [1.0] [cxt 0] Processing packet received on port 7
[17:35:25.948] [bmv2] [D] [thread 13637] [1.0] [cxt 0] Parser 'parser': start
[17:35:25.948] [bmv2] [D] [thread 13637] [1.0] [cxt 0] Parser 'parser' entering state 'start'
[17:35:25.948] [bmv2] [D] [thread 13637] [1.0] [cxt 0] Parser state 'start' has no switch, going to default next state
[17:35:25.949] [bmv2] [T] [thread 13637] [1.0] [cxt 0] Bytes parsed: 0
[17:35:25.949] [bmv2] [D] [thread 13637] [1.0] [cxt 0] Parser 'parser': end
[17:35:25.949] [bmv2] [D] [thread 13637] [1.0] [cxt 0] Pipeline 'ingress': start
[17:35:25.949] [bmv2] [T] [thread 13637] [1.0] [cxt 0] /home/p4/git/src/repeater_without_table.p4(49) Condition "standard_metadata.ingress_port == 1" (node_2) is false
[17:35:25.949] [bmv2] [T] [thread 13637] [1.0] [cxt 0] /home/p4/git/src/repeater_without_table.p4(54) Condition "standard_metadata.ingress_port == 2" (node_4) is false
[17:35:25.949] [bmv2] [D] [thread 13637] [1.0] [cxt 0] Pipeline 'ingress': end
[17:35:25.950] [bmv2] [D] [thread 13637] [1.0] [cxt 0] Egress port is 0
[17:35:25.950] [bmv2] [D] [thread 13638] [1.0] [cxt 0] Pipeline 'egress': start
[17:35:25.950] [bmv2] [D] [thread 13638] [1.0] [cxt 0] Pipeline 'egress': end
[17:35:25.950] [bmv2] [D] [thread 13638] [1.0] [cxt 0] Deparser 'deparser': start
[17:35:25.951] [bmv2] [D] [thread 13638] [1.0] [cxt 0] Deparser 'deparser': end
[17:35:25.958] [bmv2] [D] [thread 13642] [1.0] [cxt 0] Transmitting packet of size 70 out of port 0
[17:35:26.983] [bmv2] [D] [thread 13637] [2.0] [cxt 0] Processing packet received on port 4
[17:35:26.984] [bmv2] [D] [thread 13637] [2.0] [cxt 0] Parser 'parser': start
[17:35:26.984] [bmv2] [D] [thread 13637] [2.0] [cxt 0] Parser 'parser' entering state 'start'
[17:35:26.984] [bmv2] [D] [thread 13637] [2.0] [cxt 0] Parser state 'start' has no switch, going to default next state
[17:35:26.984] [bmv2] [T] [thread 13637] [2.0] [cxt 0] Bytes parsed: 0
[17:35:26.984] [bmv2] [D] [thread 13637] [2.0] [cxt 0] Parser 'parser': end
[17:35:26.984] [bmv2] [D] [thread 13637] [2.0] [cxt 0] Pipeline 'ingress': start
[17:35:26.984] [bmv2] [T] [thread 13637] [2.0] [cxt 0] /home/p4/git/src/repeater_without_table.p4(49) Condition "standard_metadata.ingress_port == 1" (node_2) is false
[17:35:26.985] [bmv2] [T] [thread 13637] [2.0] [cxt 0] /home/p4/git/src/repeater_without_table.p4(54) Condition "standard_metadata.ingress_port == 2" (node_4) is false
[17:35:26.985] [bmv2] [D] [thread 13637] [2.0] [cxt 0] Pipeline 'ingress': end
[17:35:26.985] [bmv2] [D] [thread 13637] [2.0] [cxt 0] Egress port is 0
[17:35:26.999] [bmv2] [D] [thread 13638] [2.0] [cxt 0] Pipeline 'egress': start
[17:35:26.999] [bmv2] [D] [thread 13638] [2.0] [cxt 0] Pipeline 'egress': end
[17:35:26.999] [bmv2] [D] [thread 13638] [2.0] [cxt 0] Deparser 'deparser': start
[17:35:26.999] [bmv2] [D] [thread 13638] [2.0] [cxt 0] Deparser 'deparser': end
[17:35:27.002] [bmv2] [D] [thread 13642] [2.0] [cxt 0] Transmitting packet of size 70 out of port 0
[17:35:27.002] [bmv2] [D] [thread 13637] [3.0] [cxt 0] Processing packet received on port 5
[17:35:27.003] [bmv2] [D] [thread 13637] [3.0] [cxt 0] Parser 'parser': start
[17:35:27.003] [bmv2] [D] [thread 13637] [3.0] [cxt 0] Parser 'parser' entering state 'start'
[17:35:27.003] [bmv2] [D] [thread 13637] [3.0] [cxt 0] Parser state 'start' has no switch, going to default next state
[17:35:27.003] [bmv2] [T] [thread 13637] [3.0] [cxt 0] Bytes parsed: 0
[17:35:27.003] [bmv2] [D] [thread 13637] [3.0] [cxt 0] Parser 'parser': end
[17:35:27.003] [bmv2] [D] [thread 13637] [3.0] [cxt 0] Pipeline 'ingress': start
[17:35:27.003] [bmv2] [T] [thread 13637] [3.0] [cxt 0] /home/p4/git/src/repeater_without_table.p4(49) Condition "standard_metadata.ingress_port == 1" (node_2) is false
[17:35:27.004] [bmv2] [T] [thread 13637] [3.0] [cxt 0] /home/p4/git/src/repeater_without_table.p4(54) Condition "standard_metadata.ingress_port == 2" (node_4) is false
[17:35:27.004] [bmv2] [D] [thread 13637] [3.0] [cxt 0] Pipeline 'ingress': end
[17:35:27.004] [bmv2] [D] [thread 13637] [3.0] [cxt 0] Egress port is 0
[17:35:27.019] [bmv2] [D] [thread 13638] [3.0] [cxt 0] Pipeline 'egress': start
[17:35:27.019] [bmv2] [D] [thread 13638] [3.0] [cxt 0] Pipeline 'egress': end
[17:35:27.019] [bmv2] [D] [thread 13638] [3.0] [cxt 0] Deparser 'deparser': start
[17:35:27.019] [bmv2] [D] [thread 13638] [3.0] [cxt 0] Deparser 'deparser': end
[17:35:27.020] [bmv2] [D] [thread 13642] [3.0] [cxt 0] Transmitting packet of size 70 out of port 0
[17:35:27.020] [bmv2] [D] [thread 13637] [4.0] [cxt 0] Processing packet received on port 5
[17:35:27.020] [bmv2] [D] [thread 13637] [4.0] [cxt 0] Parser 'parser': start
[17:35:27.020] [bmv2] [D] [thread 13637] [4.0] [cxt 0] Parser 'parser' entering state 'start'
[17:35:27.020] [bmv2] [D] [thread 13637] [4.0] [cxt 0] Parser state 'start' has no switch, going to default next state
[17:35:27.020] [bmv2] [T] [thread 13637] [4.0] [cxt 0] Bytes parsed: 0
[17:35:27.021] [bmv2] [D] [thread 13637] [4.0] [cxt 0] Parser 'parser': end
[17:35:27.021] [bmv2] [D] [thread 13637] [4.0] [cxt 0] Pipeline 'ingress': start
[17:35:27.021] [bmv2] [T] [thread 13637] [4.0] [cxt 0] /home/p4/git/src/repeater_without_table.p4(49) Condition "standard_metadata.ingress_port == 1" (node_2) is false
[17:35:27.034] [bmv2] [T] [thread 13637] [4.0] [cxt 0] /home/p4/git/src/repeater_without_table.p4(54) Condition "standard_metadata.ingress_port == 2" (node_4) is false
[17:35:27.034] [bmv2] [D] [thread 13637] [4.0] [cxt 0] Pipeline 'ingress': end
[17:35:27.035] [bmv2] [D] [thread 13637] [4.0] [cxt 0] Egress port is 0
[17:35:27.035] [bmv2] [D] [thread 13638] [4.0] [cxt 0] Pipeline 'egress': start
[17:35:27.035] [bmv2] [D] [thread 13638] [4.0] [cxt 0] Pipeline 'egress': end
[17:35:27.035] [bmv2] [D] [thread 13638] [4.0] [cxt 0] Deparser 'deparser': start
[17:35:27.036] [bmv2] [D] [thread 13638] [4.0] [cxt 0] Deparser 'deparser': end
[17:35:27.038] [bmv2] [D] [thread 13642] [4.0] [cxt 0] Transmitting packet of size 70 out of port 0
[17:35:29.026] [bmv2] [D] [thread 13637] [5.0] [cxt 0] Processing packet received on port 6
[17:35:29.027] [bmv2] [D] [thread 13637] [5.0] [cxt 0] Parser 'parser': start
[17:35:29.027] [bmv2] [D] [thread 13637] [5.0] [cxt 0] Parser 'parser' entering state 'start'
[17:35:29.027] [bmv2] [D] [thread 13637] [5.0] [cxt 0] Parser state 'start' has no switch, going to default next state
[17:35:29.027] [bmv2] [T] [thread 13637] [5.0] [cxt 0] Bytes parsed: 0
[17:35:29.028] [bmv2] [D] [thread 13637] [5.0] [cxt 0] Parser 'parser': end
[17:35:29.028] [bmv2] [D] [thread 13637] [5.0] [cxt 0] Pipeline 'ingress': start
[17:35:29.028] [bmv2] [T] [thread 13637] [5.0] [cxt 0] /home/p4/git/src/repeater_without_table.p4(49) Condition "standard_metadata.ingress_port == 1" (node_2) is false
[17:35:29.028] [bmv2] [T] [thread 13637] [5.0] [cxt 0] /home/p4/git/src/repeater_without_table.p4(54) Condition "standard_metadata.ingress_port == 2" (node_4) is false
[17:35:29.028] [bmv2] [D] [thread 13637] [5.0] [cxt 0] Pipeline 'ingress': end
[17:35:29.029] [bmv2] [D] [thread 13637] [5.0] [cxt 0] Egress port is 0
[17:35:29.038] [bmv2] [D] [thread 13638] [5.0] [cxt 0] Pipeline 'egress': start
[17:35:29.039] [bmv2] [D] [thread 13638] [5.0] [cxt 0] Pipeline 'egress': end
[17:35:29.039] [bmv2] [D] [thread 13638] [5.0] [cxt 0] Deparser 'deparser': start
[17:35:29.039] [bmv2] [D] [thread 13638] [5.0] [cxt 0] Deparser 'deparser': end
[17:35:29.054] [bmv2] [D] [thread 13642] [5.0] [cxt 0] Transmitting packet of size 70 out of port 0
[17:35:29.055] [bmv2] [D] [thread 13637] [6.0] [cxt 0] Processing packet received on port 8
[17:35:29.056] [bmv2] [D] [thread 13637] [6.0] [cxt 0] Parser 'parser': start
[17:35:29.056] [bmv2] [D] [thread 13637] [6.0] [cxt 0] Parser 'parser' entering state 'start'
[17:35:29.056] [bmv2] [D] [thread 13637] [6.0] [cxt 0] Parser state 'start' has no switch, going to default next state
[17:35:29.056] [bmv2] [T] [thread 13637] [6.0] [cxt 0] Bytes parsed: 0
[17:35:29.056] [bmv2] [D] [thread 13637] [6.0] [cxt 0] Parser 'parser': end
[17:35:29.056] [bmv2] [D] [thread 13637] [6.0] [cxt 0] Pipeline 'ingress': start
[17:35:29.057] [bmv2] [T] [thread 13637] [6.0] [cxt 0] /home/p4/git/src/repeater_without_table.p4(49) Condition "standard_metadata.ingress_port == 1" (node_2) is false
[17:35:29.057] [bmv2] [T] [thread 13637] [6.0] [cxt 0] /home/p4/git/src/repeater_without_table.p4(54) Condition "standard_metadata.ingress_port == 2" (node_4) is false
[17:35:29.057] [bmv2] [D] [thread 13637] [6.0] [cxt 0] Pipeline 'ingress': end
[17:35:29.057] [bmv2] [D] [thread 13637] [6.0] [cxt 0] Egress port is 0
[17:35:29.075] [bmv2] [D] [thread 13638] [6.0] [cxt 0] Pipeline 'egress': start
[17:35:29.075] [bmv2] [D] [thread 13638] [6.0] [cxt 0] Pipeline 'egress': end
[17:35:29.075] [bmv2] [D] [thread 13638] [6.0] [cxt 0] Deparser 'deparser': start
[17:35:29.075] [bmv2] [D] [thread 13638] [6.0] [cxt 0] Deparser 'deparser': end
[17:35:29.075] [bmv2] [D] [thread 13642] [6.0] [cxt 0] Transmitting packet of size 70 out of port 0
[17:35:31.070] [bmv2] [D] [thread 13637] [7.0] [cxt 0] Processing packet received on port 8
[17:35:31.070] [bmv2] [D] [thread 13637] [7.0] [cxt 0] Parser 'parser': start
[17:35:31.070] [bmv2] [D] [thread 13637] [7.0] [cxt 0] Parser 'parser' entering state 'start'
[17:35:31.071] [bmv2] [D] [thread 13637] [7.0] [cxt 0] Parser state 'start' has no switch, going to default next state
[17:35:31.071] [bmv2] [T] [thread 13637] [7.0] [cxt 0] Bytes parsed: 0
[17:35:31.071] [bmv2] [D] [thread 13637] [7.0] [cxt 0] Parser 'parser': end
[17:35:31.071] [bmv2] [D] [thread 13637] [7.0] [cxt 0] Pipeline 'ingress': start
[17:35:31.071] [bmv2] [T] [thread 13637] [7.0] [cxt 0] /home/p4/git/src/repeater_without_table.p4(49) Condition "standard_metadata.ingress_port == 1" (node_2) is false
[17:35:31.071] [bmv2] [T] [thread 13637] [7.0] [cxt 0] /home/p4/git/src/repeater_without_table.p4(54) Condition "standard_metadata.ingress_port == 2" (node_4) is false
[17:35:31.071] [bmv2] [D] [thread 13637] [7.0] [cxt 0] Pipeline 'ingress': end
[17:35:31.072] [bmv2] [D] [thread 13637] [7.0] [cxt 0] Egress port is 0
[17:35:31.080] [bmv2] [D] [thread 13638] [7.0] [cxt 0] Pipeline 'egress': start
[17:35:31.080] [bmv2] [D] [thread 13638] [7.0] [cxt 0] Pipeline 'egress': end
[17:35:31.080] [bmv2] [D] [thread 13638] [7.0] [cxt 0] Deparser 'deparser': start
[17:35:31.080] [bmv2] [D] [thread 13638] [7.0] [cxt 0] Deparser 'deparser': end
[17:35:31.091] [bmv2] [D] [thread 13642] [7.0] [cxt 0] Transmitting packet of size 70 out of port 0
[17:40:32.598] [bmv2] [D] [thread 13637] [8.0] [cxt 0] Processing packet received on port 4
[17:40:32.603] [bmv2] [D] [thread 13637] [8.0] [cxt 0] Parser 'parser': start
[17:40:32.604] [bmv2] [D] [thread 13637] [8.0] [cxt 0] Parser 'parser' entering state 'start'
[17:40:32.606] [bmv2] [D] [thread 13637] [8.0] [cxt 0] Parser state 'start' has no switch, going to default next state
[17:40:32.607] [bmv2] [T] [thread 13637] [8.0] [cxt 0] Bytes parsed: 0
[17:40:32.608] [bmv2] [D] [thread 13637] [8.0] [cxt 0] Parser 'parser': end
[17:40:32.610] [bmv2] [D] [thread 13637] [8.0] [cxt 0] Pipeline 'ingress': start
[17:40:32.613] [bmv2] [T] [thread 13637] [8.0] [cxt 0] /home/p4/git/src/repeater_without_table.p4(49) Condition "standard_metadata.ingress_port == 1" (node_2) is false
[17:40:32.615] [bmv2] [T] [thread 13637] [8.0] [cxt 0] /home/p4/git/src/repeater_without_table.p4(54) Condition "standard_metadata.ingress_port == 2" (node_4) is false
[17:40:32.615] [bmv2] [D] [thread 13637] [8.0] [cxt 0] Pipeline 'ingress': end
[17:40:32.616] [bmv2] [D] [thread 13637] [8.0] [cxt 0] Egress port is 0
[17:40:32.621] [bmv2] [D] [thread 13638] [8.0] [cxt 0] Pipeline 'egress': start
[17:40:32.622] [bmv2] [D] [thread 13638] [8.0] [cxt 0] Pipeline 'egress': end
[17:40:32.623] [bmv2] [D] [thread 13638] [8.0] [cxt 0] Deparser 'deparser': start
[17:40:32.624] [bmv2] [D] [thread 13638] [8.0] [cxt 0] Deparser 'deparser': end
[17:40:32.627] [bmv2] [D] [thread 13642] [8.0] [cxt 0] Transmitting packet of size 98 out of port 0
[17:40:42.649] [bmv2] [D] [thread 13637] [9.0] [cxt 0] Processing packet received on port 4
[17:40:42.650] [bmv2] [D] [thread 13637] [9.0] [cxt 0] Parser 'parser': start
[17:40:42.651] [bmv2] [D] [thread 13637] [9.0] [cxt 0] Parser 'parser' entering state 'start'
[17:40:42.651] [bmv2] [D] [thread 13637] [9.0] [cxt 0] Parser state 'start' has no switch, going to default next state
[17:40:42.651] [bmv2] [T] [thread 13637] [9.0] [cxt 0] Bytes parsed: 0
[17:40:42.651] [bmv2] [D] [thread 13637] [9.0] [cxt 0] Parser 'parser': end
[17:40:42.651] [bmv2] [D] [thread 13637] [9.0] [cxt 0] Pipeline 'ingress': start
[17:40:42.651] [bmv2] [T] [thread 13637] [9.0] [cxt 0] /home/p4/git/src/repeater_without_table.p4(49) Condition "standard_metadata.ingress_port == 1" (node_2) is false
[17:40:42.651] [bmv2] [T] [thread 13637] [9.0] [cxt 0] /home/p4/git/src/repeater_without_table.p4(54) Condition "standard_metadata.ingress_port == 2" (node_4) is false
[17:40:42.651] [bmv2] [D] [thread 13637] [9.0] [cxt 0] Pipeline 'ingress': end
[17:40:42.652] [bmv2] [D] [thread 13637] [9.0] [cxt 0] Egress port is 0
[17:40:42.652] [bmv2] [D] [thread 13638] [9.0] [cxt 0] Pipeline 'egress': start
[17:40:42.652] [bmv2] [D] [thread 13638] [9.0] [cxt 0] Pipeline 'egress': end
[17:40:42.652] [bmv2] [D] [thread 13638] [9.0] [cxt 0] Deparser 'deparser': start
[17:40:42.652] [bmv2] [D] [thread 13638] [9.0] [cxt 0] Deparser 'deparser': end
[17:40:42.653] [bmv2] [D] [thread 13642] [9.0] [cxt 0] Transmitting packet of size 98 out of port 0
[17:40:52.713] [bmv2] [D] [thread 13637] [10.0] [cxt 0] Processing packet received on port 4
[17:40:52.713] [bmv2] [D] [thread 13637] [10.0] [cxt 0] Parser 'parser': start
[17:40:52.713] [bmv2] [D] [thread 13637] [10.0] [cxt 0] Parser 'parser' entering state 'start'
[17:40:52.713] [bmv2] [D] [thread 13637] [10.0] [cxt 0] Parser state 'start' has no switch, going to default next state
[17:40:52.717] [bmv2] [T] [thread 13637] [10.0] [cxt 0] Bytes parsed: 0
[17:40:52.717] [bmv2] [D] [thread 13637] [10.0] [cxt 0] Parser 'parser': end
[17:40:52.718] [bmv2] [D] [thread 13637] [10.0] [cxt 0] Pipeline 'ingress': start
[17:40:52.719] [bmv2] [T] [thread 13637] [10.0] [cxt 0] /home/p4/git/src/repeater_without_table.p4(49) Condition "standard_metadata.ingress_port == 1" (node_2) is false
[17:40:52.719] [bmv2] [T] [thread 13637] [10.0] [cxt 0] /home/p4/git/src/repeater_without_table.p4(54) Condition "standard_metadata.ingress_port == 2" (node_4) is false
[17:40:52.719] [bmv2] [D] [thread 13637] [10.0] [cxt 0] Pipeline 'ingress': end
[17:40:52.719] [bmv2] [D] [thread 13637] [10.0] [cxt 0] Egress port is 0
[17:40:52.721] [bmv2] [D] [thread 13638] [10.0] [cxt 0] Pipeline 'egress': start
[17:40:52.722] [bmv2] [D] [thread 13638] [10.0] [cxt 0] Pipeline 'egress': end
[17:40:52.723] [bmv2] [D] [thread 13638] [10.0] [cxt 0] Deparser 'deparser': start
[17:40:52.723] [bmv2] [D] [thread 13638] [10.0] [cxt 0] Deparser 'deparser': end
[17:40:52.723] [bmv2] [D] [thread 13642] [10.0] [cxt 0] Transmitting packet of size 98 out of port 0
[17:41:02.876] [bmv2] [D] [thread 13637] [11.0] [cxt 0] Processing packet received on port 4
[17:41:02.882] [bmv2] [D] [thread 13637] [11.0] [cxt 0] Parser 'parser': start
[17:41:02.884] [bmv2] [D] [thread 13637] [11.0] [cxt 0] Parser 'parser' entering state 'start'
[17:41:02.885] [bmv2] [D] [thread 13637] [11.0] [cxt 0] Parser state 'start' has no switch, going to default next state
[17:41:02.886] [bmv2] [T] [thread 13637] [11.0] [cxt 0] Bytes parsed: 0
[17:41:02.888] [bmv2] [D] [thread 13637] [11.0] [cxt 0] Parser 'parser': end
[17:41:02.889] [bmv2] [D] [thread 13637] [11.0] [cxt 0] Pipeline 'ingress': start
[17:41:02.892] [bmv2] [T] [thread 13637] [11.0] [cxt 0] /home/p4/git/src/repeater_without_table.p4(49) Condition "standard_metadata.ingress_port == 1" (node_2) is false
[17:41:02.894] [bmv2] [T] [thread 13637] [11.0] [cxt 0] /home/p4/git/src/repeater_without_table.p4(54) Condition "standard_metadata.ingress_port == 2" (node_4) is false
[17:41:02.895] [bmv2] [D] [thread 13637] [11.0] [cxt 0] Pipeline 'ingress': end
[17:41:02.896] [bmv2] [D] [thread 13637] [11.0] [cxt 0] Egress port is 0
[17:41:02.901] [bmv2] [D] [thread 13638] [11.0] [cxt 0] Pipeline 'egress': start
[17:41:02.902] [bmv2] [D] [thread 13638] [11.0] [cxt 0] Pipeline 'egress': end
[17:41:02.903] [bmv2] [D] [thread 13638] [11.0] [cxt 0] Deparser 'deparser': start
[17:41:02.905] [bmv2] [D] [thread 13638] [11.0] [cxt 0] Deparser 'deparser': end
[17:41:02.906] [bmv2] [D] [thread 13642] [11.0] [cxt 0] Transmitting packet of size 98 out of port 0
[17:41:12.906] [bmv2] [D] [thread 13637] [12.0] [cxt 0] Processing packet received on port 4
[17:41:12.906] [bmv2] [D] [thread 13637] [12.0] [cxt 0] Parser 'parser': start
[17:41:12.906] [bmv2] [D] [thread 13637] [12.0] [cxt 0] Parser 'parser' entering state 'start'
[17:41:12.906] [bmv2] [D] [thread 13637] [12.0] [cxt 0] Parser state 'start' has no switch, going to default next state
[17:41:12.906] [bmv2] [T] [thread 13637] [12.0] [cxt 0] Bytes parsed: 0
[17:41:12.906] [bmv2] [D] [thread 13637] [12.0] [cxt 0] Parser 'parser': end
[17:41:12.907] [bmv2] [D] [thread 13637] [12.0] [cxt 0] Pipeline 'ingress': start
[17:41:12.907] [bmv2] [T] [thread 13637] [12.0] [cxt 0] /home/p4/git/src/repeater_without_table.p4(49) Condition "standard_metadata.ingress_port == 1" (node_2) is false
[17:41:12.908] [bmv2] [T] [thread 13637] [12.0] [cxt 0] /home/p4/git/src/repeater_without_table.p4(54) Condition "standard_metadata.ingress_port == 2" (node_4) is false
[17:41:12.908] [bmv2] [D] [thread 13637] [12.0] [cxt 0] Pipeline 'ingress': end
[17:41:12.908] [bmv2] [D] [thread 13637] [12.0] [cxt 0] Egress port is 0
[17:41:12.912] [bmv2] [D] [thread 13638] [12.0] [cxt 0] Pipeline 'egress': start
[17:41:12.913] [bmv2] [D] [thread 13638] [12.0] [cxt 0] Pipeline 'egress': end
[17:41:12.914] [bmv2] [D] [thread 13638] [12.0] [cxt 0] Deparser 'deparser': start
[17:41:12.915] [bmv2] [D] [thread 13638] [12.0] [cxt 0] Deparser 'deparser': end
[17:41:12.916] [bmv2] [D] [thread 13642] [12.0] [cxt 0] Transmitting packet of size 98 out of port 0
[17:41:22.957] [bmv2] [D] [thread 13637] [13.0] [cxt 0] Processing packet received on port 4
[17:41:22.957] [bmv2] [D] [thread 13637] [13.0] [cxt 0] Parser 'parser': start
[17:41:22.957] [bmv2] [D] [thread 13637] [13.0] [cxt 0] Parser 'parser' entering state 'start'
[17:41:22.957] [bmv2] [D] [thread 13637] [13.0] [cxt 0] Parser state 'start' has no switch, going to default next state
[17:41:22.960] [bmv2] [T] [thread 13637] [13.0] [cxt 0] Bytes parsed: 0
[17:41:22.960] [bmv2] [D] [thread 13637] [13.0] [cxt 0] Parser 'parser': end
[17:41:22.960] [bmv2] [D] [thread 13637] [13.0] [cxt 0] Pipeline 'ingress': start
[17:41:22.960] [bmv2] [T] [thread 13637] [13.0] [cxt 0] /home/p4/git/src/repeater_without_table.p4(49) Condition "standard_metadata.ingress_port == 1" (node_2) is false
[17:41:22.961] [bmv2] [T] [thread 13637] [13.0] [cxt 0] /home/p4/git/src/repeater_without_table.p4(54) Condition "standard_metadata.ingress_port == 2" (node_4) is false
[17:41:22.961] [bmv2] [D] [thread 13637] [13.0] [cxt 0] Pipeline 'ingress': end
[17:41:22.961] [bmv2] [D] [thread 13637] [13.0] [cxt 0] Egress port is 0
[17:41:22.963] [bmv2] [D] [thread 13638] [13.0] [cxt 0] Pipeline 'egress': start
[17:41:22.964] [bmv2] [D] [thread 13638] [13.0] [cxt 0] Pipeline 'egress': end
[17:41:22.965] [bmv2] [D] [thread 13638] [13.0] [cxt 0] Deparser 'deparser': start
[17:41:22.966] [bmv2] [D] [thread 13638] [13.0] [cxt 0] Deparser 'deparser': end
[17:41:22.967] [bmv2] [D] [thread 13642] [13.0] [cxt 0] Transmitting packet of size 98 out of port 0
